19:16:59 **** Incremental Build of configuration Debug for project PrimeiroPrograma ****
make -j12 all 
arm-none-eabi-size   PrimeiroPrograma.elf 
   text	   data	    bss	    dec	    hex	filename
   6308	     20	   1572	   7900	   1edc	PrimeiroPrograma.elf
Finished building: default.size.stdout
 
19:20:14 **** Incremental Build of configuration Debug for project PrimeiroPrograma ****
make -j12 all 
arm-none-eabi-size   PrimeiroPrograma.elf 
   text	   data	    bss	    dec	    hex	filename
   6308	     20	   1572	   7900	   1edc	PrimeiroPrograma.elf
Finished building: default.size.stdout
 
19:21:33 **** Incremental Build of configuration Debug for project PrimeiroPrograma ****
make -j12 all 
arm-none-eabi-size   PrimeiroPrograma.elf 
   text	   data	    bss	    dec	    hex	filename
   6308	     20	   1572	   7900	   1edc	PrimeiroPrograma.elf
Finished building: default.size.stdout
 
19:25:39 **** Incremental Build of configuration Debug for project PrimeiroPrograma ****
make -j12 all 
arm-none-eabi-gcc "../Core/Src/main.c" -mcpu=cortex-m0plus -std=gnu11 -g3 -DDEBUG -DUSE_HAL_DRIVER -DSTM32L053xx -c -I../Core/Inc -I../Drivers/STM32L0xx_HAL_Driver/Inc -I../Drivers/STM32L0xx_HAL_Driver/Inc/Legacy -I../Drivers/CMSIS/Device/ST/STM32L0xx/Include -I../Drivers/CMSIS/Include -O0 -ffunction-sections -fdata-sections -Wall -fstack-usage -fcyclomatic-complexity -MMD -MP -MF"Core/Src/main.d" -MT"Core/Src/main.o" --specs=nano.specs -mfloat-abi=soft -mthumb -o "Core/Src/main.o"
arm-none-eabi-gcc -o "PrimeiroPrograma.elf" @"objects.list"   -mcpu=cortex-m0plus -T"C:\Users\ALUNO OC\Desktop\Guto\programing\Microcontroladores\001\PrimeiroPrograma\STM32L053R8TX_FLASH.ld" --specs=nosys.specs -Wl,-Map="PrimeiroPrograma.map" -Wl,--gc-sections -static --specs=nano.specs -mfloat-abi=soft -mthumb -Wl,--start-group -lc -lm -Wl,--end-group
Finished building target: PrimeiroPrograma.elf
 
arm-none-eabi-size   PrimeiroPrograma.elf 
arm-none-eabi-objdump -h -S  PrimeiroPrograma.elf  > "PrimeiroPrograma.list"
   text	   data	    bss	    dec	    hex	filename
   6256	     20	   1572	   7848	   1ea8	PrimeiroPrograma.elf
Finished building: default.size.stdout
 
Finished building: PrimeiroPrograma.list
 
19:35:22 **** Incremental Build of configuration Debug for project PrimeiroPrograma ****
make -j12 all 
arm-none-eabi-gcc "../Core/Src/main.c" -mcpu=cortex-m0plus -std=gnu11 -g3 -DDEBUG -DUSE_HAL_DRIVER -DSTM32L053xx -c -I../Core/Inc -I../Drivers/STM32L0xx_HAL_Driver/Inc -I../Drivers/STM32L0xx_HAL_Driver/Inc/Legacy -I../Drivers/CMSIS/Device/ST/STM32L0xx/Include -I../Drivers/CMSIS/Include -O0 -ffunction-sections -fdata-sections -Wall -fstack-usage -fcyclomatic-complexity -MMD -MP -MF"Core/Src/main.d" -MT"Core/Src/main.o" --specs=nano.specs -mfloat-abi=soft -mthumb -o "Core/Src/main.o"
arm-none-eabi-gcc "../Core/Src/stm32l0xx_hal_msp.c" -mcpu=cortex-m0plus -std=gnu11 -g3 -DDEBUG -DUSE_HAL_DRIVER -DSTM32L053xx -c -I../Core/Inc -I../Drivers/STM32L0xx_HAL_Driver/Inc -I../Drivers/STM32L0xx_HAL_Driver/Inc/Legacy -I../Drivers/CMSIS/Device/ST/STM32L0xx/Include -I../Drivers/CMSIS/Include -O0 -ffunction-sections -fdata-sections -Wall -fstack-usage -fcyclomatic-complexity -MMD -MP -MF"Core/Src/stm32l0xx_hal_msp.d" -MT"Core/Src/stm32l0xx_hal_msp.o" --specs=nano.specs -mfloat-abi=soft -mthumb -o "Core/Src/stm32l0xx_hal_msp.o"
arm-none-eabi-gcc "../Core/Src/stm32l0xx_it.c" -mcpu=cortex-m0plus -std=gnu11 -g3 -DDEBUG -DUSE_HAL_DRIVER -DSTM32L053xx -c -I../Core/Inc -I../Drivers/STM32L0xx_HAL_Driver/Inc -I../Drivers/STM32L0xx_HAL_Driver/Inc/Legacy -I../Drivers/CMSIS/Device/ST/STM32L0xx/Include -I../Drivers/CMSIS/Include -O0 -ffunction-sections -fdata-sections -Wall -fstack-usage -fcyclomatic-complexity -MMD -MP -MF"Core/Src/stm32l0xx_it.d" -MT"Core/Src/stm32l0xx_it.o" --specs=nano.specs -mfloat-abi=soft -mthumb -o "Core/Src/stm32l0xx_it.o"
arm-none-eabi-gcc -o "PrimeiroPrograma.elf" @"objects.list"   -mcpu=cortex-m0plus -T"C:\Users\ALUNO OC\Desktop\Guto\programing\Microcontroladores\001\PrimeiroPrograma\STM32L053R8TX_FLASH.ld" --specs=nosys.specs -Wl,-Map="PrimeiroPrograma.map" -Wl,--gc-sections -static --specs=nano.specs -mfloat-abi=soft -mthumb -Wl,--start-group -lc -lm -Wl,--end-group
Finished building target: PrimeiroPrograma.elf
 
arm-none-eabi-size   PrimeiroPrograma.elf 
arm-none-eabi-objdump -h -S  PrimeiroPrograma.elf  > "PrimeiroPrograma.list"
   text	   data	    bss	    dec	    hex	filename
   6248	     20	   1572	   7840	   1ea0	PrimeiroPrograma.elf
Finished building: default.size.stdout
 
Finished building: PrimeiroPrograma.list
 
19:36:44 **** Incremental Build of configuration Debug for project PrimeiroPrograma ****
make -j12 all 
arm-none-eabi-gcc "../Core/Src/main.c" -mcpu=cortex-m0plus -std=gnu11 -g3 -DDEBUG -DUSE_HAL_DRIVER -DSTM32L053xx -c -I../Core/Inc -I../Drivers/STM32L0xx_HAL_Driver/Inc -I../Drivers/STM32L0xx_HAL_Driver/Inc/Legacy -I../Drivers/CMSIS/Device/ST/STM32L0xx/Include -I../Drivers/CMSIS/Include -O0 -ffunction-sections -fdata-sections -Wall -fstack-usage -fcyclomatic-complexity -MMD -MP -MF"Core/Src/main.d" -MT"Core/Src/main.o" --specs=nano.specs -mfloat-abi=soft -mthumb -o "Core/Src/main.o"
arm-none-eabi-gcc -o "PrimeiroPrograma.elf" @"objects.list"   -mcpu=cortex-m0plus -T"C:\Users\ALUNO OC\Desktop\Guto\programing\Microcontroladores\001\PrimeiroPrograma\STM32L053R8TX_FLASH.ld" --specs=nosys.specs -Wl,-Map="PrimeiroPrograma.map" -Wl,--gc-sections -static --specs=nano.specs -mfloat-abi=soft -mthumb -Wl,--start-group -lc -lm -Wl,--end-group
Finished building target: PrimeiroPrograma.elf
 
arm-none-eabi-size   PrimeiroPrograma.elf 
arm-none-eabi-objdump -h -S  PrimeiroPrograma.elf  > "PrimeiroPrograma.list"
   text	   data	    bss	    dec	    hex	filename
   6296	     20	   1572	   7888	   1ed0	PrimeiroPrograma.elf
Finished building: default.size.stdout
 
Finished building: PrimeiroPrograma.list
 
19:52:41 **** Incremental Build of configuration Debug for project PrimeiroPrograma ****
make -j12 all 
arm-none-eabi-size   PrimeiroPrograma.elf 
   text	   data	    bss	    dec	    hex	filename
   6296	     20	   1572	   7888	   1ed0	PrimeiroPrograma.elf
Finished building: default.size.stdout
 
19:53:25 **** Incremental Build of configuration Debug for project PrimeiroPrograma ****
make -j12 all 
arm-none-eabi-size   PrimeiroPrograma.elf 
   text	   data	    bss	    dec	    hex	filename
   6296	     20	   1572	   7888	   1ed0	PrimeiroPrograma.elf
Finished building: default.size.stdout
 
19:57:09 **** Incremental Build of configuration Debug for project PrimeiroPrograma ****
make -j12 all 
arm-none-eabi-size   PrimeiroPrograma.elf 
   text	   data	    bss	    dec	    hex	filename
   6296	     20	   1572	   7888	   1ed0	PrimeiroPrograma.elf
Finished building: default.size.stdout
 
19:58:57 **** Incremental Build of configuration Debug for project PrimeiroPrograma ****
make -j12 all 
arm-none-eabi-gcc "../Core/Src/main.c" -mcpu=cortex-m0plus -std=gnu11 -g3 -DDEBUG -DUSE_HAL_DRIVER -DSTM32L053xx -c -I../Core/Inc -I../Drivers/STM32L0xx_HAL_Driver/Inc -I../Drivers/STM32L0xx_HAL_Driver/Inc/Legacy -I../Drivers/CMSIS/Device/ST/STM32L0xx/Include -I../Drivers/CMSIS/Include -O0 -ffunction-sections -fdata-sections -Wall -fstack-usage -fcyclomatic-complexity -MMD -MP -MF"Core/Src/main.d" -MT"Core/Src/main.o" --specs=nano.specs -mfloat-abi=soft -mthumb -o "Core/Src/main.o"
arm-none-eabi-gcc -o "PrimeiroPrograma.elf" @"objects.list"   -mcpu=cortex-m0plus -T"C:\Users\ALUNO OC\Desktop\Guto\programing\Microcontroladores\001\PrimeiroPrograma\STM32L053R8TX_FLASH.ld" --specs=nosys.specs -Wl,-Map="PrimeiroPrograma.map" -Wl,--gc-sections -static --specs=nano.specs -mfloat-abi=soft -mthumb -Wl,--start-group -lc -lm -Wl,--end-group
Finished building target: PrimeiroPrograma.elf
 
arm-none-eabi-size   PrimeiroPrograma.elf 
arm-none-eabi-objdump -h -S  PrimeiroPrograma.elf  > "PrimeiroPrograma.list"
   text	   data	    bss	    dec	    hex	filename
   6308	     20	   1572	   7900	   1edc	PrimeiroPrograma.elf
Finished building: default.size.stdout
 
Finished building: PrimeiroPrograma.list
 
20:00:04 **** Incremental Build of configuration Debug for project PrimeiroPrograma ****
make -j12 all 
arm-none-eabi-gcc "../Core/Src/main.c" -mcpu=cortex-m0plus -std=gnu11 -g3 -DDEBUG -DUSE_HAL_DRIVER -DSTM32L053xx -c -I../Core/Inc -I../Drivers/STM32L0xx_HAL_Driver/Inc -I../Drivers/STM32L0xx_HAL_Driver/Inc/Legacy -I../Drivers/CMSIS/Device/ST/STM32L0xx/Include -I../Drivers/CMSIS/Include -O0 -ffunction-sections -fdata-sections -Wall -fstack-usage -fcyclomatic-complexity -MMD -MP -MF"Core/Src/main.d" -MT"Core/Src/main.o" --specs=nano.specs -mfloat-abi=soft -mthumb -o "Core/Src/main.o"
arm-none-eabi-gcc -o "PrimeiroPrograma.elf" @"objects.list"   -mcpu=cortex-m0plus -T"C:\Users\ALUNO OC\Desktop\Guto\programing\Microcontroladores\001\PrimeiroPrograma\STM32L053R8TX_FLASH.ld" --specs=nosys.specs -Wl,-Map="PrimeiroPrograma.map" -Wl,--gc-sections -static --specs=nano.specs -mfloat-abi=soft -mthumb -Wl,--start-group -lc -lm -Wl,--end-group
Finished building target: PrimeiroPrograma.elf
 
arm-none-eabi-size   PrimeiroPrograma.elf 
arm-none-eabi-objdump -h -S  PrimeiroPrograma.elf  > "PrimeiroPrograma.list"
   text	   data	    bss	    dec	    hex	filename
   6312	     20	   1572	   7904	   1ee0	PrimeiroPrograma.elf
Finished building: default.size.stdout
 
Finished building: PrimeiroPrograma.list
 
20:00:42 **** Incremental Build of configuration Debug for project PrimeiroPrograma ****
make -j12 all 
arm-none-eabi-size   PrimeiroPrograma.elf 
   text	   data	    bss	    dec	    hex	filename
   6312	     20	   1572	   7904	   1ee0	PrimeiroPrograma.elf
Finished building: default.size.stdout
 
20:12:46 **** Incremental Build of configuration Debug for project PrimeiroPrograma ****
make -j12 all 
arm-none-eabi-gcc "../Core/Src/main.c" -mcpu=cortex-m0plus -std=gnu11 -g3 -DDEBUG -DUSE_HAL_DRIVER -DSTM32L053xx -c -I../Core/Inc -I../Drivers/STM32L0xx_HAL_Driver/Inc -I../Drivers/STM32L0xx_HAL_Driver/Inc/Legacy -I../Drivers/CMSIS/Device/ST/STM32L0xx/Include -I../Drivers/CMSIS/Include -O0 -ffunction-sections -fdata-sections -Wall -fstack-usage -fcyclomatic-complexity -MMD -MP -MF"Core/Src/main.d" -MT"Core/Src/main.o" --specs=nano.specs -mfloat-abi=soft -mthumb -o "Core/Src/main.o"
arm-none-eabi-gcc "../Core/Src/stm32l0xx_hal_msp.c" -mcpu=cortex-m0plus -std=gnu11 -g3 -DDEBUG -DUSE_HAL_DRIVER -DSTM32L053xx -c -I../Core/Inc -I../Drivers/STM32L0xx_HAL_Driver/Inc -I../Drivers/STM32L0xx_HAL_Driver/Inc/Legacy -I../Drivers/CMSIS/Device/ST/STM32L0xx/Include -I../Drivers/CMSIS/Include -O0 -ffunction-sections -fdata-sections -Wall -fstack-usage -fcyclomatic-complexity -MMD -MP -MF"Core/Src/stm32l0xx_hal_msp.d" -MT"Core/Src/stm32l0xx_hal_msp.o" --specs=nano.specs -mfloat-abi=soft -mthumb -o "Core/Src/stm32l0xx_hal_msp.o"
arm-none-eabi-gcc "../Core/Src/stm32l0xx_it.c" -mcpu=cortex-m0plus -std=gnu11 -g3 -DDEBUG -DUSE_HAL_DRIVER -DSTM32L053xx -c -I../Core/Inc -I../Drivers/STM32L0xx_HAL_Driver/Inc -I../Drivers/STM32L0xx_HAL_Driver/Inc/Legacy -I../Drivers/CMSIS/Device/ST/STM32L0xx/Include -I../Drivers/CMSIS/Include -O0 -ffunction-sections -fdata-sections -Wall -fstack-usage -fcyclomatic-complexity -MMD -MP -MF"Core/Src/stm32l0xx_it.d" -MT"Core/Src/stm32l0xx_it.o" --specs=nano.specs -mfloat-abi=soft -mthumb -o "Core/Src/stm32l0xx_it.o"
arm-none-eabi-gcc -o "PrimeiroPrograma.elf" @"objects.list"   -mcpu=cortex-m0plus -T"C:\Users\ALUNO OC\Desktop\Guto\programing\Microcontroladores\001\PrimeiroPrograma\STM32L053R8TX_FLASH.ld" --specs=nosys.specs -Wl,-Map="PrimeiroPrograma.map" -Wl,--gc-sections -static --specs=nano.specs -mfloat-abi=soft -mthumb -Wl,--start-group -lc -lm -Wl,--end-group
Finished building target: PrimeiroPrograma.elf
 
arm-none-eabi-size   PrimeiroPrograma.elf 
arm-none-eabi-objdump -h -S  PrimeiroPrograma.elf  > "PrimeiroPrograma.list"
   text	   data	    bss	    dec	    hex	filename
   6476	     24	   1568	   8068	   1f84	PrimeiroPrograma.elf
Finished building: default.size.stdout
 
Finished building: PrimeiroPrograma.list
 
20:13:47 **** Incremental Build of configuration Debug for project PrimeiroPrograma ****
make -j12 all 
arm-none-eabi-gcc "../Core/Src/main.c" -mcpu=cortex-m0plus -std=gnu11 -g3 -DDEBUG -DUSE_HAL_DRIVER -DSTM32L053xx -c -I../Core/Inc -I../Drivers/STM32L0xx_HAL_Driver/Inc -I../Drivers/STM32L0xx_HAL_Driver/Inc/Legacy -I../Drivers/CMSIS/Device/ST/STM32L0xx/Include -I../Drivers/CMSIS/Include -O0 -ffunction-sections -fdata-sections -Wall -fstack-usage -fcyclomatic-complexity -MMD -MP -MF"Core/Src/main.d" -MT"Core/Src/main.o" --specs=nano.specs -mfloat-abi=soft -mthumb -o "Core/Src/main.o"
arm-none-eabi-gcc -o "PrimeiroPrograma.elf" @"objects.list"   -mcpu=cortex-m0plus -T"C:\Users\ALUNO OC\Desktop\Guto\programing\Microcontroladores\001\PrimeiroPrograma\STM32L053R8TX_FLASH.ld" --specs=nosys.specs -Wl,-Map="PrimeiroPrograma.map" -Wl,--gc-sections -static --specs=nano.specs -mfloat-abi=soft -mthumb -Wl,--start-group -lc -lm -Wl,--end-group
Finished building target: PrimeiroPrograma.elf
 
arm-none-eabi-size   PrimeiroPrograma.elf 
arm-none-eabi-objdump -h -S  PrimeiroPrograma.elf  > "PrimeiroPrograma.list"
   text	   data	    bss	    dec	    hex	filename
   6476	     24	   1568	   8068	   1f84	PrimeiroPrograma.elf
Finished building: default.size.stdout
 
Finished building: PrimeiroPrograma.list
 
20:13:57 **** Incremental Build of configuration Debug for project PrimeiroPrograma ****
make -j12 all 
arm-none-eabi-size   PrimeiroPrograma.elf 
   text	   data	    bss	    dec	    hex	filename
   6476	     24	   1568	   8068	   1f84	PrimeiroPrograma.elf
Finished building: default.size.stdout
 
20:15:44 **** Incremental Build of configuration Debug for project PrimeiroPrograma ****
make -j12 all 
arm-none-eabi-gcc "../Core/Src/main.c" -mcpu=cortex-m0plus -std=gnu11 -g3 -DDEBUG -DUSE_HAL_DRIVER -DSTM32L053xx -c -I../Core/Inc -I../Drivers/STM32L0xx_HAL_Driver/Inc -I../Drivers/STM32L0xx_HAL_Driver/Inc/Legacy -I../Drivers/CMSIS/Device/ST/STM32L0xx/Include -I../Drivers/CMSIS/Include -O0 -ffunction-sections -fdata-sections -Wall -fstack-usage -fcyclomatic-complexity -MMD -MP -MF"Core/Src/main.d" -MT"Core/Src/main.o" --specs=nano.specs -mfloat-abi=soft -mthumb -o "Core/Src/main.o"
../Core/Src/main.c: In function 'main':
../Core/Src/main.c:101:15: warning: unused variable 'teste' [-Wunused-variable]
  101 |           int teste = HAL_GPIO_ReadPin(BLUE_BTN_GPIO_Port, BLUE_BTN_Pin);
      |               ^~~~~
arm-none-eabi-gcc -o "PrimeiroPrograma.elf" @"objects.list"   -mcpu=cortex-m0plus -T"C:\Users\ALUNO OC\Desktop\Guto\programing\Microcontroladores\001\PrimeiroPrograma\STM32L053R8TX_FLASH.ld" --specs=nosys.specs -Wl,-Map="PrimeiroPrograma.map" -Wl,--gc-sections -static --specs=nano.specs -mfloat-abi=soft -mthumb -Wl,--start-group -lc -lm -Wl,--end-group
Finished building target: PrimeiroPrograma.elf
 
arm-none-eabi-size   PrimeiroPrograma.elf 
arm-none-eabi-objdump -h -S  PrimeiroPrograma.elf  > "PrimeiroPrograma.list"
   text	   data	    bss	    dec	    hex	filename
   6444	     24	   1568	   8036	   1f64	PrimeiroPrograma.elf
Finished building: default.size.stdout
 
Finished building: PrimeiroPrograma.list
 
20:16:14 **** Incremental Build of configuration Debug for project PrimeiroPrograma ****
make -j12 all 
arm-none-eabi-size   PrimeiroPrograma.elf 
   text	   data	    bss	    dec	    hex	filename
   6444	     24	   1568	   8036	   1f64	PrimeiroPrograma.elf
Finished building: default.size.stdout
 
20:17:36 **** Incremental Build of configuration Debug for project PrimeiroPrograma ****
make -j12 all 
arm-none-eabi-gcc "../Core/Src/main.c" -mcpu=cortex-m0plus -std=gnu11 -g3 -DDEBUG -DUSE_HAL_DRIVER -DSTM32L053xx -c -I../Core/Inc -I../Drivers/STM32L0xx_HAL_Driver/Inc -I../Drivers/STM32L0xx_HAL_Driver/Inc/Legacy -I../Drivers/CMSIS/Device/ST/STM32L0xx/Include -I../Drivers/CMSIS/Include -O0 -ffunction-sections -fdata-sections -Wall -fstack-usage -fcyclomatic-complexity -MMD -MP -MF"Core/Src/main.d" -MT"Core/Src/main.o" --specs=nano.specs -mfloat-abi=soft -mthumb -o "Core/Src/main.o"
../Core/Src/main.c: In function 'main':
../Core/Src/main.c:101:15: warning: variable 'teste' set but not used [-Wunused-but-set-variable]
  101 |           int teste;
      |               ^~~~~
arm-none-eabi-gcc -o "PrimeiroPrograma.elf" @"objects.list"   -mcpu=cortex-m0plus -T"C:\Users\ALUNO OC\Desktop\Guto\programing\Microcontroladores\001\PrimeiroPrograma\STM32L053R8TX_FLASH.ld" --specs=nosys.specs -Wl,-Map="PrimeiroPrograma.map" -Wl,--gc-sections -static --specs=nano.specs -mfloat-abi=soft -mthumb -Wl,--start-group -lc -lm -Wl,--end-group
Finished building target: PrimeiroPrograma.elf
 
arm-none-eabi-size   PrimeiroPrograma.elf 
arm-none-eabi-objdump -h -S  PrimeiroPrograma.elf  > "PrimeiroPrograma.list"
   text	   data	    bss	    dec	    hex	filename
   6444	     24	   1568	   8036	   1f64	PrimeiroPrograma.elf
Finished building: default.size.stdout
 
Finished building: PrimeiroPrograma.list
 
20:17:57 **** Incremental Build of configuration Debug for project PrimeiroPrograma ****
make -j12 all 
arm-none-eabi-gcc "../Core/Src/main.c" -mcpu=cortex-m0plus -std=gnu11 -g3 -DDEBUG -DUSE_HAL_DRIVER -DSTM32L053xx -c -I../Core/Inc -I../Drivers/STM32L0xx_HAL_Driver/Inc -I../Drivers/STM32L0xx_HAL_Driver/Inc/Legacy -I../Drivers/CMSIS/Device/ST/STM32L0xx/Include -I../Drivers/CMSIS/Include -O0 -ffunction-sections -fdata-sections -Wall -fstack-usage -fcyclomatic-complexity -MMD -MP -MF"Core/Src/main.d" -MT"Core/Src/main.o" --specs=nano.specs -mfloat-abi=soft -mthumb -o "Core/Src/main.o"
arm-none-eabi-gcc -o "PrimeiroPrograma.elf" @"objects.list"   -mcpu=cortex-m0plus -T"C:\Users\ALUNO OC\Desktop\Guto\programing\Microcontroladores\001\PrimeiroPrograma\STM32L053R8TX_FLASH.ld" --specs=nosys.specs -Wl,-Map="PrimeiroPrograma.map" -Wl,--gc-sections -static --specs=nano.specs -mfloat-abi=soft -mthumb -Wl,--start-group -lc -lm -Wl,--end-group
Finished building target: PrimeiroPrograma.elf
 
arm-none-eabi-size   PrimeiroPrograma.elf 
arm-none-eabi-objdump -h -S  PrimeiroPrograma.elf  > "PrimeiroPrograma.list"
   text	   data	    bss	    dec	    hex	filename
   6452	     24	   1576	   8052	   1f74	PrimeiroPrograma.elf
Finished building: default.size.stdout
 
Finished building: PrimeiroPrograma.list
 
20:18:03 **** Incremental Build of configuration Debug for project PrimeiroPrograma ****
make -j12 all 
arm-none-eabi-size   PrimeiroPrograma.elf 
   text	   data	    bss	    dec	    hex	filename
   6452	     24	   1576	   8052	   1f74	PrimeiroPrograma.elf
Finished building: default.size.stdout
 
20:19:21 **** Incremental Build of configuration Debug for project PrimeiroPrograma ****
make -j12 all 
arm-none-eabi-gcc "../Core/Src/main.c" -mcpu=cortex-m0plus -std=gnu11 -g3 -DDEBUG -DUSE_HAL_DRIVER -DSTM32L053xx -c -I../Core/Inc -I../Drivers/STM32L0xx_HAL_Driver/Inc -I../Drivers/STM32L0xx_HAL_Driver/Inc/Legacy -I../Drivers/CMSIS/Device/ST/STM32L0xx/Include -I../Drivers/CMSIS/Include -O0 -ffunction-sections -fdata-sections -Wall -fstack-usage -fcyclomatic-complexity -MMD -MP -MF"Core/Src/main.d" -MT"Core/Src/main.o" --specs=nano.specs -mfloat-abi=soft -mthumb -o "Core/Src/main.o"
arm-none-eabi-gcc -o "PrimeiroPrograma.elf" @"objects.list"   -mcpu=cortex-m0plus -T"C:\Users\ALUNO OC\Desktop\Guto\programing\Microcontroladores\001\PrimeiroPrograma\STM32L053R8TX_FLASH.ld" --specs=nosys.specs -Wl,-Map="PrimeiroPrograma.map" -Wl,--gc-sections -static --specs=nano.specs -mfloat-abi=soft -mthumb -Wl,--start-group -lc -lm -Wl,--end-group
Finished building target: PrimeiroPrograma.elf
 
arm-none-eabi-size   PrimeiroPrograma.elf 
arm-none-eabi-objdump -h -S  PrimeiroPrograma.elf  > "PrimeiroPrograma.list"
   text	   data	    bss	    dec	    hex	filename
   6472	     24	   1568	   8064	   1f80	PrimeiroPrograma.elf
Finished building: default.size.stdout
 
Finished building: PrimeiroPrograma.list
 
20:19:24 **** Incremental Build of configuration Debug for project PrimeiroPrograma ****
make -j12 all 
arm-none-eabi-size   PrimeiroPrograma.elf 
   text	   data	    bss	    dec	    hex	filename
   6472	     24	   1568	   8064	   1f80	PrimeiroPrograma.elf
Finished building: default.size.stdout
 
20:19:55 **** Incremental Build of configuration Debug for project PrimeiroPrograma ****
make -j12 all 
arm-none-eabi-size   PrimeiroPrograma.elf 
   text	   data	    bss	    dec	    hex	filename
   6472	     24	   1568	   8064	   1f80	PrimeiroPrograma.elf
Finished building: default.size.stdout
 
20:21:25 **** Incremental Build of configuration Debug for project PrimeiroPrograma ****
make -j12 all 
arm-none-eabi-gcc "../Core/Src/main.c" -mcpu=cortex-m0plus -std=gnu11 -g3 -DDEBUG -DUSE_HAL_DRIVER -DSTM32L053xx -c -I../Core/Inc -I../Drivers/STM32L0xx_HAL_Driver/Inc -I../Drivers/STM32L0xx_HAL_Driver/Inc/Legacy -I../Drivers/CMSIS/Device/ST/STM32L0xx/Include -I../Drivers/CMSIS/Include -O0 -ffunction-sections -fdata-sections -Wall -fstack-usage -fcyclomatic-complexity -MMD -MP -MF"Core/Src/main.d" -MT"Core/Src/main.o" --specs=nano.specs -mfloat-abi=soft -mthumb -o "Core/Src/main.o"
arm-none-eabi-gcc -o "PrimeiroPrograma.elf" @"objects.list"   -mcpu=cortex-m0plus -T"C:\Users\ALUNO OC\Desktop\Guto\programing\Microcontroladores\001\PrimeiroPrograma\STM32L053R8TX_FLASH.ld" --specs=nosys.specs -Wl,-Map="PrimeiroPrograma.map" -Wl,--gc-sections -static --specs=nano.specs -mfloat-abi=soft -mthumb -Wl,--start-group -lc -lm -Wl,--end-group
Finished building target: PrimeiroPrograma.elf
 
arm-none-eabi-size   PrimeiroPrograma.elf 
arm-none-eabi-objdump -h -S  PrimeiroPrograma.elf  > "PrimeiroPrograma.list"
   text	   data	    bss	    dec	    hex	filename
   6472	     24	   1568	   8064	   1f80	PrimeiroPrograma.elf
Finished building: default.size.stdout
 
Finished building: PrimeiroPrograma.list
 
20:21:30 **** Incremental Build of configuration Debug for project PrimeiroPrograma ****
make -j12 all 
arm-none-eabi-size   PrimeiroPrograma.elf 
   text	   data	    bss	    dec	    hex	filename
   6472	     24	   1568	   8064	   1f80	PrimeiroPrograma.elf
Finished building: default.size.stdout
 
