11:47:17 **** Incremental Build of configuration Debug for project Contador Matricial ****
make -j4 all 
arm-none-eabi-gcc "../Core/Src/main.c" -mcpu=cortex-m0plus -std=gnu11 -g3 -DDEBUG -DUSE_HAL_DRIVER -DSTM32L053xx -c -I../Core/Inc -I../Drivers/STM32L0xx_HAL_Driver/Inc -I../Drivers/STM32L0xx_HAL_Driver/Inc/Legacy -I../Drivers/CMSIS/Device/ST/STM32L0xx/Include -I../Drivers/CMSIS/Include -O0 -ffunction-sections -fdata-sections -Wall -fstack-usage -fcyclomatic-complexity -MMD -MP -MF"Core/Src/main.d" -MT"Core/Src/main.o" --specs=nano.specs -mfloat-abi=soft -mthumb -o "Core/Src/main.o"
arm-none-eabi-gcc -o "Contador Matricial.elf" @"objects.list"   -mcpu=cortex-m0plus -T"C:\Users\danie\OneDrive\Desktop\Microcontroladores\Microcontroladores\Projeto Contador Matricial\Contador Matricial\STM32L053R8TX_FLASH.ld" --specs=nosys.specs -Wl,-Map="Contador Matricial.map" -Wl,--gc-sections -static --specs=nano.specs -mfloat-abi=soft -mthumb -Wl,--start-group -lc -lm -Wl,--end-group
C:/ST/STM32CubeIDE_1.18.0/STM32CubeIDE/plugins/com.st.stm32cube.ide.mcu.externaltools.gnu-tools-for-stm32.13.3.rel1.win32_1.0.0.202411081344/tools/bin/../lib/gcc/arm-none-eabi/13.3.1/../../../../arm-none-eabi/bin/ld.exe: warning: Contador Matricial.elf has a LOAD segment with RWX permissions
Finished building target: Contador Matricial.elf
 
arm-none-eabi-size  Contador\ Matricial.elf 
arm-none-eabi-objdump -h -S Contador\ Matricial.elf  > "Contador Matricial.list"
   text	   data	    bss	    dec	    hex	filename
   9308	    108	   1644	  11060	   2b34	Contador Matricial.elf
Finished building: default.size.stdout
 
Finished building: Contador Matricial.list
 
11:47:22 **** Incremental Build of configuration Debug for project Contador Matricial ****
make -j4 all 
arm-none-eabi-size  Contador\ Matricial.elf 
   text	   data	    bss	    dec	    hex	filename
   9308	    108	   1644	  11060	   2b34	Contador Matricial.elf
Finished building: default.size.stdout
 
11:49:15 **** Incremental Build of configuration Debug for project Contador Matricial ****
make -j4 all 
arm-none-eabi-gcc "../Core/Src/main.c" -mcpu=cortex-m0plus -std=gnu11 -g3 -DDEBUG -DUSE_HAL_DRIVER -DSTM32L053xx -c -I../Core/Inc -I../Drivers/STM32L0xx_HAL_Driver/Inc -I../Drivers/STM32L0xx_HAL_Driver/Inc/Legacy -I../Drivers/CMSIS/Device/ST/STM32L0xx/Include -I../Drivers/CMSIS/Include -O0 -ffunction-sections -fdata-sections -Wall -fstack-usage -fcyclomatic-complexity -MMD -MP -MF"Core/Src/main.d" -MT"Core/Src/main.o" --specs=nano.specs -mfloat-abi=soft -mthumb -o "Core/Src/main.o"
arm-none-eabi-gcc -o "Contador Matricial.elf" @"objects.list"   -mcpu=cortex-m0plus -T"C:\Users\danie\OneDrive\Desktop\Microcontroladores\Microcontroladores\Projeto Contador Matricial\Contador Matricial\STM32L053R8TX_FLASH.ld" --specs=nosys.specs -Wl,-Map="Contador Matricial.map" -Wl,--gc-sections -static --specs=nano.specs -mfloat-abi=soft -mthumb -Wl,--start-group -lc -lm -Wl,--end-group
C:/ST/STM32CubeIDE_1.18.0/STM32CubeIDE/plugins/com.st.stm32cube.ide.mcu.externaltools.gnu-tools-for-stm32.13.3.rel1.win32_1.0.0.202411081344/tools/bin/../lib/gcc/arm-none-eabi/13.3.1/../../../../arm-none-eabi/bin/ld.exe: warning: Contador Matricial.elf has a LOAD segment with RWX permissions
Finished building target: Contador Matricial.elf
 
arm-none-eabi-size  Contador\ Matricial.elf 
arm-none-eabi-objdump -h -S Contador\ Matricial.elf  > "Contador Matricial.list"
   text	   data	    bss	    dec	    hex	filename
   9352	    108	   1644	  11104	   2b60	Contador Matricial.elf
Finished building: default.size.stdout
 
Finished building: Contador Matricial.list
 
11:51:55 **** Incremental Build of configuration Debug for project Contador Matricial ****
make -j4 all 
arm-none-eabi-gcc "../Core/Src/main.c" -mcpu=cortex-m0plus -std=gnu11 -g3 -DDEBUG -DUSE_HAL_DRIVER -DSTM32L053xx -c -I../Core/Inc -I../Drivers/STM32L0xx_HAL_Driver/Inc -I../Drivers/STM32L0xx_HAL_Driver/Inc/Legacy -I../Drivers/CMSIS/Device/ST/STM32L0xx/Include -I../Drivers/CMSIS/Include -O0 -ffunction-sections -fdata-sections -Wall -fstack-usage -fcyclomatic-complexity -MMD -MP -MF"Core/Src/main.d" -MT"Core/Src/main.o" --specs=nano.specs -mfloat-abi=soft -mthumb -o "Core/Src/main.o"
arm-none-eabi-gcc -o "Contador Matricial.elf" @"objects.list"   -mcpu=cortex-m0plus -T"C:\Users\danie\OneDrive\Desktop\Microcontroladores\Microcontroladores\Projeto Contador Matricial\Contador Matricial\STM32L053R8TX_FLASH.ld" --specs=nosys.specs -Wl,-Map="Contador Matricial.map" -Wl,--gc-sections -static --specs=nano.specs -mfloat-abi=soft -mthumb -Wl,--start-group -lc -lm -Wl,--end-group
C:/ST/STM32CubeIDE_1.18.0/STM32CubeIDE/plugins/com.st.stm32cube.ide.mcu.externaltools.gnu-tools-for-stm32.13.3.rel1.win32_1.0.0.202411081344/tools/bin/../lib/gcc/arm-none-eabi/13.3.1/../../../../arm-none-eabi/bin/ld.exe: warning: Contador Matricial.elf has a LOAD segment with RWX permissions
Finished building target: Contador Matricial.elf
 
arm-none-eabi-size  Contador\ Matricial.elf 
arm-none-eabi-objdump -h -S Contador\ Matricial.elf  > "Contador Matricial.list"
   text	   data	    bss	    dec	    hex	filename
   9388	    108	   1644	  11140	   2b84	Contador Matricial.elf
Finished building: default.size.stdout
 
Finished building: Contador Matricial.list
 
11:54:03 **** Incremental Build of configuration Debug for project Contador Matricial ****
make -j4 all 
arm-none-eabi-gcc "../Core/Src/main.c" -mcpu=cortex-m0plus -std=gnu11 -g3 -DDEBUG -DUSE_HAL_DRIVER -DSTM32L053xx -c -I../Core/Inc -I../Drivers/STM32L0xx_HAL_Driver/Inc -I../Drivers/STM32L0xx_HAL_Driver/Inc/Legacy -I../Drivers/CMSIS/Device/ST/STM32L0xx/Include -I../Drivers/CMSIS/Include -O0 -ffunction-sections -fdata-sections -Wall -fstack-usage -fcyclomatic-complexity -MMD -MP -MF"Core/Src/main.d" -MT"Core/Src/main.o" --specs=nano.specs -mfloat-abi=soft -mthumb -o "Core/Src/main.o"
arm-none-eabi-gcc -o "Contador Matricial.elf" @"objects.list"   -mcpu=cortex-m0plus -T"C:\Users\danie\OneDrive\Desktop\Microcontroladores\Microcontroladores\Projeto Contador Matricial\Contador Matricial\STM32L053R8TX_FLASH.ld" --specs=nosys.specs -Wl,-Map="Contador Matricial.map" -Wl,--gc-sections -static --specs=nano.specs -mfloat-abi=soft -mthumb -Wl,--start-group -lc -lm -Wl,--end-group
C:/ST/STM32CubeIDE_1.18.0/STM32CubeIDE/plugins/com.st.stm32cube.ide.mcu.externaltools.gnu-tools-for-stm32.13.3.rel1.win32_1.0.0.202411081344/tools/bin/../lib/gcc/arm-none-eabi/13.3.1/../../../../arm-none-eabi/bin/ld.exe: warning: Contador Matricial.elf has a LOAD segment with RWX permissions
Finished building target: Contador Matricial.elf
 
arm-none-eabi-size  Contador\ Matricial.elf 
arm-none-eabi-objdump -h -S Contador\ Matricial.elf  > "Contador Matricial.list"
   text	   data	    bss	    dec	    hex	filename
   9388	    108	   1644	  11140	   2b84	Contador Matricial.elf
Finished building: default.size.stdout
 
Finished building: Contador Matricial.list
 
11:56:00 **** Incremental Build of configuration Debug for project Contador Matricial ****
make -j4 all 
arm-none-eabi-gcc "../Core/Src/main.c" -mcpu=cortex-m0plus -std=gnu11 -g3 -DDEBUG -DUSE_HAL_DRIVER -DSTM32L053xx -c -I../Core/Inc -I../Drivers/STM32L0xx_HAL_Driver/Inc -I../Drivers/STM32L0xx_HAL_Driver/Inc/Legacy -I../Drivers/CMSIS/Device/ST/STM32L0xx/Include -I../Drivers/CMSIS/Include -O0 -ffunction-sections -fdata-sections -Wall -fstack-usage -fcyclomatic-complexity -MMD -MP -MF"Core/Src/main.d" -MT"Core/Src/main.o" --specs=nano.specs -mfloat-abi=soft -mthumb -o "Core/Src/main.o"
arm-none-eabi-gcc "../Core/Src/tim.c" -mcpu=cortex-m0plus -std=gnu11 -g3 -DDEBUG -DUSE_HAL_DRIVER -DSTM32L053xx -c -I../Core/Inc -I../Drivers/STM32L0xx_HAL_Driver/Inc -I../Drivers/STM32L0xx_HAL_Driver/Inc/Legacy -I../Drivers/CMSIS/Device/ST/STM32L0xx/Include -I../Drivers/CMSIS/Include -O0 -ffunction-sections -fdata-sections -Wall -fstack-usage -fcyclomatic-complexity -MMD -MP -MF"Core/Src/tim.d" -MT"Core/Src/tim.o" --specs=nano.specs -mfloat-abi=soft -mthumb -o "Core/Src/tim.o"
arm-none-eabi-gcc -o "Contador Matricial.elf" @"objects.list"   -mcpu=cortex-m0plus -T"C:\Users\danie\OneDrive\Desktop\Microcontroladores\Microcontroladores\Projeto Contador Matricial\Contador Matricial\STM32L053R8TX_FLASH.ld" --specs=nosys.specs -Wl,-Map="Contador Matricial.map" -Wl,--gc-sections -static --specs=nano.specs -mfloat-abi=soft -mthumb -Wl,--start-group -lc -lm -Wl,--end-group
C:/ST/STM32CubeIDE_1.18.0/STM32CubeIDE/plugins/com.st.stm32cube.ide.mcu.externaltools.gnu-tools-for-stm32.13.3.rel1.win32_1.0.0.202411081344/tools/bin/../lib/gcc/arm-none-eabi/13.3.1/../../../../arm-none-eabi/bin/ld.exe: warning: Contador Matricial.elf has a LOAD segment with RWX permissions
Finished building target: Contador Matricial.elf
 
arm-none-eabi-size  Contador\ Matricial.elf 
arm-none-eabi-objdump -h -S Contador\ Matricial.elf  > "Contador Matricial.list"
   text	   data	    bss	    dec	    hex	filename
   9420	    108	   1644	  11172	   2ba4	Contador Matricial.elf
Finished building: default.size.stdout
 
Finished building: Contador Matricial.list
 
11:57:40 **** Incremental Build of configuration Debug for project Contador Matricial ****
make -j4 all 
arm-none-eabi-gcc "../Core/Src/main.c" -mcpu=cortex-m0plus -std=gnu11 -g3 -DDEBUG -DUSE_HAL_DRIVER -DSTM32L053xx -c -I../Core/Inc -I../Drivers/STM32L0xx_HAL_Driver/Inc -I../Drivers/STM32L0xx_HAL_Driver/Inc/Legacy -I../Drivers/CMSIS/Device/ST/STM32L0xx/Include -I../Drivers/CMSIS/Include -O0 -ffunction-sections -fdata-sections -Wall -fstack-usage -fcyclomatic-complexity -MMD -MP -MF"Core/Src/main.d" -MT"Core/Src/main.o" --specs=nano.specs -mfloat-abi=soft -mthumb -o "Core/Src/main.o"
arm-none-eabi-gcc -o "Contador Matricial.elf" @"objects.list"   -mcpu=cortex-m0plus -T"C:\Users\danie\OneDrive\Desktop\Microcontroladores\Microcontroladores\Projeto Contador Matricial\Contador Matricial\STM32L053R8TX_FLASH.ld" --specs=nosys.specs -Wl,-Map="Contador Matricial.map" -Wl,--gc-sections -static --specs=nano.specs -mfloat-abi=soft -mthumb -Wl,--start-group -lc -lm -Wl,--end-group
C:/ST/STM32CubeIDE_1.18.0/STM32CubeIDE/plugins/com.st.stm32cube.ide.mcu.externaltools.gnu-tools-for-stm32.13.3.rel1.win32_1.0.0.202411081344/tools/bin/../lib/gcc/arm-none-eabi/13.3.1/../../../../arm-none-eabi/bin/ld.exe: warning: Contador Matricial.elf has a LOAD segment with RWX permissions
Finished building target: Contador Matricial.elf
 
arm-none-eabi-size  Contador\ Matricial.elf 
arm-none-eabi-objdump -h -S Contador\ Matricial.elf  > "Contador Matricial.list"
   text	   data	    bss	    dec	    hex	filename
   9420	    108	   1644	  11172	   2ba4	Contador Matricial.elf
Finished building: default.size.stdout
 
Finished building: Contador Matricial.list
 
11:59:45 **** Incremental Build of configuration Debug for project Contador Matricial ****
make -j4 all 
arm-none-eabi-gcc "../Core/Src/main.c" -mcpu=cortex-m0plus -std=gnu11 -g3 -DDEBUG -DUSE_HAL_DRIVER -DSTM32L053xx -c -I../Core/Inc -I../Drivers/STM32L0xx_HAL_Driver/Inc -I../Drivers/STM32L0xx_HAL_Driver/Inc/Legacy -I../Drivers/CMSIS/Device/ST/STM32L0xx/Include -I../Drivers/CMSIS/Include -O0 -ffunction-sections -fdata-sections -Wall -fstack-usage -fcyclomatic-complexity -MMD -MP -MF"Core/Src/main.d" -MT"Core/Src/main.o" --specs=nano.specs -mfloat-abi=soft -mthumb -o "Core/Src/main.o"
arm-none-eabi-gcc "../Core/Src/tim.c" -mcpu=cortex-m0plus -std=gnu11 -g3 -DDEBUG -DUSE_HAL_DRIVER -DSTM32L053xx -c -I../Core/Inc -I../Drivers/STM32L0xx_HAL_Driver/Inc -I../Drivers/STM32L0xx_HAL_Driver/Inc/Legacy -I../Drivers/CMSIS/Device/ST/STM32L0xx/Include -I../Drivers/CMSIS/Include -O0 -ffunction-sections -fdata-sections -Wall -fstack-usage -fcyclomatic-complexity -MMD -MP -MF"Core/Src/tim.d" -MT"Core/Src/tim.o" --specs=nano.specs -mfloat-abi=soft -mthumb -o "Core/Src/tim.o"
arm-none-eabi-gcc -o "Contador Matricial.elf" @"objects.list"   -mcpu=cortex-m0plus -T"C:\Users\danie\OneDrive\Desktop\Microcontroladores\Microcontroladores\Projeto Contador Matricial\Contador Matricial\STM32L053R8TX_FLASH.ld" --specs=nosys.specs -Wl,-Map="Contador Matricial.map" -Wl,--gc-sections -static --specs=nano.specs -mfloat-abi=soft -mthumb -Wl,--start-group -lc -lm -Wl,--end-group
C:/ST/STM32CubeIDE_1.18.0/STM32CubeIDE/plugins/com.st.stm32cube.ide.mcu.externaltools.gnu-tools-for-stm32.13.3.rel1.win32_1.0.0.202411081344/tools/bin/../lib/gcc/arm-none-eabi/13.3.1/../../../../arm-none-eabi/bin/ld.exe: warning: Contador Matricial.elf has a LOAD segment with RWX permissions
Finished building target: Contador Matricial.elf
 
arm-none-eabi-size  Contador\ Matricial.elf 
arm-none-eabi-objdump -h -S Contador\ Matricial.elf  > "Contador Matricial.list"
   text	   data	    bss	    dec	    hex	filename
   9424	    108	   1644	  11176	   2ba8	Contador Matricial.elf
Finished building: default.size.stdout
 
Finished building: Contador Matricial.list
 
12:01:05 **** Incremental Build of configuration Debug for project Contador Matricial ****
make -j4 all 
arm-none-eabi-gcc "../Core/Src/main.c" -mcpu=cortex-m0plus -std=gnu11 -g3 -DDEBUG -DUSE_HAL_DRIVER -DSTM32L053xx -c -I../Core/Inc -I../Drivers/STM32L0xx_HAL_Driver/Inc -I../Drivers/STM32L0xx_HAL_Driver/Inc/Legacy -I../Drivers/CMSIS/Device/ST/STM32L0xx/Include -I../Drivers/CMSIS/Include -O0 -ffunction-sections -fdata-sections -Wall -fstack-usage -fcyclomatic-complexity -MMD -MP -MF"Core/Src/main.d" -MT"Core/Src/main.o" --specs=nano.specs -mfloat-abi=soft -mthumb -o "Core/Src/main.o"
arm-none-eabi-gcc "../Core/Src/tim.c" -mcpu=cortex-m0plus -std=gnu11 -g3 -DDEBUG -DUSE_HAL_DRIVER -DSTM32L053xx -c -I../Core/Inc -I../Drivers/STM32L0xx_HAL_Driver/Inc -I../Drivers/STM32L0xx_HAL_Driver/Inc/Legacy -I../Drivers/CMSIS/Device/ST/STM32L0xx/Include -I../Drivers/CMSIS/Include -O0 -ffunction-sections -fdata-sections -Wall -fstack-usage -fcyclomatic-complexity -MMD -MP -MF"Core/Src/tim.d" -MT"Core/Src/tim.o" --specs=nano.specs -mfloat-abi=soft -mthumb -o "Core/Src/tim.o"
arm-none-eabi-gcc -o "Contador Matricial.elf" @"objects.list"   -mcpu=cortex-m0plus -T"C:\Users\danie\OneDrive\Desktop\Microcontroladores\Microcontroladores\Projeto Contador Matricial\Contador Matricial\STM32L053R8TX_FLASH.ld" --specs=nosys.specs -Wl,-Map="Contador Matricial.map" -Wl,--gc-sections -static --specs=nano.specs -mfloat-abi=soft -mthumb -Wl,--start-group -lc -lm -Wl,--end-group
C:/ST/STM32CubeIDE_1.18.0/STM32CubeIDE/plugins/com.st.stm32cube.ide.mcu.externaltools.gnu-tools-for-stm32.13.3.rel1.win32_1.0.0.202411081344/tools/bin/../lib/gcc/arm-none-eabi/13.3.1/../../../../arm-none-eabi/bin/ld.exe: warning: Contador Matricial.elf has a LOAD segment with RWX permissions
Finished building target: Contador Matricial.elf
 
arm-none-eabi-size  Contador\ Matricial.elf 
arm-none-eabi-objdump -h -S Contador\ Matricial.elf  > "Contador Matricial.list"
   text	   data	    bss	    dec	    hex	filename
   9420	    108	   1644	  11172	   2ba4	Contador Matricial.elf
Finished building: default.size.stdout
 
Finished building: Contador Matricial.list
 
12:02:00 **** Incremental Build of configuration Debug for project Contador Matricial ****
make -j4 all 
arm-none-eabi-gcc "../Core/Src/tim.c" -mcpu=cortex-m0plus -std=gnu11 -g3 -DDEBUG -DUSE_HAL_DRIVER -DSTM32L053xx -c -I../Core/Inc -I../Drivers/STM32L0xx_HAL_Driver/Inc -I../Drivers/STM32L0xx_HAL_Driver/Inc/Legacy -I../Drivers/CMSIS/Device/ST/STM32L0xx/Include -I../Drivers/CMSIS/Include -O0 -ffunction-sections -fdata-sections -Wall -fstack-usage -fcyclomatic-complexity -MMD -MP -MF"Core/Src/tim.d" -MT"Core/Src/tim.o" --specs=nano.specs -mfloat-abi=soft -mthumb -o "Core/Src/tim.o"
arm-none-eabi-gcc -o "Contador Matricial.elf" @"objects.list"   -mcpu=cortex-m0plus -T"C:\Users\danie\OneDrive\Desktop\Microcontroladores\Microcontroladores\Projeto Contador Matricial\Contador Matricial\STM32L053R8TX_FLASH.ld" --specs=nosys.specs -Wl,-Map="Contador Matricial.map" -Wl,--gc-sections -static --specs=nano.specs -mfloat-abi=soft -mthumb -Wl,--start-group -lc -lm -Wl,--end-group
C:/ST/STM32CubeIDE_1.18.0/STM32CubeIDE/plugins/com.st.stm32cube.ide.mcu.externaltools.gnu-tools-for-stm32.13.3.rel1.win32_1.0.0.202411081344/tools/bin/../lib/gcc/arm-none-eabi/13.3.1/../../../../arm-none-eabi/bin/ld.exe: warning: Contador Matricial.elf has a LOAD segment with RWX permissions
Finished building target: Contador Matricial.elf
 
arm-none-eabi-size  Contador\ Matricial.elf 
arm-none-eabi-objdump -h -S Contador\ Matricial.elf  > "Contador Matricial.list"
   text	   data	    bss	    dec	    hex	filename
   9420	    108	   1644	  11172	   2ba4	Contador Matricial.elf
Finished building: default.size.stdout
 
Finished building: Contador Matricial.list
 
12:03:37 **** Incremental Build of configuration Debug for project Contador Matricial ****
make -j4 all 
arm-none-eabi-gcc "../Core/Src/main.c" -mcpu=cortex-m0plus -std=gnu11 -g3 -DDEBUG -DUSE_HAL_DRIVER -DSTM32L053xx -c -I../Core/Inc -I../Drivers/STM32L0xx_HAL_Driver/Inc -I../Drivers/STM32L0xx_HAL_Driver/Inc/Legacy -I../Drivers/CMSIS/Device/ST/STM32L0xx/Include -I../Drivers/CMSIS/Include -O0 -ffunction-sections -fdata-sections -Wall -fstack-usage -fcyclomatic-complexity -MMD -MP -MF"Core/Src/main.d" -MT"Core/Src/main.o" --specs=nano.specs -mfloat-abi=soft -mthumb -o "Core/Src/main.o"
arm-none-eabi-gcc -o "Contador Matricial.elf" @"objects.list"   -mcpu=cortex-m0plus -T"C:\Users\danie\OneDrive\Desktop\Microcontroladores\Microcontroladores\Projeto Contador Matricial\Contador Matricial\STM32L053R8TX_FLASH.ld" --specs=nosys.specs -Wl,-Map="Contador Matricial.map" -Wl,--gc-sections -static --specs=nano.specs -mfloat-abi=soft -mthumb -Wl,--start-group -lc -lm -Wl,--end-group
C:/ST/STM32CubeIDE_1.18.0/STM32CubeIDE/plugins/com.st.stm32cube.ide.mcu.externaltools.gnu-tools-for-stm32.13.3.rel1.win32_1.0.0.202411081344/tools/bin/../lib/gcc/arm-none-eabi/13.3.1/../../../../arm-none-eabi/bin/ld.exe: warning: Contador Matricial.elf has a LOAD segment with RWX permissions
Finished building target: Contador Matricial.elf
 
arm-none-eabi-size  Contador\ Matricial.elf 
arm-none-eabi-objdump -h -S Contador\ Matricial.elf  > "Contador Matricial.list"
   text	   data	    bss	    dec	    hex	filename
   9420	    108	   1644	  11172	   2ba4	Contador Matricial.elf
Finished building: default.size.stdout
 
Finished building: Contador Matricial.list
 
12:05:10 **** Incremental Build of configuration Debug for project Contador Matricial ****
make -j4 all 
arm-none-eabi-gcc "../Core/Src/main.c" -mcpu=cortex-m0plus -std=gnu11 -g3 -DDEBUG -DUSE_HAL_DRIVER -DSTM32L053xx -c -I../Core/Inc -I../Drivers/STM32L0xx_HAL_Driver/Inc -I../Drivers/STM32L0xx_HAL_Driver/Inc/Legacy -I../Drivers/CMSIS/Device/ST/STM32L0xx/Include -I../Drivers/CMSIS/Include -O0 -ffunction-sections -fdata-sections -Wall -fstack-usage -fcyclomatic-complexity -MMD -MP -MF"Core/Src/main.d" -MT"Core/Src/main.o" --specs=nano.specs -mfloat-abi=soft -mthumb -o "Core/Src/main.o"
arm-none-eabi-gcc -o "Contador Matricial.elf" @"objects.list"   -mcpu=cortex-m0plus -T"C:\Users\danie\OneDrive\Desktop\Microcontroladores\Microcontroladores\Projeto Contador Matricial\Contador Matricial\STM32L053R8TX_FLASH.ld" --specs=nosys.specs -Wl,-Map="Contador Matricial.map" -Wl,--gc-sections -static --specs=nano.specs -mfloat-abi=soft -mthumb -Wl,--start-group -lc -lm -Wl,--end-group
C:/ST/STM32CubeIDE_1.18.0/STM32CubeIDE/plugins/com.st.stm32cube.ide.mcu.externaltools.gnu-tools-for-stm32.13.3.rel1.win32_1.0.0.202411081344/tools/bin/../lib/gcc/arm-none-eabi/13.3.1/../../../../arm-none-eabi/bin/ld.exe: warning: Contador Matricial.elf has a LOAD segment with RWX permissions
Finished building target: Contador Matricial.elf
 
arm-none-eabi-size  Contador\ Matricial.elf 
arm-none-eabi-objdump -h -S Contador\ Matricial.elf  > "Contador Matricial.list"
   text	   data	    bss	    dec	    hex	filename
   9444	    108	   1644	  11196	   2bbc	Contador Matricial.elf
Finished building: default.size.stdout
 
Finished building: Contador Matricial.list
 
12:05:37 **** Incremental Build of configuration Debug for project Contador Matricial ****
make -j4 all 
arm-none-eabi-gcc "../Core/Src/main.c" -mcpu=cortex-m0plus -std=gnu11 -g3 -DDEBUG -DUSE_HAL_DRIVER -DSTM32L053xx -c -I../Core/Inc -I../Drivers/STM32L0xx_HAL_Driver/Inc -I../Drivers/STM32L0xx_HAL_Driver/Inc/Legacy -I../Drivers/CMSIS/Device/ST/STM32L0xx/Include -I../Drivers/CMSIS/Include -O0 -ffunction-sections -fdata-sections -Wall -fstack-usage -fcyclomatic-complexity -MMD -MP -MF"Core/Src/main.d" -MT"Core/Src/main.o" --specs=nano.specs -mfloat-abi=soft -mthumb -o "Core/Src/main.o"
arm-none-eabi-gcc -o "Contador Matricial.elf" @"objects.list"   -mcpu=cortex-m0plus -T"C:\Users\danie\OneDrive\Desktop\Microcontroladores\Microcontroladores\Projeto Contador Matricial\Contador Matricial\STM32L053R8TX_FLASH.ld" --specs=nosys.specs -Wl,-Map="Contador Matricial.map" -Wl,--gc-sections -static --specs=nano.specs -mfloat-abi=soft -mthumb -Wl,--start-group -lc -lm -Wl,--end-group
C:/ST/STM32CubeIDE_1.18.0/STM32CubeIDE/plugins/com.st.stm32cube.ide.mcu.externaltools.gnu-tools-for-stm32.13.3.rel1.win32_1.0.0.202411081344/tools/bin/../lib/gcc/arm-none-eabi/13.3.1/../../../../arm-none-eabi/bin/ld.exe: warning: Contador Matricial.elf has a LOAD segment with RWX permissions
Finished building target: Contador Matricial.elf
 
arm-none-eabi-size  Contador\ Matricial.elf 
arm-none-eabi-objdump -h -S Contador\ Matricial.elf  > "Contador Matricial.list"
   text	   data	    bss	    dec	    hex	filename
   9428	    108	   1644	  11180	   2bac	Contador Matricial.elf
Finished building: default.size.stdout
 
Finished building: Contador Matricial.list
 
12:06:27 **** Incremental Build of configuration Debug for project Contador Matricial ****
make -j4 all 
arm-none-eabi-gcc "../Core/Src/main.c" -mcpu=cortex-m0plus -std=gnu11 -g3 -DDEBUG -DUSE_HAL_DRIVER -DSTM32L053xx -c -I../Core/Inc -I../Drivers/STM32L0xx_HAL_Driver/Inc -I../Drivers/STM32L0xx_HAL_Driver/Inc/Legacy -I../Drivers/CMSIS/Device/ST/STM32L0xx/Include -I../Drivers/CMSIS/Include -O0 -ffunction-sections -fdata-sections -Wall -fstack-usage -fcyclomatic-complexity -MMD -MP -MF"Core/Src/main.d" -MT"Core/Src/main.o" --specs=nano.specs -mfloat-abi=soft -mthumb -o "Core/Src/main.o"
arm-none-eabi-gcc -o "Contador Matricial.elf" @"objects.list"   -mcpu=cortex-m0plus -T"C:\Users\danie\OneDrive\Desktop\Microcontroladores\Microcontroladores\Projeto Contador Matricial\Contador Matricial\STM32L053R8TX_FLASH.ld" --specs=nosys.specs -Wl,-Map="Contador Matricial.map" -Wl,--gc-sections -static --specs=nano.specs -mfloat-abi=soft -mthumb -Wl,--start-group -lc -lm -Wl,--end-group
C:/ST/STM32CubeIDE_1.18.0/STM32CubeIDE/plugins/com.st.stm32cube.ide.mcu.externaltools.gnu-tools-for-stm32.13.3.rel1.win32_1.0.0.202411081344/tools/bin/../lib/gcc/arm-none-eabi/13.3.1/../../../../arm-none-eabi/bin/ld.exe: warning: Contador Matricial.elf has a LOAD segment with RWX permissions
Finished building target: Contador Matricial.elf
 
arm-none-eabi-size  Contador\ Matricial.elf 
arm-none-eabi-objdump -h -S Contador\ Matricial.elf  > "Contador Matricial.list"
   text	   data	    bss	    dec	    hex	filename
   9432	    108	   1644	  11184	   2bb0	Contador Matricial.elf
Finished building: default.size.stdout
 
Finished building: Contador Matricial.list
 
12:07:38 **** Incremental Build of configuration Debug for project Contador Matricial ****
make -j4 all 
arm-none-eabi-gcc "../Core/Src/main.c" -mcpu=cortex-m0plus -std=gnu11 -g3 -DDEBUG -DUSE_HAL_DRIVER -DSTM32L053xx -c -I../Core/Inc -I../Drivers/STM32L0xx_HAL_Driver/Inc -I../Drivers/STM32L0xx_HAL_Driver/Inc/Legacy -I../Drivers/CMSIS/Device/ST/STM32L0xx/Include -I../Drivers/CMSIS/Include -O0 -ffunction-sections -fdata-sections -Wall -fstack-usage -fcyclomatic-complexity -MMD -MP -MF"Core/Src/main.d" -MT"Core/Src/main.o" --specs=nano.specs -mfloat-abi=soft -mthumb -o "Core/Src/main.o"
arm-none-eabi-gcc -o "Contador Matricial.elf" @"objects.list"   -mcpu=cortex-m0plus -T"C:\Users\danie\OneDrive\Desktop\Microcontroladores\Microcontroladores\Projeto Contador Matricial\Contador Matricial\STM32L053R8TX_FLASH.ld" --specs=nosys.specs -Wl,-Map="Contador Matricial.map" -Wl,--gc-sections -static --specs=nano.specs -mfloat-abi=soft -mthumb -Wl,--start-group -lc -lm -Wl,--end-group
C:/ST/STM32CubeIDE_1.18.0/STM32CubeIDE/plugins/com.st.stm32cube.ide.mcu.externaltools.gnu-tools-for-stm32.13.3.rel1.win32_1.0.0.202411081344/tools/bin/../lib/gcc/arm-none-eabi/13.3.1/../../../../arm-none-eabi/bin/ld.exe: warning: Contador Matricial.elf has a LOAD segment with RWX permissions
Finished building target: Contador Matricial.elf
 
arm-none-eabi-size  Contador\ Matricial.elf 
arm-none-eabi-objdump -h -S Contador\ Matricial.elf  > "Contador Matricial.list"
   text	   data	    bss	    dec	    hex	filename
   9420	    108	   1644	  11172	   2ba4	Contador Matricial.elf
Finished building: default.size.stdout
 
Finished building: Contador Matricial.list
 
12:13:35 **** Incremental Build of configuration Debug for project Contador Matricial ****
make -j4 all 
arm-none-eabi-gcc "../Core/Src/main.c" -mcpu=cortex-m0plus -std=gnu11 -g3 -DDEBUG -DUSE_HAL_DRIVER -DSTM32L053xx -c -I../Core/Inc -I../Drivers/STM32L0xx_HAL_Driver/Inc -I../Drivers/STM32L0xx_HAL_Driver/Inc/Legacy -I../Drivers/CMSIS/Device/ST/STM32L0xx/Include -I../Drivers/CMSIS/Include -O0 -ffunction-sections -fdata-sections -Wall -fstack-usage -fcyclomatic-complexity -MMD -MP -MF"Core/Src/main.d" -MT"Core/Src/main.o" --specs=nano.specs -mfloat-abi=soft -mthumb -o "Core/Src/main.o"
arm-none-eabi-gcc "../Core/Src/tim.c" -mcpu=cortex-m0plus -std=gnu11 -g3 -DDEBUG -DUSE_HAL_DRIVER -DSTM32L053xx -c -I../Core/Inc -I../Drivers/STM32L0xx_HAL_Driver/Inc -I../Drivers/STM32L0xx_HAL_Driver/Inc/Legacy -I../Drivers/CMSIS/Device/ST/STM32L0xx/Include -I../Drivers/CMSIS/Include -O0 -ffunction-sections -fdata-sections -Wall -fstack-usage -fcyclomatic-complexity -MMD -MP -MF"Core/Src/tim.d" -MT"Core/Src/tim.o" --specs=nano.specs -mfloat-abi=soft -mthumb -o "Core/Src/tim.o"
arm-none-eabi-gcc -o "Contador Matricial.elf" @"objects.list"   -mcpu=cortex-m0plus -T"C:\Users\danie\OneDrive\Desktop\Microcontroladores\Microcontroladores\Projeto Contador Matricial\Contador Matricial\STM32L053R8TX_FLASH.ld" --specs=nosys.specs -Wl,-Map="Contador Matricial.map" -Wl,--gc-sections -static --specs=nano.specs -mfloat-abi=soft -mthumb -Wl,--start-group -lc -lm -Wl,--end-group
C:/ST/STM32CubeIDE_1.18.0/STM32CubeIDE/plugins/com.st.stm32cube.ide.mcu.externaltools.gnu-tools-for-stm32.13.3.rel1.win32_1.0.0.202411081344/tools/bin/../lib/gcc/arm-none-eabi/13.3.1/../../../../arm-none-eabi/bin/ld.exe: warning: Contador Matricial.elf has a LOAD segment with RWX permissions
Finished building target: Contador Matricial.elf
 
arm-none-eabi-size  Contador\ Matricial.elf 
arm-none-eabi-objdump -h -S Contador\ Matricial.elf  > "Contador Matricial.list"
   text	   data	    bss	    dec	    hex	filename
   9420	    108	   1644	  11172	   2ba4	Contador Matricial.elf
Finished building: default.size.stdout
 
Finished building: Contador Matricial.list
 
12:15:04 **** Incremental Build of configuration Debug for project Contador Matricial ****
make -j4 all 
arm-none-eabi-gcc "../Core/Src/main.c" -mcpu=cortex-m0plus -std=gnu11 -g3 -DDEBUG -DUSE_HAL_DRIVER -DSTM32L053xx -c -I../Core/Inc -I../Drivers/STM32L0xx_HAL_Driver/Inc -I../Drivers/STM32L0xx_HAL_Driver/Inc/Legacy -I../Drivers/CMSIS/Device/ST/STM32L0xx/Include -I../Drivers/CMSIS/Include -O0 -ffunction-sections -fdata-sections -Wall -fstack-usage -fcyclomatic-complexity -MMD -MP -MF"Core/Src/main.d" -MT"Core/Src/main.o" --specs=nano.specs -mfloat-abi=soft -mthumb -o "Core/Src/main.o"
arm-none-eabi-gcc -o "Contador Matricial.elf" @"objects.list"   -mcpu=cortex-m0plus -T"C:\Users\danie\OneDrive\Desktop\Microcontroladores\Microcontroladores\Projeto Contador Matricial\Contador Matricial\STM32L053R8TX_FLASH.ld" --specs=nosys.specs -Wl,-Map="Contador Matricial.map" -Wl,--gc-sections -static --specs=nano.specs -mfloat-abi=soft -mthumb -Wl,--start-group -lc -lm -Wl,--end-group
C:/ST/STM32CubeIDE_1.18.0/STM32CubeIDE/plugins/com.st.stm32cube.ide.mcu.externaltools.gnu-tools-for-stm32.13.3.rel1.win32_1.0.0.202411081344/tools/bin/../lib/gcc/arm-none-eabi/13.3.1/../../../../arm-none-eabi/bin/ld.exe: warning: Contador Matricial.elf has a LOAD segment with RWX permissions
Finished building target: Contador Matricial.elf
 
arm-none-eabi-size  Contador\ Matricial.elf 
arm-none-eabi-objdump -h -S Contador\ Matricial.elf  > "Contador Matricial.list"
   text	   data	    bss	    dec	    hex	filename
   9412	    108	   1644	  11164	   2b9c	Contador Matricial.elf
Finished building: default.size.stdout
 
Finished building: Contador Matricial.list
 
12:16:06 **** Incremental Build of configuration Debug for project Contador Matricial ****
make -j4 all 
arm-none-eabi-gcc "../Core/Src/main.c" -mcpu=cortex-m0plus -std=gnu11 -g3 -DDEBUG -DUSE_HAL_DRIVER -DSTM32L053xx -c -I../Core/Inc -I../Drivers/STM32L0xx_HAL_Driver/Inc -I../Drivers/STM32L0xx_HAL_Driver/Inc/Legacy -I../Drivers/CMSIS/Device/ST/STM32L0xx/Include -I../Drivers/CMSIS/Include -O0 -ffunction-sections -fdata-sections -Wall -fstack-usage -fcyclomatic-complexity -MMD -MP -MF"Core/Src/main.d" -MT"Core/Src/main.o" --specs=nano.specs -mfloat-abi=soft -mthumb -o "Core/Src/main.o"
arm-none-eabi-gcc -o "Contador Matricial.elf" @"objects.list"   -mcpu=cortex-m0plus -T"C:\Users\danie\OneDrive\Desktop\Microcontroladores\Microcontroladores\Projeto Contador Matricial\Contador Matricial\STM32L053R8TX_FLASH.ld" --specs=nosys.specs -Wl,-Map="Contador Matricial.map" -Wl,--gc-sections -static --specs=nano.specs -mfloat-abi=soft -mthumb -Wl,--start-group -lc -lm -Wl,--end-group
C:/ST/STM32CubeIDE_1.18.0/STM32CubeIDE/plugins/com.st.stm32cube.ide.mcu.externaltools.gnu-tools-for-stm32.13.3.rel1.win32_1.0.0.202411081344/tools/bin/../lib/gcc/arm-none-eabi/13.3.1/../../../../arm-none-eabi/bin/ld.exe: warning: Contador Matricial.elf has a LOAD segment with RWX permissions
Finished building target: Contador Matricial.elf
 
arm-none-eabi-size  Contador\ Matricial.elf 
arm-none-eabi-objdump -h -S Contador\ Matricial.elf  > "Contador Matricial.list"
   text	   data	    bss	    dec	    hex	filename
   9408	    108	   1644	  11160	   2b98	Contador Matricial.elf
Finished building: default.size.stdout
 
Finished building: Contador Matricial.list
 
12:17:09 **** Incremental Build of configuration Debug for project Contador Matricial ****
make -j4 all 
arm-none-eabi-gcc "../Core/Src/main.c" -mcpu=cortex-m0plus -std=gnu11 -g3 -DDEBUG -DUSE_HAL_DRIVER -DSTM32L053xx -c -I../Core/Inc -I../Drivers/STM32L0xx_HAL_Driver/Inc -I../Drivers/STM32L0xx_HAL_Driver/Inc/Legacy -I../Drivers/CMSIS/Device/ST/STM32L0xx/Include -I../Drivers/CMSIS/Include -O0 -ffunction-sections -fdata-sections -Wall -fstack-usage -fcyclomatic-complexity -MMD -MP -MF"Core/Src/main.d" -MT"Core/Src/main.o" --specs=nano.specs -mfloat-abi=soft -mthumb -o "Core/Src/main.o"
arm-none-eabi-gcc -o "Contador Matricial.elf" @"objects.list"   -mcpu=cortex-m0plus -T"C:\Users\danie\OneDrive\Desktop\Microcontroladores\Microcontroladores\Projeto Contador Matricial\Contador Matricial\STM32L053R8TX_FLASH.ld" --specs=nosys.specs -Wl,-Map="Contador Matricial.map" -Wl,--gc-sections -static --specs=nano.specs -mfloat-abi=soft -mthumb -Wl,--start-group -lc -lm -Wl,--end-group
C:/ST/STM32CubeIDE_1.18.0/STM32CubeIDE/plugins/com.st.stm32cube.ide.mcu.externaltools.gnu-tools-for-stm32.13.3.rel1.win32_1.0.0.202411081344/tools/bin/../lib/gcc/arm-none-eabi/13.3.1/../../../../arm-none-eabi/bin/ld.exe: warning: Contador Matricial.elf has a LOAD segment with RWX permissions
Finished building target: Contador Matricial.elf
 
arm-none-eabi-size  Contador\ Matricial.elf 
arm-none-eabi-objdump -h -S Contador\ Matricial.elf  > "Contador Matricial.list"
   text	   data	    bss	    dec	    hex	filename
   9408	    108	   1644	  11160	   2b98	Contador Matricial.elf
Finished building: default.size.stdout
 
Finished building: Contador Matricial.list
 
12:22:22 **** Incremental Build of configuration Debug for project Contador Matricial ****
make -j4 all 
arm-none-eabi-gcc "../Core/Src/main.c" -mcpu=cortex-m0plus -std=gnu11 -g3 -DDEBUG -DUSE_HAL_DRIVER -DSTM32L053xx -c -I../Core/Inc -I../Drivers/STM32L0xx_HAL_Driver/Inc -I../Drivers/STM32L0xx_HAL_Driver/Inc/Legacy -I../Drivers/CMSIS/Device/ST/STM32L0xx/Include -I../Drivers/CMSIS/Include -O0 -ffunction-sections -fdata-sections -Wall -fstack-usage -fcyclomatic-complexity -MMD -MP -MF"Core/Src/main.d" -MT"Core/Src/main.o" --specs=nano.specs -mfloat-abi=soft -mthumb -o "Core/Src/main.o"
../Core/Src/main.c: In function 'Line_Check':
../Core/Src/main.c:268:45: warning: suggest parentheses around assignment used as truth value [-Wparentheses]
  268 |                                         if (atualDisp = 0) countCent = (uint8_t)result;
      |                                             ^~~~~~~~~
../Core/Src/main.c:269:45: warning: suggest parentheses around assignment used as truth value [-Wparentheses]
  269 |                                         if (atualDisp = 1) countDeca = (uint8_t)result;
      |                                             ^~~~~~~~~
../Core/Src/main.c:270:45: warning: suggest parentheses around assignment used as truth value [-Wparentheses]
  270 |                                         if (atualDisp = 2) count     = (uint8_t)result;
      |                                             ^~~~~~~~~
arm-none-eabi-gcc -o "Contador Matricial.elf" @"objects.list"   -mcpu=cortex-m0plus -T"C:\Users\danie\OneDrive\Desktop\Microcontroladores\Microcontroladores\Projeto Contador Matricial\Contador Matricial\STM32L053R8TX_FLASH.ld" --specs=nosys.specs -Wl,-Map="Contador Matricial.map" -Wl,--gc-sections -static --specs=nano.specs -mfloat-abi=soft -mthumb -Wl,--start-group -lc -lm -Wl,--end-group
C:/ST/STM32CubeIDE_1.18.0/STM32CubeIDE/plugins/com.st.stm32cube.ide.mcu.externaltools.gnu-tools-for-stm32.13.3.rel1.win32_1.0.0.202411081344/tools/bin/../lib/gcc/arm-none-eabi/13.3.1/../../../../arm-none-eabi/bin/ld.exe: warning: Contador Matricial.elf has a LOAD segment with RWX permissions
Finished building target: Contador Matricial.elf
 
arm-none-eabi-size  Contador\ Matricial.elf 
arm-none-eabi-objdump -h -S Contador\ Matricial.elf  > "Contador Matricial.list"
   text	   data	    bss	    dec	    hex	filename
   9448	    108	   1644	  11200	   2bc0	Contador Matricial.elf
Finished building: default.size.stdout
 
Finished building: Contador Matricial.list
 
12:22:59 **** Incremental Build of configuration Debug for project Contador Matricial ****
make -j4 all 
arm-none-eabi-gcc "../Core/Src/main.c" -mcpu=cortex-m0plus -std=gnu11 -g3 -DDEBUG -DUSE_HAL_DRIVER -DSTM32L053xx -c -I../Core/Inc -I../Drivers/STM32L0xx_HAL_Driver/Inc -I../Drivers/STM32L0xx_HAL_Driver/Inc/Legacy -I../Drivers/CMSIS/Device/ST/STM32L0xx/Include -I../Drivers/CMSIS/Include -O0 -ffunction-sections -fdata-sections -Wall -fstack-usage -fcyclomatic-complexity -MMD -MP -MF"Core/Src/main.d" -MT"Core/Src/main.o" --specs=nano.specs -mfloat-abi=soft -mthumb -o "Core/Src/main.o"
arm-none-eabi-gcc -o "Contador Matricial.elf" @"objects.list"   -mcpu=cortex-m0plus -T"C:\Users\danie\OneDrive\Desktop\Microcontroladores\Microcontroladores\Projeto Contador Matricial\Contador Matricial\STM32L053R8TX_FLASH.ld" --specs=nosys.specs -Wl,-Map="Contador Matricial.map" -Wl,--gc-sections -static --specs=nano.specs -mfloat-abi=soft -mthumb -Wl,--start-group -lc -lm -Wl,--end-group
C:/ST/STM32CubeIDE_1.18.0/STM32CubeIDE/plugins/com.st.stm32cube.ide.mcu.externaltools.gnu-tools-for-stm32.13.3.rel1.win32_1.0.0.202411081344/tools/bin/../lib/gcc/arm-none-eabi/13.3.1/../../../../arm-none-eabi/bin/ld.exe: warning: Contador Matricial.elf has a LOAD segment with RWX permissions
Finished building target: Contador Matricial.elf
 
arm-none-eabi-size  Contador\ Matricial.elf 
arm-none-eabi-objdump -h -S Contador\ Matricial.elf  > "Contador Matricial.list"
   text	   data	    bss	    dec	    hex	filename
   9468	    108	   1644	  11220	   2bd4	Contador Matricial.elf
Finished building: default.size.stdout
 
Finished building: Contador Matricial.list
 
12:25:51 **** Incremental Build of configuration Debug for project Contador Matricial ****
make -j4 all 
arm-none-eabi-gcc "../Core/Src/main.c" -mcpu=cortex-m0plus -std=gnu11 -g3 -DDEBUG -DUSE_HAL_DRIVER -DSTM32L053xx -c -I../Core/Inc -I../Drivers/STM32L0xx_HAL_Driver/Inc -I../Drivers/STM32L0xx_HAL_Driver/Inc/Legacy -I../Drivers/CMSIS/Device/ST/STM32L0xx/Include -I../Drivers/CMSIS/Include -O0 -ffunction-sections -fdata-sections -Wall -fstack-usage -fcyclomatic-complexity -MMD -MP -MF"Core/Src/main.d" -MT"Core/Src/main.o" --specs=nano.specs -mfloat-abi=soft -mthumb -o "Core/Src/main.o"
arm-none-eabi-gcc -o "Contador Matricial.elf" @"objects.list"   -mcpu=cortex-m0plus -T"C:\Users\danie\OneDrive\Desktop\Microcontroladores\Microcontroladores\Projeto Contador Matricial\Contador Matricial\STM32L053R8TX_FLASH.ld" --specs=nosys.specs -Wl,-Map="Contador Matricial.map" -Wl,--gc-sections -static --specs=nano.specs -mfloat-abi=soft -mthumb -Wl,--start-group -lc -lm -Wl,--end-group
C:/ST/STM32CubeIDE_1.18.0/STM32CubeIDE/plugins/com.st.stm32cube.ide.mcu.externaltools.gnu-tools-for-stm32.13.3.rel1.win32_1.0.0.202411081344/tools/bin/../lib/gcc/arm-none-eabi/13.3.1/../../../../arm-none-eabi/bin/ld.exe: warning: Contador Matricial.elf has a LOAD segment with RWX permissions
Finished building target: Contador Matricial.elf
 
arm-none-eabi-size  Contador\ Matricial.elf 
arm-none-eabi-objdump -h -S Contador\ Matricial.elf  > "Contador Matricial.list"
   text	   data	    bss	    dec	    hex	filename
   9468	    108	   1644	  11220	   2bd4	Contador Matricial.elf
Finished building: default.size.stdout
 
Finished building: Contador Matricial.list
 
12:28:50 **** Incremental Build of configuration Debug for project Contador Matricial ****
make -j4 all 
arm-none-eabi-gcc "../Core/Src/main.c" -mcpu=cortex-m0plus -std=gnu11 -g3 -DDEBUG -DUSE_HAL_DRIVER -DSTM32L053xx -c -I../Core/Inc -I../Drivers/STM32L0xx_HAL_Driver/Inc -I../Drivers/STM32L0xx_HAL_Driver/Inc/Legacy -I../Drivers/CMSIS/Device/ST/STM32L0xx/Include -I../Drivers/CMSIS/Include -O0 -ffunction-sections -fdata-sections -Wall -fstack-usage -fcyclomatic-complexity -MMD -MP -MF"Core/Src/main.d" -MT"Core/Src/main.o" --specs=nano.specs -mfloat-abi=soft -mthumb -o "Core/Src/main.o"
arm-none-eabi-gcc -o "Contador Matricial.elf" @"objects.list"   -mcpu=cortex-m0plus -T"C:\Users\danie\OneDrive\Desktop\Microcontroladores\Microcontroladores\Projeto Contador Matricial\Contador Matricial\STM32L053R8TX_FLASH.ld" --specs=nosys.specs -Wl,-Map="Contador Matricial.map" -Wl,--gc-sections -static --specs=nano.specs -mfloat-abi=soft -mthumb -Wl,--start-group -lc -lm -Wl,--end-group
C:/ST/STM32CubeIDE_1.18.0/STM32CubeIDE/plugins/com.st.stm32cube.ide.mcu.externaltools.gnu-tools-for-stm32.13.3.rel1.win32_1.0.0.202411081344/tools/bin/../lib/gcc/arm-none-eabi/13.3.1/../../../../arm-none-eabi/bin/ld.exe: warning: Contador Matricial.elf has a LOAD segment with RWX permissions
Finished building target: Contador Matricial.elf
 
arm-none-eabi-size  Contador\ Matricial.elf 
arm-none-eabi-objdump -h -S Contador\ Matricial.elf  > "Contador Matricial.list"
   text	   data	    bss	    dec	    hex	filename
   9468	    108	   1644	  11220	   2bd4	Contador Matricial.elf
Finished building: default.size.stdout
 
Finished building: Contador Matricial.list
 
