13:30:33 **** Build of configuration Debug for project Projeto matriz RGB ****
make -j4 all 
arm-none-eabi-gcc "../Drivers/STM32L0xx_HAL_Driver/Src/stm32l0xx_hal.c" -mcpu=cortex-m0plus -std=gnu11 -g3 -DDEBUG -DUSE_HAL_DRIVER -DSTM32L053xx -c -I../Core/Inc -I../Drivers/STM32L0xx_HAL_Driver/Inc -I../Drivers/STM32L0xx_HAL_Driver/Inc/Legacy -I../Drivers/CMSIS/Device/ST/STM32L0xx/Include -I../Drivers/CMSIS/Include -O0 -ffunction-sections -fdata-sections -Wall -fstack-usage -fcyclomatic-complexity -MMD -MP -MF"Drivers/STM32L0xx_HAL_Driver/Src/stm32l0xx_hal.d" -MT"Drivers/STM32L0xx_HAL_Driver/Src/stm32l0xx_hal.o" --specs=nano.specs -mfloat-abi=soft -mthumb -o "Drivers/STM32L0xx_HAL_Driver/Src/stm32l0xx_hal.o"
arm-none-eabi-gcc "../Drivers/STM32L0xx_HAL_Driver/Src/stm32l0xx_hal_cortex.c" -mcpu=cortex-m0plus -std=gnu11 -g3 -DDEBUG -DUSE_HAL_DRIVER -DSTM32L053xx -c -I../Core/Inc -I../Drivers/STM32L0xx_HAL_Driver/Inc -I../Drivers/STM32L0xx_HAL_Driver/Inc/Legacy -I../Drivers/CMSIS/Device/ST/STM32L0xx/Include -I../Drivers/CMSIS/Include -O0 -ffunction-sections -fdata-sections -Wall -fstack-usage -fcyclomatic-complexity -MMD -MP -MF"Drivers/STM32L0xx_HAL_Driver/Src/stm32l0xx_hal_cortex.d" -MT"Drivers/STM32L0xx_HAL_Driver/Src/stm32l0xx_hal_cortex.o" --specs=nano.specs -mfloat-abi=soft -mthumb -o "Drivers/STM32L0xx_HAL_Driver/Src/stm32l0xx_hal_cortex.o"
arm-none-eabi-gcc "../Drivers/STM32L0xx_HAL_Driver/Src/stm32l0xx_hal_dma.c" -mcpu=cortex-m0plus -std=gnu11 -g3 -DDEBUG -DUSE_HAL_DRIVER -DSTM32L053xx -c -I../Core/Inc -I../Drivers/STM32L0xx_HAL_Driver/Inc -I../Drivers/STM32L0xx_HAL_Driver/Inc/Legacy -I../Drivers/CMSIS/Device/ST/STM32L0xx/Include -I../Drivers/CMSIS/Include -O0 -ffunction-sections -fdata-sections -Wall -fstack-usage -fcyclomatic-complexity -MMD -MP -MF"Drivers/STM32L0xx_HAL_Driver/Src/stm32l0xx_hal_dma.d" -MT"Drivers/STM32L0xx_HAL_Driver/Src/stm32l0xx_hal_dma.o" --specs=nano.specs -mfloat-abi=soft -mthumb -o "Drivers/STM32L0xx_HAL_Driver/Src/stm32l0xx_hal_dma.o"
arm-none-eabi-gcc "../Drivers/STM32L0xx_HAL_Driver/Src/stm32l0xx_hal_exti.c" -mcpu=cortex-m0plus -std=gnu11 -g3 -DDEBUG -DUSE_HAL_DRIVER -DSTM32L053xx -c -I../Core/Inc -I../Drivers/STM32L0xx_HAL_Driver/Inc -I../Drivers/STM32L0xx_HAL_Driver/Inc/Legacy -I../Drivers/CMSIS/Device/ST/STM32L0xx/Include -I../Drivers/CMSIS/Include -O0 -ffunction-sections -fdata-sections -Wall -fstack-usage -fcyclomatic-complexity -MMD -MP -MF"Drivers/STM32L0xx_HAL_Driver/Src/stm32l0xx_hal_exti.d" -MT"Drivers/STM32L0xx_HAL_Driver/Src/stm32l0xx_hal_exti.o" --specs=nano.specs -mfloat-abi=soft -mthumb -o "Drivers/STM32L0xx_HAL_Driver/Src/stm32l0xx_hal_exti.o"
arm-none-eabi-gcc "../Drivers/STM32L0xx_HAL_Driver/Src/stm32l0xx_hal_flash.c" -mcpu=cortex-m0plus -std=gnu11 -g3 -DDEBUG -DUSE_HAL_DRIVER -DSTM32L053xx -c -I../Core/Inc -I../Drivers/STM32L0xx_HAL_Driver/Inc -I../Drivers/STM32L0xx_HAL_Driver/Inc/Legacy -I../Drivers/CMSIS/Device/ST/STM32L0xx/Include -I../Drivers/CMSIS/Include -O0 -ffunction-sections -fdata-sections -Wall -fstack-usage -fcyclomatic-complexity -MMD -MP -MF"Drivers/STM32L0xx_HAL_Driver/Src/stm32l0xx_hal_flash.d" -MT"Drivers/STM32L0xx_HAL_Driver/Src/stm32l0xx_hal_flash.o" --specs=nano.specs -mfloat-abi=soft -mthumb -o "Drivers/STM32L0xx_HAL_Driver/Src/stm32l0xx_hal_flash.o"
arm-none-eabi-gcc "../Drivers/STM32L0xx_HAL_Driver/Src/stm32l0xx_hal_flash_ex.c" -mcpu=cortex-m0plus -std=gnu11 -g3 -DDEBUG -DUSE_HAL_DRIVER -DSTM32L053xx -c -I../Core/Inc -I../Drivers/STM32L0xx_HAL_Driver/Inc -I../Drivers/STM32L0xx_HAL_Driver/Inc/Legacy -I../Drivers/CMSIS/Device/ST/STM32L0xx/Include -I../Drivers/CMSIS/Include -O0 -ffunction-sections -fdata-sections -Wall -fstack-usage -fcyclomatic-complexity -MMD -MP -MF"Drivers/STM32L0xx_HAL_Driver/Src/stm32l0xx_hal_flash_ex.d" -MT"Drivers/STM32L0xx_HAL_Driver/Src/stm32l0xx_hal_flash_ex.o" --specs=nano.specs -mfloat-abi=soft -mthumb -o "Drivers/STM32L0xx_HAL_Driver/Src/stm32l0xx_hal_flash_ex.o"
arm-none-eabi-gcc "../Drivers/STM32L0xx_HAL_Driver/Src/stm32l0xx_hal_flash_ramfunc.c" -mcpu=cortex-m0plus -std=gnu11 -g3 -DDEBUG -DUSE_HAL_DRIVER -DSTM32L053xx -c -I../Core/Inc -I../Drivers/STM32L0xx_HAL_Driver/Inc -I../Drivers/STM32L0xx_HAL_Driver/Inc/Legacy -I../Drivers/CMSIS/Device/ST/STM32L0xx/Include -I../Drivers/CMSIS/Include -O0 -ffunction-sections -fdata-sections -Wall -fstack-usage -fcyclomatic-complexity -MMD -MP -MF"Drivers/STM32L0xx_HAL_Driver/Src/stm32l0xx_hal_flash_ramfunc.d" -MT"Drivers/STM32L0xx_HAL_Driver/Src/stm32l0xx_hal_flash_ramfunc.o" --specs=nano.specs -mfloat-abi=soft -mthumb -o "Drivers/STM32L0xx_HAL_Driver/Src/stm32l0xx_hal_flash_ramfunc.o"
arm-none-eabi-gcc "../Drivers/STM32L0xx_HAL_Driver/Src/stm32l0xx_hal_gpio.c" -mcpu=cortex-m0plus -std=gnu11 -g3 -DDEBUG -DUSE_HAL_DRIVER -DSTM32L053xx -c -I../Core/Inc -I../Drivers/STM32L0xx_HAL_Driver/Inc -I../Drivers/STM32L0xx_HAL_Driver/Inc/Legacy -I../Drivers/CMSIS/Device/ST/STM32L0xx/Include -I../Drivers/CMSIS/Include -O0 -ffunction-sections -fdata-sections -Wall -fstack-usage -fcyclomatic-complexity -MMD -MP -MF"Drivers/STM32L0xx_HAL_Driver/Src/stm32l0xx_hal_gpio.d" -MT"Drivers/STM32L0xx_HAL_Driver/Src/stm32l0xx_hal_gpio.o" --specs=nano.specs -mfloat-abi=soft -mthumb -o "Drivers/STM32L0xx_HAL_Driver/Src/stm32l0xx_hal_gpio.o"
arm-none-eabi-gcc "../Drivers/STM32L0xx_HAL_Driver/Src/stm32l0xx_hal_i2c.c" -mcpu=cortex-m0plus -std=gnu11 -g3 -DDEBUG -DUSE_HAL_DRIVER -DSTM32L053xx -c -I../Core/Inc -I../Drivers/STM32L0xx_HAL_Driver/Inc -I../Drivers/STM32L0xx_HAL_Driver/Inc/Legacy -I../Drivers/CMSIS/Device/ST/STM32L0xx/Include -I../Drivers/CMSIS/Include -O0 -ffunction-sections -fdata-sections -Wall -fstack-usage -fcyclomatic-complexity -MMD -MP -MF"Drivers/STM32L0xx_HAL_Driver/Src/stm32l0xx_hal_i2c.d" -MT"Drivers/STM32L0xx_HAL_Driver/Src/stm32l0xx_hal_i2c.o" --specs=nano.specs -mfloat-abi=soft -mthumb -o "Drivers/STM32L0xx_HAL_Driver/Src/stm32l0xx_hal_i2c.o"
arm-none-eabi-gcc "../Drivers/STM32L0xx_HAL_Driver/Src/stm32l0xx_hal_i2c_ex.c" -mcpu=cortex-m0plus -std=gnu11 -g3 -DDEBUG -DUSE_HAL_DRIVER -DSTM32L053xx -c -I../Core/Inc -I../Drivers/STM32L0xx_HAL_Driver/Inc -I../Drivers/STM32L0xx_HAL_Driver/Inc/Legacy -I../Drivers/CMSIS/Device/ST/STM32L0xx/Include -I../Drivers/CMSIS/Include -O0 -ffunction-sections -fdata-sections -Wall -fstack-usage -fcyclomatic-complexity -MMD -MP -MF"Drivers/STM32L0xx_HAL_Driver/Src/stm32l0xx_hal_i2c_ex.d" -MT"Drivers/STM32L0xx_HAL_Driver/Src/stm32l0xx_hal_i2c_ex.o" --specs=nano.specs -mfloat-abi=soft -mthumb -o "Drivers/STM32L0xx_HAL_Driver/Src/stm32l0xx_hal_i2c_ex.o"
arm-none-eabi-gcc "../Drivers/STM32L0xx_HAL_Driver/Src/stm32l0xx_hal_pwr.c" -mcpu=cortex-m0plus -std=gnu11 -g3 -DDEBUG -DUSE_HAL_DRIVER -DSTM32L053xx -c -I../Core/Inc -I../Drivers/STM32L0xx_HAL_Driver/Inc -I../Drivers/STM32L0xx_HAL_Driver/Inc/Legacy -I../Drivers/CMSIS/Device/ST/STM32L0xx/Include -I../Drivers/CMSIS/Include -O0 -ffunction-sections -fdata-sections -Wall -fstack-usage -fcyclomatic-complexity -MMD -MP -MF"Drivers/STM32L0xx_HAL_Driver/Src/stm32l0xx_hal_pwr.d" -MT"Drivers/STM32L0xx_HAL_Driver/Src/stm32l0xx_hal_pwr.o" --specs=nano.specs -mfloat-abi=soft -mthumb -o "Drivers/STM32L0xx_HAL_Driver/Src/stm32l0xx_hal_pwr.o"
arm-none-eabi-gcc "../Drivers/STM32L0xx_HAL_Driver/Src/stm32l0xx_hal_pwr_ex.c" -mcpu=cortex-m0plus -std=gnu11 -g3 -DDEBUG -DUSE_HAL_DRIVER -DSTM32L053xx -c -I../Core/Inc -I../Drivers/STM32L0xx_HAL_Driver/Inc -I../Drivers/STM32L0xx_HAL_Driver/Inc/Legacy -I../Drivers/CMSIS/Device/ST/STM32L0xx/Include -I../Drivers/CMSIS/Include -O0 -ffunction-sections -fdata-sections -Wall -fstack-usage -fcyclomatic-complexity -MMD -MP -MF"Drivers/STM32L0xx_HAL_Driver/Src/stm32l0xx_hal_pwr_ex.d" -MT"Drivers/STM32L0xx_HAL_Driver/Src/stm32l0xx_hal_pwr_ex.o" --specs=nano.specs -mfloat-abi=soft -mthumb -o "Drivers/STM32L0xx_HAL_Driver/Src/stm32l0xx_hal_pwr_ex.o"
arm-none-eabi-gcc "../Drivers/STM32L0xx_HAL_Driver/Src/stm32l0xx_hal_rcc.c" -mcpu=cortex-m0plus -std=gnu11 -g3 -DDEBUG -DUSE_HAL_DRIVER -DSTM32L053xx -c -I../Core/Inc -I../Drivers/STM32L0xx_HAL_Driver/Inc -I../Drivers/STM32L0xx_HAL_Driver/Inc/Legacy -I../Drivers/CMSIS/Device/ST/STM32L0xx/Include -I../Drivers/CMSIS/Include -O0 -ffunction-sections -fdata-sections -Wall -fstack-usage -fcyclomatic-complexity -MMD -MP -MF"Drivers/STM32L0xx_HAL_Driver/Src/stm32l0xx_hal_rcc.d" -MT"Drivers/STM32L0xx_HAL_Driver/Src/stm32l0xx_hal_rcc.o" --specs=nano.specs -mfloat-abi=soft -mthumb -o "Drivers/STM32L0xx_HAL_Driver/Src/stm32l0xx_hal_rcc.o"
arm-none-eabi-gcc "../Drivers/STM32L0xx_HAL_Driver/Src/stm32l0xx_hal_rcc_ex.c" -mcpu=cortex-m0plus -std=gnu11 -g3 -DDEBUG -DUSE_HAL_DRIVER -DSTM32L053xx -c -I../Core/Inc -I../Drivers/STM32L0xx_HAL_Driver/Inc -I../Drivers/STM32L0xx_HAL_Driver/Inc/Legacy -I../Drivers/CMSIS/Device/ST/STM32L0xx/Include -I../Drivers/CMSIS/Include -O0 -ffunction-sections -fdata-sections -Wall -fstack-usage -fcyclomatic-complexity -MMD -MP -MF"Drivers/STM32L0xx_HAL_Driver/Src/stm32l0xx_hal_rcc_ex.d" -MT"Drivers/STM32L0xx_HAL_Driver/Src/stm32l0xx_hal_rcc_ex.o" --specs=nano.specs -mfloat-abi=soft -mthumb -o "Drivers/STM32L0xx_HAL_Driver/Src/stm32l0xx_hal_rcc_ex.o"
arm-none-eabi-gcc "../Drivers/STM32L0xx_HAL_Driver/Src/stm32l0xx_hal_tim.c" -mcpu=cortex-m0plus -std=gnu11 -g3 -DDEBUG -DUSE_HAL_DRIVER -DSTM32L053xx -c -I../Core/Inc -I../Drivers/STM32L0xx_HAL_Driver/Inc -I../Drivers/STM32L0xx_HAL_Driver/Inc/Legacy -I../Drivers/CMSIS/Device/ST/STM32L0xx/Include -I../Drivers/CMSIS/Include -O0 -ffunction-sections -fdata-sections -Wall -fstack-usage -fcyclomatic-complexity -MMD -MP -MF"Drivers/STM32L0xx_HAL_Driver/Src/stm32l0xx_hal_tim.d" -MT"Drivers/STM32L0xx_HAL_Driver/Src/stm32l0xx_hal_tim.o" --specs=nano.specs -mfloat-abi=soft -mthumb -o "Drivers/STM32L0xx_HAL_Driver/Src/stm32l0xx_hal_tim.o"
arm-none-eabi-gcc "../Drivers/STM32L0xx_HAL_Driver/Src/stm32l0xx_hal_tim_ex.c" -mcpu=cortex-m0plus -std=gnu11 -g3 -DDEBUG -DUSE_HAL_DRIVER -DSTM32L053xx -c -I../Core/Inc -I../Drivers/STM32L0xx_HAL_Driver/Inc -I../Drivers/STM32L0xx_HAL_Driver/Inc/Legacy -I../Drivers/CMSIS/Device/ST/STM32L0xx/Include -I../Drivers/CMSIS/Include -O0 -ffunction-sections -fdata-sections -Wall -fstack-usage -fcyclomatic-complexity -MMD -MP -MF"Drivers/STM32L0xx_HAL_Driver/Src/stm32l0xx_hal_tim_ex.d" -MT"Drivers/STM32L0xx_HAL_Driver/Src/stm32l0xx_hal_tim_ex.o" --specs=nano.specs -mfloat-abi=soft -mthumb -o "Drivers/STM32L0xx_HAL_Driver/Src/stm32l0xx_hal_tim_ex.o"
arm-none-eabi-gcc -mcpu=cortex-m0plus -g3 -DDEBUG -c -x assembler-with-cpp -MMD -MP -MF"Core/Startup/startup_stm32l053r8tx.d" -MT"Core/Startup/startup_stm32l053r8tx.o" --specs=nano.specs -mfloat-abi=soft -mthumb -o "Core/Startup/startup_stm32l053r8tx.o" "../Core/Startup/startup_stm32l053r8tx.s"
arm-none-eabi-gcc "../Core/Src/main.c" -mcpu=cortex-m0plus -std=gnu11 -g3 -DDEBUG -DUSE_HAL_DRIVER -DSTM32L053xx -c -I../Core/Inc -I../Drivers/STM32L0xx_HAL_Driver/Inc -I../Drivers/STM32L0xx_HAL_Driver/Inc/Legacy -I../Drivers/CMSIS/Device/ST/STM32L0xx/Include -I../Drivers/CMSIS/Include -O0 -ffunction-sections -fdata-sections -Wall -fstack-usage -fcyclomatic-complexity -MMD -MP -MF"Core/Src/main.d" -MT"Core/Src/main.o" --specs=nano.specs -mfloat-abi=soft -mthumb -o "Core/Src/main.o"
arm-none-eabi-gcc "../Core/Src/stm32l0xx_hal_msp.c" -mcpu=cortex-m0plus -std=gnu11 -g3 -DDEBUG -DUSE_HAL_DRIVER -DSTM32L053xx -c -I../Core/Inc -I../Drivers/STM32L0xx_HAL_Driver/Inc -I../Drivers/STM32L0xx_HAL_Driver/Inc/Legacy -I../Drivers/CMSIS/Device/ST/STM32L0xx/Include -I../Drivers/CMSIS/Include -O0 -ffunction-sections -fdata-sections -Wall -fstack-usage -fcyclomatic-complexity -MMD -MP -MF"Core/Src/stm32l0xx_hal_msp.d" -MT"Core/Src/stm32l0xx_hal_msp.o" --specs=nano.specs -mfloat-abi=soft -mthumb -o "Core/Src/stm32l0xx_hal_msp.o"
arm-none-eabi-gcc "../Core/Src/stm32l0xx_it.c" -mcpu=cortex-m0plus -std=gnu11 -g3 -DDEBUG -DUSE_HAL_DRIVER -DSTM32L053xx -c -I../Core/Inc -I../Drivers/STM32L0xx_HAL_Driver/Inc -I../Drivers/STM32L0xx_HAL_Driver/Inc/Legacy -I../Drivers/CMSIS/Device/ST/STM32L0xx/Include -I../Drivers/CMSIS/Include -O0 -ffunction-sections -fdata-sections -Wall -fstack-usage -fcyclomatic-complexity -MMD -MP -MF"Core/Src/stm32l0xx_it.d" -MT"Core/Src/stm32l0xx_it.o" --specs=nano.specs -mfloat-abi=soft -mthumb -o "Core/Src/stm32l0xx_it.o"
arm-none-eabi-gcc "../Core/Src/syscalls.c" -mcpu=cortex-m0plus -std=gnu11 -g3 -DDEBUG -DUSE_HAL_DRIVER -DSTM32L053xx -c -I../Core/Inc -I../Drivers/STM32L0xx_HAL_Driver/Inc -I../Drivers/STM32L0xx_HAL_Driver/Inc/Legacy -I../Drivers/CMSIS/Device/ST/STM32L0xx/Include -I../Drivers/CMSIS/Include -O0 -ffunction-sections -fdata-sections -Wall -fstack-usage -fcyclomatic-complexity -MMD -MP -MF"Core/Src/syscalls.d" -MT"Core/Src/syscalls.o" --specs=nano.specs -mfloat-abi=soft -mthumb -o "Core/Src/syscalls.o"
arm-none-eabi-gcc "../Core/Src/sysmem.c" -mcpu=cortex-m0plus -std=gnu11 -g3 -DDEBUG -DUSE_HAL_DRIVER -DSTM32L053xx -c -I../Core/Inc -I../Drivers/STM32L0xx_HAL_Driver/Inc -I../Drivers/STM32L0xx_HAL_Driver/Inc/Legacy -I../Drivers/CMSIS/Device/ST/STM32L0xx/Include -I../Drivers/CMSIS/Include -O0 -ffunction-sections -fdata-sections -Wall -fstack-usage -fcyclomatic-complexity -MMD -MP -MF"Core/Src/sysmem.d" -MT"Core/Src/sysmem.o" --specs=nano.specs -mfloat-abi=soft -mthumb -o "Core/Src/sysmem.o"
arm-none-eabi-gcc "../Core/Src/system_stm32l0xx.c" -mcpu=cortex-m0plus -std=gnu11 -g3 -DDEBUG -DUSE_HAL_DRIVER -DSTM32L053xx -c -I../Core/Inc -I../Drivers/STM32L0xx_HAL_Driver/Inc -I../Drivers/STM32L0xx_HAL_Driver/Inc/Legacy -I../Drivers/CMSIS/Device/ST/STM32L0xx/Include -I../Drivers/CMSIS/Include -O0 -ffunction-sections -fdata-sections -Wall -fstack-usage -fcyclomatic-complexity -MMD -MP -MF"Core/Src/system_stm32l0xx.d" -MT"Core/Src/system_stm32l0xx.o" --specs=nano.specs -mfloat-abi=soft -mthumb -o "Core/Src/system_stm32l0xx.o"
arm-none-eabi-gcc -o "Projeto matriz RGB.elf" @"objects.list"   -mcpu=cortex-m0plus -T"C:\Users\danie\OneDrive\Desktop\Microcontroladores\Microcontroladores\Projeto matriz RGB\STM32L053R8TX_FLASH.ld" --specs=nosys.specs -Wl,-Map="Projeto matriz RGB.map" -Wl,--gc-sections -static --specs=nano.specs -mfloat-abi=soft -mthumb -Wl,--start-group -lc -lm -Wl,--end-group
Finished building target: Projeto matriz RGB.elf
 
arm-none-eabi-size  Projeto\ matriz\ RGB.elf 
arm-none-eabi-objdump -h -S Projeto\ matriz\ RGB.elf  > "Projeto matriz RGB.list"
   text	   data	    bss	    dec	    hex	filename
   7832	     12	   1636	   9480	   2508	Projeto matriz RGB.elf
Finished building: default.size.stdout
 
Finished building: Projeto matriz RGB.list
 
13:31:03 **** Incremental Build of configuration Debug for project Projeto matriz RGB ****
make -j4 all 
arm-none-eabi-size  Projeto\ matriz\ RGB.elf 
   text	   data	    bss	    dec	    hex	filename
   7832	     12	   1636	   9480	   2508	Projeto matriz RGB.elf
Finished building: default.size.stdout
 
13:31:21 **** Incremental Build of configuration Debug for project Projeto matriz RGB ****
make -j4 all 
arm-none-eabi-size  Projeto\ matriz\ RGB.elf 
   text	   data	    bss	    dec	    hex	filename
   7832	     12	   1636	   9480	   2508	Projeto matriz RGB.elf
Finished building: default.size.stdout
 
13:36:23 **** Incremental Build of configuration Debug for project Projeto matriz RGB ****
make -j4 all 
arm-none-eabi-gcc "../Core/Src/main.c" -mcpu=cortex-m0plus -std=gnu11 -g3 -DDEBUG -DUSE_HAL_DRIVER -DSTM32L053xx -c -I../Core/Inc -I../Drivers/STM32L0xx_HAL_Driver/Inc -I../Drivers/STM32L0xx_HAL_Driver/Inc/Legacy -I../Drivers/CMSIS/Device/ST/STM32L0xx/Include -I../Drivers/CMSIS/Include -O0 -ffunction-sections -fdata-sections -Wall -fstack-usage -fcyclomatic-complexity -MMD -MP -MF"Core/Src/main.d" -MT"Core/Src/main.o" --specs=nano.specs -mfloat-abi=soft -mthumb -o "Core/Src/main.o"
arm-none-eabi-gcc -o "Projeto matriz RGB.elf" @"objects.list"   -mcpu=cortex-m0plus -T"C:\Users\danie\OneDrive\Desktop\Microcontroladores\Microcontroladores\Projeto matriz RGB\STM32L053R8TX_FLASH.ld" --specs=nosys.specs -Wl,-Map="Projeto matriz RGB.map" -Wl,--gc-sections -static --specs=nano.specs -mfloat-abi=soft -mthumb -Wl,--start-group -lc -lm -Wl,--end-group
Finished building target: Projeto matriz RGB.elf
 
arm-none-eabi-size  Projeto\ matriz\ RGB.elf 
arm-none-eabi-objdump -h -S Projeto\ matriz\ RGB.elf  > "Projeto matriz RGB.list"
   text	   data	    bss	    dec	    hex	filename
   8196	     12	   1636	   9844	   2674	Projeto matriz RGB.elf
Finished building: default.size.stdout
 
Finished building: Projeto matriz RGB.list
 
13:38:10 **** Incremental Build of configuration Debug for project Projeto matriz RGB ****
make -j4 all 
arm-none-eabi-gcc "../Core/Src/main.c" -mcpu=cortex-m0plus -std=gnu11 -g3 -DDEBUG -DUSE_HAL_DRIVER -DSTM32L053xx -c -I../Core/Inc -I../Drivers/STM32L0xx_HAL_Driver/Inc -I../Drivers/STM32L0xx_HAL_Driver/Inc/Legacy -I../Drivers/CMSIS/Device/ST/STM32L0xx/Include -I../Drivers/CMSIS/Include -O0 -ffunction-sections -fdata-sections -Wall -fstack-usage -fcyclomatic-complexity -MMD -MP -MF"Core/Src/main.d" -MT"Core/Src/main.o" --specs=nano.specs -mfloat-abi=soft -mthumb -o "Core/Src/main.o"
arm-none-eabi-gcc -o "Projeto matriz RGB.elf" @"objects.list"   -mcpu=cortex-m0plus -T"C:\Users\danie\OneDrive\Desktop\Microcontroladores\Microcontroladores\Projeto matriz RGB\STM32L053R8TX_FLASH.ld" --specs=nosys.specs -Wl,-Map="Projeto matriz RGB.map" -Wl,--gc-sections -static --specs=nano.specs -mfloat-abi=soft -mthumb -Wl,--start-group -lc -lm -Wl,--end-group
Finished building target: Projeto matriz RGB.elf
 
arm-none-eabi-size  Projeto\ matriz\ RGB.elf 
arm-none-eabi-objdump -h -S Projeto\ matriz\ RGB.elf  > "Projeto matriz RGB.list"
   text	   data	    bss	    dec	    hex	filename
   8164	     12	   1636	   9812	   2654	Projeto matriz RGB.elf
Finished building: default.size.stdout
 
Finished building: Projeto matriz RGB.list
 
13:38:57 **** Incremental Build of configuration Debug for project Projeto matriz RGB ****
make -j4 all 
arm-none-eabi-gcc "../Core/Src/main.c" -mcpu=cortex-m0plus -std=gnu11 -g3 -DDEBUG -DUSE_HAL_DRIVER -DSTM32L053xx -c -I../Core/Inc -I../Drivers/STM32L0xx_HAL_Driver/Inc -I../Drivers/STM32L0xx_HAL_Driver/Inc/Legacy -I../Drivers/CMSIS/Device/ST/STM32L0xx/Include -I../Drivers/CMSIS/Include -O0 -ffunction-sections -fdata-sections -Wall -fstack-usage -fcyclomatic-complexity -MMD -MP -MF"Core/Src/main.d" -MT"Core/Src/main.o" --specs=nano.specs -mfloat-abi=soft -mthumb -o "Core/Src/main.o"
arm-none-eabi-gcc -o "Projeto matriz RGB.elf" @"objects.list"   -mcpu=cortex-m0plus -T"C:\Users\danie\OneDrive\Desktop\Microcontroladores\Microcontroladores\Projeto matriz RGB\STM32L053R8TX_FLASH.ld" --specs=nosys.specs -Wl,-Map="Projeto matriz RGB.map" -Wl,--gc-sections -static --specs=nano.specs -mfloat-abi=soft -mthumb -Wl,--start-group -lc -lm -Wl,--end-group
Finished building target: Projeto matriz RGB.elf
 
arm-none-eabi-size  Projeto\ matriz\ RGB.elf 
arm-none-eabi-objdump -h -S Projeto\ matriz\ RGB.elf  > "Projeto matriz RGB.list"
   text	   data	    bss	    dec	    hex	filename
   8164	     12	   1636	   9812	   2654	Projeto matriz RGB.elf
Finished building: default.size.stdout
 
Finished building: Projeto matriz RGB.list
 
13:39:26 **** Incremental Build of configuration Debug for project Projeto matriz RGB ****
make -j4 all 
arm-none-eabi-gcc "../Core/Src/main.c" -mcpu=cortex-m0plus -std=gnu11 -g3 -DDEBUG -DUSE_HAL_DRIVER -DSTM32L053xx -c -I../Core/Inc -I../Drivers/STM32L0xx_HAL_Driver/Inc -I../Drivers/STM32L0xx_HAL_Driver/Inc/Legacy -I../Drivers/CMSIS/Device/ST/STM32L0xx/Include -I../Drivers/CMSIS/Include -O0 -ffunction-sections -fdata-sections -Wall -fstack-usage -fcyclomatic-complexity -MMD -MP -MF"Core/Src/main.d" -MT"Core/Src/main.o" --specs=nano.specs -mfloat-abi=soft -mthumb -o "Core/Src/main.o"
arm-none-eabi-gcc -o "Projeto matriz RGB.elf" @"objects.list"   -mcpu=cortex-m0plus -T"C:\Users\danie\OneDrive\Desktop\Microcontroladores\Microcontroladores\Projeto matriz RGB\STM32L053R8TX_FLASH.ld" --specs=nosys.specs -Wl,-Map="Projeto matriz RGB.map" -Wl,--gc-sections -static --specs=nano.specs -mfloat-abi=soft -mthumb -Wl,--start-group -lc -lm -Wl,--end-group
Finished building target: Projeto matriz RGB.elf
 
arm-none-eabi-size  Projeto\ matriz\ RGB.elf 
arm-none-eabi-objdump -h -S Projeto\ matriz\ RGB.elf  > "Projeto matriz RGB.list"
   text	   data	    bss	    dec	    hex	filename
   8164	     12	   1636	   9812	   2654	Projeto matriz RGB.elf
Finished building: default.size.stdout
 
Finished building: Projeto matriz RGB.list
 
13:40:20 **** Incremental Build of configuration Debug for project Projeto matriz RGB ****
make -j4 all 
arm-none-eabi-gcc "../Core/Src/main.c" -mcpu=cortex-m0plus -std=gnu11 -g3 -DDEBUG -DUSE_HAL_DRIVER -DSTM32L053xx -c -I../Core/Inc -I../Drivers/STM32L0xx_HAL_Driver/Inc -I../Drivers/STM32L0xx_HAL_Driver/Inc/Legacy -I../Drivers/CMSIS/Device/ST/STM32L0xx/Include -I../Drivers/CMSIS/Include -O0 -ffunction-sections -fdata-sections -Wall -fstack-usage -fcyclomatic-complexity -MMD -MP -MF"Core/Src/main.d" -MT"Core/Src/main.o" --specs=nano.specs -mfloat-abi=soft -mthumb -o "Core/Src/main.o"
arm-none-eabi-gcc -o "Projeto matriz RGB.elf" @"objects.list"   -mcpu=cortex-m0plus -T"C:\Users\danie\OneDrive\Desktop\Microcontroladores\Microcontroladores\Projeto matriz RGB\STM32L053R8TX_FLASH.ld" --specs=nosys.specs -Wl,-Map="Projeto matriz RGB.map" -Wl,--gc-sections -static --specs=nano.specs -mfloat-abi=soft -mthumb -Wl,--start-group -lc -lm -Wl,--end-group
Finished building target: Projeto matriz RGB.elf
 
arm-none-eabi-size  Projeto\ matriz\ RGB.elf 
arm-none-eabi-objdump -h -S Projeto\ matriz\ RGB.elf  > "Projeto matriz RGB.list"
   text	   data	    bss	    dec	    hex	filename
   8164	     12	   1636	   9812	   2654	Projeto matriz RGB.elf
Finished building: default.size.stdout
 
Finished building: Projeto matriz RGB.list
 
13:41:14 **** Incremental Build of configuration Debug for project Projeto matriz RGB ****
make -j4 all 
arm-none-eabi-gcc "../Core/Src/main.c" -mcpu=cortex-m0plus -std=gnu11 -g3 -DDEBUG -DUSE_HAL_DRIVER -DSTM32L053xx -c -I../Core/Inc -I../Drivers/STM32L0xx_HAL_Driver/Inc -I../Drivers/STM32L0xx_HAL_Driver/Inc/Legacy -I../Drivers/CMSIS/Device/ST/STM32L0xx/Include -I../Drivers/CMSIS/Include -O0 -ffunction-sections -fdata-sections -Wall -fstack-usage -fcyclomatic-complexity -MMD -MP -MF"Core/Src/main.d" -MT"Core/Src/main.o" --specs=nano.specs -mfloat-abi=soft -mthumb -o "Core/Src/main.o"
arm-none-eabi-gcc -o "Projeto matriz RGB.elf" @"objects.list"   -mcpu=cortex-m0plus -T"C:\Users\danie\OneDrive\Desktop\Microcontroladores\Microcontroladores\Projeto matriz RGB\STM32L053R8TX_FLASH.ld" --specs=nosys.specs -Wl,-Map="Projeto matriz RGB.map" -Wl,--gc-sections -static --specs=nano.specs -mfloat-abi=soft -mthumb -Wl,--start-group -lc -lm -Wl,--end-group
Finished building target: Projeto matriz RGB.elf
 
arm-none-eabi-size  Projeto\ matriz\ RGB.elf 
arm-none-eabi-objdump -h -S Projeto\ matriz\ RGB.elf  > "Projeto matriz RGB.list"
   text	   data	    bss	    dec	    hex	filename
   8164	     12	   1636	   9812	   2654	Projeto matriz RGB.elf
Finished building: default.size.stdout
 
Finished building: Projeto matriz RGB.list
 
13:41:38 **** Incremental Build of configuration Debug for project Projeto matriz RGB ****
make -j4 all 
arm-none-eabi-gcc "../Core/Src/main.c" -mcpu=cortex-m0plus -std=gnu11 -g3 -DDEBUG -DUSE_HAL_DRIVER -DSTM32L053xx -c -I../Core/Inc -I../Drivers/STM32L0xx_HAL_Driver/Inc -I../Drivers/STM32L0xx_HAL_Driver/Inc/Legacy -I../Drivers/CMSIS/Device/ST/STM32L0xx/Include -I../Drivers/CMSIS/Include -O0 -ffunction-sections -fdata-sections -Wall -fstack-usage -fcyclomatic-complexity -MMD -MP -MF"Core/Src/main.d" -MT"Core/Src/main.o" --specs=nano.specs -mfloat-abi=soft -mthumb -o "Core/Src/main.o"
arm-none-eabi-gcc -o "Projeto matriz RGB.elf" @"objects.list"   -mcpu=cortex-m0plus -T"C:\Users\danie\OneDrive\Desktop\Microcontroladores\Microcontroladores\Projeto matriz RGB\STM32L053R8TX_FLASH.ld" --specs=nosys.specs -Wl,-Map="Projeto matriz RGB.map" -Wl,--gc-sections -static --specs=nano.specs -mfloat-abi=soft -mthumb -Wl,--start-group -lc -lm -Wl,--end-group
Finished building target: Projeto matriz RGB.elf
 
arm-none-eabi-size  Projeto\ matriz\ RGB.elf 
arm-none-eabi-objdump -h -S Projeto\ matriz\ RGB.elf  > "Projeto matriz RGB.list"
   text	   data	    bss	    dec	    hex	filename
   8164	     12	   1636	   9812	   2654	Projeto matriz RGB.elf
Finished building: default.size.stdout
 
Finished building: Projeto matriz RGB.list
 
13:42:11 **** Incremental Build of configuration Debug for project Projeto matriz RGB ****
make -j4 all 
arm-none-eabi-gcc "../Core/Src/main.c" -mcpu=cortex-m0plus -std=gnu11 -g3 -DDEBUG -DUSE_HAL_DRIVER -DSTM32L053xx -c -I../Core/Inc -I../Drivers/STM32L0xx_HAL_Driver/Inc -I../Drivers/STM32L0xx_HAL_Driver/Inc/Legacy -I../Drivers/CMSIS/Device/ST/STM32L0xx/Include -I../Drivers/CMSIS/Include -O0 -ffunction-sections -fdata-sections -Wall -fstack-usage -fcyclomatic-complexity -MMD -MP -MF"Core/Src/main.d" -MT"Core/Src/main.o" --specs=nano.specs -mfloat-abi=soft -mthumb -o "Core/Src/main.o"
arm-none-eabi-gcc -o "Projeto matriz RGB.elf" @"objects.list"   -mcpu=cortex-m0plus -T"C:\Users\danie\OneDrive\Desktop\Microcontroladores\Microcontroladores\Projeto matriz RGB\STM32L053R8TX_FLASH.ld" --specs=nosys.specs -Wl,-Map="Projeto matriz RGB.map" -Wl,--gc-sections -static --specs=nano.specs -mfloat-abi=soft -mthumb -Wl,--start-group -lc -lm -Wl,--end-group
Finished building target: Projeto matriz RGB.elf
 
arm-none-eabi-size  Projeto\ matriz\ RGB.elf 
arm-none-eabi-objdump -h -S Projeto\ matriz\ RGB.elf  > "Projeto matriz RGB.list"
   text	   data	    bss	    dec	    hex	filename
   8164	     12	   1636	   9812	   2654	Projeto matriz RGB.elf
Finished building: default.size.stdout
 
Finished building: Projeto matriz RGB.list
 
13:43:14 **** Incremental Build of configuration Debug for project Projeto matriz RGB ****
make -j4 all 
arm-none-eabi-gcc "../Core/Src/main.c" -mcpu=cortex-m0plus -std=gnu11 -g3 -DDEBUG -DUSE_HAL_DRIVER -DSTM32L053xx -c -I../Core/Inc -I../Drivers/STM32L0xx_HAL_Driver/Inc -I../Drivers/STM32L0xx_HAL_Driver/Inc/Legacy -I../Drivers/CMSIS/Device/ST/STM32L0xx/Include -I../Drivers/CMSIS/Include -O0 -ffunction-sections -fdata-sections -Wall -fstack-usage -fcyclomatic-complexity -MMD -MP -MF"Core/Src/main.d" -MT"Core/Src/main.o" --specs=nano.specs -mfloat-abi=soft -mthumb -o "Core/Src/main.o"
arm-none-eabi-gcc -o "Projeto matriz RGB.elf" @"objects.list"   -mcpu=cortex-m0plus -T"C:\Users\danie\OneDrive\Desktop\Microcontroladores\Microcontroladores\Projeto matriz RGB\STM32L053R8TX_FLASH.ld" --specs=nosys.specs -Wl,-Map="Projeto matriz RGB.map" -Wl,--gc-sections -static --specs=nano.specs -mfloat-abi=soft -mthumb -Wl,--start-group -lc -lm -Wl,--end-group
Finished building target: Projeto matriz RGB.elf
 
arm-none-eabi-size  Projeto\ matriz\ RGB.elf 
arm-none-eabi-objdump -h -S Projeto\ matriz\ RGB.elf  > "Projeto matriz RGB.list"
   text	   data	    bss	    dec	    hex	filename
   8164	     12	   1636	   9812	   2654	Projeto matriz RGB.elf
Finished building: default.size.stdout
 
Finished building: Projeto matriz RGB.list
 
13:43:37 **** Incremental Build of configuration Debug for project Projeto matriz RGB ****
make -j4 all 
arm-none-eabi-gcc "../Core/Src/main.c" -mcpu=cortex-m0plus -std=gnu11 -g3 -DDEBUG -DUSE_HAL_DRIVER -DSTM32L053xx -c -I../Core/Inc -I../Drivers/STM32L0xx_HAL_Driver/Inc -I../Drivers/STM32L0xx_HAL_Driver/Inc/Legacy -I../Drivers/CMSIS/Device/ST/STM32L0xx/Include -I../Drivers/CMSIS/Include -O0 -ffunction-sections -fdata-sections -Wall -fstack-usage -fcyclomatic-complexity -MMD -MP -MF"Core/Src/main.d" -MT"Core/Src/main.o" --specs=nano.specs -mfloat-abi=soft -mthumb -o "Core/Src/main.o"
arm-none-eabi-gcc -o "Projeto matriz RGB.elf" @"objects.list"   -mcpu=cortex-m0plus -T"C:\Users\danie\OneDrive\Desktop\Microcontroladores\Microcontroladores\Projeto matriz RGB\STM32L053R8TX_FLASH.ld" --specs=nosys.specs -Wl,-Map="Projeto matriz RGB.map" -Wl,--gc-sections -static --specs=nano.specs -mfloat-abi=soft -mthumb -Wl,--start-group -lc -lm -Wl,--end-group
Finished building target: Projeto matriz RGB.elf
 
arm-none-eabi-size  Projeto\ matriz\ RGB.elf 
arm-none-eabi-objdump -h -S Projeto\ matriz\ RGB.elf  > "Projeto matriz RGB.list"
   text	   data	    bss	    dec	    hex	filename
   8164	     12	   1636	   9812	   2654	Projeto matriz RGB.elf
Finished building: default.size.stdout
 
Finished building: Projeto matriz RGB.list
 
13:44:20 **** Incremental Build of configuration Debug for project Projeto matriz RGB ****
make -j4 all 
arm-none-eabi-gcc "../Core/Src/main.c" -mcpu=cortex-m0plus -std=gnu11 -g3 -DDEBUG -DUSE_HAL_DRIVER -DSTM32L053xx -c -I../Core/Inc -I../Drivers/STM32L0xx_HAL_Driver/Inc -I../Drivers/STM32L0xx_HAL_Driver/Inc/Legacy -I../Drivers/CMSIS/Device/ST/STM32L0xx/Include -I../Drivers/CMSIS/Include -O0 -ffunction-sections -fdata-sections -Wall -fstack-usage -fcyclomatic-complexity -MMD -MP -MF"Core/Src/main.d" -MT"Core/Src/main.o" --specs=nano.specs -mfloat-abi=soft -mthumb -o "Core/Src/main.o"
arm-none-eabi-gcc -o "Projeto matriz RGB.elf" @"objects.list"   -mcpu=cortex-m0plus -T"C:\Users\danie\OneDrive\Desktop\Microcontroladores\Microcontroladores\Projeto matriz RGB\STM32L053R8TX_FLASH.ld" --specs=nosys.specs -Wl,-Map="Projeto matriz RGB.map" -Wl,--gc-sections -static --specs=nano.specs -mfloat-abi=soft -mthumb -Wl,--start-group -lc -lm -Wl,--end-group
Finished building target: Projeto matriz RGB.elf
 
arm-none-eabi-size  Projeto\ matriz\ RGB.elf 
arm-none-eabi-objdump -h -S Projeto\ matriz\ RGB.elf  > "Projeto matriz RGB.list"
   text	   data	    bss	    dec	    hex	filename
   8164	     12	   1636	   9812	   2654	Projeto matriz RGB.elf
Finished building: default.size.stdout
 
Finished building: Projeto matriz RGB.list
 
13:44:54 **** Incremental Build of configuration Debug for project Projeto matriz RGB ****
make -j4 all 
arm-none-eabi-gcc "../Core/Src/main.c" -mcpu=cortex-m0plus -std=gnu11 -g3 -DDEBUG -DUSE_HAL_DRIVER -DSTM32L053xx -c -I../Core/Inc -I../Drivers/STM32L0xx_HAL_Driver/Inc -I../Drivers/STM32L0xx_HAL_Driver/Inc/Legacy -I../Drivers/CMSIS/Device/ST/STM32L0xx/Include -I../Drivers/CMSIS/Include -O0 -ffunction-sections -fdata-sections -Wall -fstack-usage -fcyclomatic-complexity -MMD -MP -MF"Core/Src/main.d" -MT"Core/Src/main.o" --specs=nano.specs -mfloat-abi=soft -mthumb -o "Core/Src/main.o"
arm-none-eabi-gcc -o "Projeto matriz RGB.elf" @"objects.list"   -mcpu=cortex-m0plus -T"C:\Users\danie\OneDrive\Desktop\Microcontroladores\Microcontroladores\Projeto matriz RGB\STM32L053R8TX_FLASH.ld" --specs=nosys.specs -Wl,-Map="Projeto matriz RGB.map" -Wl,--gc-sections -static --specs=nano.specs -mfloat-abi=soft -mthumb -Wl,--start-group -lc -lm -Wl,--end-group
Finished building target: Projeto matriz RGB.elf
 
arm-none-eabi-size  Projeto\ matriz\ RGB.elf 
arm-none-eabi-objdump -h -S Projeto\ matriz\ RGB.elf  > "Projeto matriz RGB.list"
   text	   data	    bss	    dec	    hex	filename
   8164	     12	   1636	   9812	   2654	Projeto matriz RGB.elf
Finished building: default.size.stdout
 
Finished building: Projeto matriz RGB.list
 
13:45:13 **** Incremental Build of configuration Debug for project Projeto matriz RGB ****
make -j4 all 
arm-none-eabi-gcc "../Core/Src/main.c" -mcpu=cortex-m0plus -std=gnu11 -g3 -DDEBUG -DUSE_HAL_DRIVER -DSTM32L053xx -c -I../Core/Inc -I../Drivers/STM32L0xx_HAL_Driver/Inc -I../Drivers/STM32L0xx_HAL_Driver/Inc/Legacy -I../Drivers/CMSIS/Device/ST/STM32L0xx/Include -I../Drivers/CMSIS/Include -O0 -ffunction-sections -fdata-sections -Wall -fstack-usage -fcyclomatic-complexity -MMD -MP -MF"Core/Src/main.d" -MT"Core/Src/main.o" --specs=nano.specs -mfloat-abi=soft -mthumb -o "Core/Src/main.o"
arm-none-eabi-gcc -o "Projeto matriz RGB.elf" @"objects.list"   -mcpu=cortex-m0plus -T"C:\Users\danie\OneDrive\Desktop\Microcontroladores\Microcontroladores\Projeto matriz RGB\STM32L053R8TX_FLASH.ld" --specs=nosys.specs -Wl,-Map="Projeto matriz RGB.map" -Wl,--gc-sections -static --specs=nano.specs -mfloat-abi=soft -mthumb -Wl,--start-group -lc -lm -Wl,--end-group
Finished building target: Projeto matriz RGB.elf
 
arm-none-eabi-size  Projeto\ matriz\ RGB.elf 
arm-none-eabi-objdump -h -S Projeto\ matriz\ RGB.elf  > "Projeto matriz RGB.list"
   text	   data	    bss	    dec	    hex	filename
   8164	     12	   1636	   9812	   2654	Projeto matriz RGB.elf
Finished building: default.size.stdout
 
Finished building: Projeto matriz RGB.list
 
13:52:17 **** Incremental Build of configuration Debug for project Projeto matriz RGB ****
make -j4 all 
arm-none-eabi-gcc "../Core/Src/main.c" -mcpu=cortex-m0plus -std=gnu11 -g3 -DDEBUG -DUSE_HAL_DRIVER -DSTM32L053xx -c -I../Core/Inc -I../Drivers/STM32L0xx_HAL_Driver/Inc -I../Drivers/STM32L0xx_HAL_Driver/Inc/Legacy -I../Drivers/CMSIS/Device/ST/STM32L0xx/Include -I../Drivers/CMSIS/Include -O0 -ffunction-sections -fdata-sections -Wall -fstack-usage -fcyclomatic-complexity -MMD -MP -MF"Core/Src/main.d" -MT"Core/Src/main.o" --specs=nano.specs -mfloat-abi=soft -mthumb -o "Core/Src/main.o"
arm-none-eabi-gcc -o "Projeto matriz RGB.elf" @"objects.list"   -mcpu=cortex-m0plus -T"C:\Users\danie\OneDrive\Desktop\Microcontroladores\Microcontroladores\Projeto matriz RGB\STM32L053R8TX_FLASH.ld" --specs=nosys.specs -Wl,-Map="Projeto matriz RGB.map" -Wl,--gc-sections -static --specs=nano.specs -mfloat-abi=soft -mthumb -Wl,--start-group -lc -lm -Wl,--end-group
Finished building target: Projeto matriz RGB.elf
 
arm-none-eabi-size  Projeto\ matriz\ RGB.elf 
arm-none-eabi-objdump -h -S Projeto\ matriz\ RGB.elf  > "Projeto matriz RGB.list"
   text	   data	    bss	    dec	    hex	filename
   8164	     12	   1636	   9812	   2654	Projeto matriz RGB.elf
Finished building: default.size.stdout
 
Finished building: Projeto matriz RGB.list
 
13:52:44 **** Incremental Build of configuration Debug for project Projeto matriz RGB ****
make -j4 all 
arm-none-eabi-gcc "../Core/Src/main.c" -mcpu=cortex-m0plus -std=gnu11 -g3 -DDEBUG -DUSE_HAL_DRIVER -DSTM32L053xx -c -I../Core/Inc -I../Drivers/STM32L0xx_HAL_Driver/Inc -I../Drivers/STM32L0xx_HAL_Driver/Inc/Legacy -I../Drivers/CMSIS/Device/ST/STM32L0xx/Include -I../Drivers/CMSIS/Include -O0 -ffunction-sections -fdata-sections -Wall -fstack-usage -fcyclomatic-complexity -MMD -MP -MF"Core/Src/main.d" -MT"Core/Src/main.o" --specs=nano.specs -mfloat-abi=soft -mthumb -o "Core/Src/main.o"
arm-none-eabi-gcc -o "Projeto matriz RGB.elf" @"objects.list"   -mcpu=cortex-m0plus -T"C:\Users\danie\OneDrive\Desktop\Microcontroladores\Microcontroladores\Projeto matriz RGB\STM32L053R8TX_FLASH.ld" --specs=nosys.specs -Wl,-Map="Projeto matriz RGB.map" -Wl,--gc-sections -static --specs=nano.specs -mfloat-abi=soft -mthumb -Wl,--start-group -lc -lm -Wl,--end-group
Finished building target: Projeto matriz RGB.elf
 
arm-none-eabi-size  Projeto\ matriz\ RGB.elf 
arm-none-eabi-objdump -h -S Projeto\ matriz\ RGB.elf  > "Projeto matriz RGB.list"
   text	   data	    bss	    dec	    hex	filename
   8164	     12	   1636	   9812	   2654	Projeto matriz RGB.elf
Finished building: default.size.stdout
 
Finished building: Projeto matriz RGB.list
 
13:53:22 **** Incremental Build of configuration Debug for project Projeto matriz RGB ****
make -j4 all 
arm-none-eabi-gcc "../Core/Src/main.c" -mcpu=cortex-m0plus -std=gnu11 -g3 -DDEBUG -DUSE_HAL_DRIVER -DSTM32L053xx -c -I../Core/Inc -I../Drivers/STM32L0xx_HAL_Driver/Inc -I../Drivers/STM32L0xx_HAL_Driver/Inc/Legacy -I../Drivers/CMSIS/Device/ST/STM32L0xx/Include -I../Drivers/CMSIS/Include -O0 -ffunction-sections -fdata-sections -Wall -fstack-usage -fcyclomatic-complexity -MMD -MP -MF"Core/Src/main.d" -MT"Core/Src/main.o" --specs=nano.specs -mfloat-abi=soft -mthumb -o "Core/Src/main.o"
arm-none-eabi-gcc -o "Projeto matriz RGB.elf" @"objects.list"   -mcpu=cortex-m0plus -T"C:\Users\danie\OneDrive\Desktop\Microcontroladores\Microcontroladores\Projeto matriz RGB\STM32L053R8TX_FLASH.ld" --specs=nosys.specs -Wl,-Map="Projeto matriz RGB.map" -Wl,--gc-sections -static --specs=nano.specs -mfloat-abi=soft -mthumb -Wl,--start-group -lc -lm -Wl,--end-group
Finished building target: Projeto matriz RGB.elf
 
arm-none-eabi-size  Projeto\ matriz\ RGB.elf 
arm-none-eabi-objdump -h -S Projeto\ matriz\ RGB.elf  > "Projeto matriz RGB.list"
   text	   data	    bss	    dec	    hex	filename
   8164	     12	   1636	   9812	   2654	Projeto matriz RGB.elf
Finished building: default.size.stdout
 
Finished building: Projeto matriz RGB.list
 
13:53:42 **** Incremental Build of configuration Debug for project Projeto matriz RGB ****
make -j4 all 
arm-none-eabi-gcc "../Core/Src/main.c" -mcpu=cortex-m0plus -std=gnu11 -g3 -DDEBUG -DUSE_HAL_DRIVER -DSTM32L053xx -c -I../Core/Inc -I../Drivers/STM32L0xx_HAL_Driver/Inc -I../Drivers/STM32L0xx_HAL_Driver/Inc/Legacy -I../Drivers/CMSIS/Device/ST/STM32L0xx/Include -I../Drivers/CMSIS/Include -O0 -ffunction-sections -fdata-sections -Wall -fstack-usage -fcyclomatic-complexity -MMD -MP -MF"Core/Src/main.d" -MT"Core/Src/main.o" --specs=nano.specs -mfloat-abi=soft -mthumb -o "Core/Src/main.o"
arm-none-eabi-gcc -o "Projeto matriz RGB.elf" @"objects.list"   -mcpu=cortex-m0plus -T"C:\Users\danie\OneDrive\Desktop\Microcontroladores\Microcontroladores\Projeto matriz RGB\STM32L053R8TX_FLASH.ld" --specs=nosys.specs -Wl,-Map="Projeto matriz RGB.map" -Wl,--gc-sections -static --specs=nano.specs -mfloat-abi=soft -mthumb -Wl,--start-group -lc -lm -Wl,--end-group
Finished building target: Projeto matriz RGB.elf
 
arm-none-eabi-size  Projeto\ matriz\ RGB.elf 
arm-none-eabi-objdump -h -S Projeto\ matriz\ RGB.elf  > "Projeto matriz RGB.list"
   text	   data	    bss	    dec	    hex	filename
   8164	     12	   1636	   9812	   2654	Projeto matriz RGB.elf
Finished building: default.size.stdout
 
Finished building: Projeto matriz RGB.list
 
14:30:12 **** Incremental Build of configuration Debug for project Projeto matriz RGB ****
make -j4 all 
arm-none-eabi-gcc "../Core/Src/main.c" -mcpu=cortex-m0plus -std=gnu11 -g3 -DDEBUG -DUSE_HAL_DRIVER -DSTM32L053xx -c -I../Core/Inc -I../Drivers/STM32L0xx_HAL_Driver/Inc -I../Drivers/STM32L0xx_HAL_Driver/Inc/Legacy -I../Drivers/CMSIS/Device/ST/STM32L0xx/Include -I../Drivers/CMSIS/Include -O0 -ffunction-sections -fdata-sections -Wall -fstack-usage -fcyclomatic-complexity -MMD -MP -MF"Core/Src/main.d" -MT"Core/Src/main.o" --specs=nano.specs -mfloat-abi=soft -mthumb -o "Core/Src/main.o"
arm-none-eabi-gcc -o "Projeto matriz RGB.elf" @"objects.list"   -mcpu=cortex-m0plus -T"C:\Users\danie\OneDrive\Desktop\Microcontroladores\Microcontroladores\Projeto matriz RGB\STM32L053R8TX_FLASH.ld" --specs=nosys.specs -Wl,-Map="Projeto matriz RGB.map" -Wl,--gc-sections -static --specs=nano.specs -mfloat-abi=soft -mthumb -Wl,--start-group -lc -lm -Wl,--end-group
Finished building target: Projeto matriz RGB.elf
 
arm-none-eabi-size  Projeto\ matriz\ RGB.elf 
arm-none-eabi-objdump -h -S Projeto\ matriz\ RGB.elf  > "Projeto matriz RGB.list"
   text	   data	    bss	    dec	    hex	filename
   8164	     12	   1636	   9812	   2654	Projeto matriz RGB.elf
Finished building: default.size.stdout
 
Finished building: Projeto matriz RGB.list
 
14:31:43 **** Incremental Build of configuration Debug for project Projeto matriz RGB ****
make -j4 all 
arm-none-eabi-gcc "../Core/Src/main.c" -mcpu=cortex-m0plus -std=gnu11 -g3 -DDEBUG -DUSE_HAL_DRIVER -DSTM32L053xx -c -I../Core/Inc -I../Drivers/STM32L0xx_HAL_Driver/Inc -I../Drivers/STM32L0xx_HAL_Driver/Inc/Legacy -I../Drivers/CMSIS/Device/ST/STM32L0xx/Include -I../Drivers/CMSIS/Include -O0 -ffunction-sections -fdata-sections -Wall -fstack-usage -fcyclomatic-complexity -MMD -MP -MF"Core/Src/main.d" -MT"Core/Src/main.o" --specs=nano.specs -mfloat-abi=soft -mthumb -o "Core/Src/main.o"
arm-none-eabi-gcc -o "Projeto matriz RGB.elf" @"objects.list"   -mcpu=cortex-m0plus -T"C:\Users\danie\OneDrive\Desktop\Microcontroladores\Microcontroladores\Projeto matriz RGB\STM32L053R8TX_FLASH.ld" --specs=nosys.specs -Wl,-Map="Projeto matriz RGB.map" -Wl,--gc-sections -static --specs=nano.specs -mfloat-abi=soft -mthumb -Wl,--start-group -lc -lm -Wl,--end-group
Finished building target: Projeto matriz RGB.elf
 
arm-none-eabi-size  Projeto\ matriz\ RGB.elf 
arm-none-eabi-objdump -h -S Projeto\ matriz\ RGB.elf  > "Projeto matriz RGB.list"
   text	   data	    bss	    dec	    hex	filename
   8164	     12	   1636	   9812	   2654	Projeto matriz RGB.elf
Finished building: default.size.stdout
 
Finished building: Projeto matriz RGB.list
 
14:32:00 **** Incremental Build of configuration Debug for project Projeto matriz RGB ****
make -j4 all 
arm-none-eabi-gcc -mcpu=cortex-m0plus -g3 -DDEBUG -c -x assembler-with-cpp -MMD -MP -MF"Core/Startup/startup_stm32l053r8tx.d" -MT"Core/Startup/startup_stm32l053r8tx.o" --specs=nano.specs -mfloat-abi=soft -mthumb -o "Core/Startup/startup_stm32l053r8tx.o" "../Core/Startup/startup_stm32l053r8tx.s"
arm-none-eabi-gcc "../Core/Src/main.c" -mcpu=cortex-m0plus -std=gnu11 -g3 -DDEBUG -DUSE_HAL_DRIVER -DSTM32L053xx -c -I../Core/Inc -I../Drivers/STM32L0xx_HAL_Driver/Inc -I../Drivers/STM32L0xx_HAL_Driver/Inc/Legacy -I../Drivers/CMSIS/Device/ST/STM32L0xx/Include -I../Drivers/CMSIS/Include -O0 -ffunction-sections -fdata-sections -Wall -fstack-usage -fcyclomatic-complexity -MMD -MP -MF"Core/Src/main.d" -MT"Core/Src/main.o" --specs=nano.specs -mfloat-abi=soft -mthumb -o "Core/Src/main.o"
../Core/Startup/startup_stm32l053r8tx.s: Assembler messages:
../Core/Startup/startup_stm32l053r8tx.s:51: Error: junk at end of line, first unrecognized character is `0'
make: *** [Core/Startup/subdir.mk:19: Core/Startup/startup_stm32l053r8tx.o] Error 1
make: *** Waiting for unfinished jobs....
"make -j4 all" terminated with exit code 2. Build might be incomplete.
14:32:12 **** Incremental Build of configuration Debug for project Projeto matriz RGB ****
make -j4 all 
arm-none-eabi-gcc -mcpu=cortex-m0plus -g3 -DDEBUG -c -x assembler-with-cpp -MMD -MP -MF"Core/Startup/startup_stm32l053r8tx.d" -MT"Core/Startup/startup_stm32l053r8tx.o" --specs=nano.specs -mfloat-abi=soft -mthumb -o "Core/Startup/startup_stm32l053r8tx.o" "../Core/Startup/startup_stm32l053r8tx.s"
arm-none-eabi-gcc -o "Projeto matriz RGB.elf" @"objects.list"   -mcpu=cortex-m0plus -T"C:\Users\danie\OneDrive\Desktop\Microcontroladores\Microcontroladores\Projeto matriz RGB\STM32L053R8TX_FLASH.ld" --specs=nosys.specs -Wl,-Map="Projeto matriz RGB.map" -Wl,--gc-sections -static --specs=nano.specs -mfloat-abi=soft -mthumb -Wl,--start-group -lc -lm -Wl,--end-group
Finished building target: Projeto matriz RGB.elf
 
arm-none-eabi-size  Projeto\ matriz\ RGB.elf 
arm-none-eabi-objdump -h -S Projeto\ matriz\ RGB.elf  > "Projeto matriz RGB.list"
   text	   data	    bss	    dec	    hex	filename
   8164	     12	   1636	   9812	   2654	Projeto matriz RGB.elf
Finished building: default.size.stdout
 
Finished building: Projeto matriz RGB.list
 
14:32:46 **** Incremental Build of configuration Debug for project Projeto matriz RGB ****
make -j4 all 
arm-none-eabi-gcc "../Core/Src/main.c" -mcpu=cortex-m0plus -std=gnu11 -g3 -DDEBUG -DUSE_HAL_DRIVER -DSTM32L053xx -c -I../Core/Inc -I../Drivers/STM32L0xx_HAL_Driver/Inc -I../Drivers/STM32L0xx_HAL_Driver/Inc/Legacy -I../Drivers/CMSIS/Device/ST/STM32L0xx/Include -I../Drivers/CMSIS/Include -O0 -ffunction-sections -fdata-sections -Wall -fstack-usage -fcyclomatic-complexity -MMD -MP -MF"Core/Src/main.d" -MT"Core/Src/main.o" --specs=nano.specs -mfloat-abi=soft -mthumb -o "Core/Src/main.o"
arm-none-eabi-gcc -o "Projeto matriz RGB.elf" @"objects.list"   -mcpu=cortex-m0plus -T"C:\Users\danie\OneDrive\Desktop\Microcontroladores\Microcontroladores\Projeto matriz RGB\STM32L053R8TX_FLASH.ld" --specs=nosys.specs -Wl,-Map="Projeto matriz RGB.map" -Wl,--gc-sections -static --specs=nano.specs -mfloat-abi=soft -mthumb -Wl,--start-group -lc -lm -Wl,--end-group
Finished building target: Projeto matriz RGB.elf
 
arm-none-eabi-size  Projeto\ matriz\ RGB.elf 
arm-none-eabi-objdump -h -S Projeto\ matriz\ RGB.elf  > "Projeto matriz RGB.list"
   text	   data	    bss	    dec	    hex	filename
   8164	     12	   1636	   9812	   2654	Projeto matriz RGB.elf
Finished building: default.size.stdout
 
Finished building: Projeto matriz RGB.list
 
14:34:50 **** Incremental Build of configuration Debug for project Projeto matriz RGB ****
make -j4 all 
arm-none-eabi-gcc "../Core/Src/main.c" -mcpu=cortex-m0plus -std=gnu11 -g3 -DDEBUG -DUSE_HAL_DRIVER -DSTM32L053xx -c -I../Core/Inc -I../Drivers/STM32L0xx_HAL_Driver/Inc -I../Drivers/STM32L0xx_HAL_Driver/Inc/Legacy -I../Drivers/CMSIS/Device/ST/STM32L0xx/Include -I../Drivers/CMSIS/Include -O0 -ffunction-sections -fdata-sections -Wall -fstack-usage -fcyclomatic-complexity -MMD -MP -MF"Core/Src/main.d" -MT"Core/Src/main.o" --specs=nano.specs -mfloat-abi=soft -mthumb -o "Core/Src/main.o"
arm-none-eabi-gcc -o "Projeto matriz RGB.elf" @"objects.list"   -mcpu=cortex-m0plus -T"C:\Users\danie\OneDrive\Desktop\Microcontroladores\Microcontroladores\Projeto matriz RGB\STM32L053R8TX_FLASH.ld" --specs=nosys.specs -Wl,-Map="Projeto matriz RGB.map" -Wl,--gc-sections -static --specs=nano.specs -mfloat-abi=soft -mthumb -Wl,--start-group -lc -lm -Wl,--end-group
Finished building target: Projeto matriz RGB.elf
 
arm-none-eabi-size  Projeto\ matriz\ RGB.elf 
arm-none-eabi-objdump -h -S Projeto\ matriz\ RGB.elf  > "Projeto matriz RGB.list"
   text	   data	    bss	    dec	    hex	filename
   8164	     12	   1636	   9812	   2654	Projeto matriz RGB.elf
Finished building: default.size.stdout
 
Finished building: Projeto matriz RGB.list
 
14:35:12 **** Incremental Build of configuration Debug for project Projeto matriz RGB ****
make -j4 all 
arm-none-eabi-gcc "../Core/Src/main.c" -mcpu=cortex-m0plus -std=gnu11 -g3 -DDEBUG -DUSE_HAL_DRIVER -DSTM32L053xx -c -I../Core/Inc -I../Drivers/STM32L0xx_HAL_Driver/Inc -I../Drivers/STM32L0xx_HAL_Driver/Inc/Legacy -I../Drivers/CMSIS/Device/ST/STM32L0xx/Include -I../Drivers/CMSIS/Include -O0 -ffunction-sections -fdata-sections -Wall -fstack-usage -fcyclomatic-complexity -MMD -MP -MF"Core/Src/main.d" -MT"Core/Src/main.o" --specs=nano.specs -mfloat-abi=soft -mthumb -o "Core/Src/main.o"
arm-none-eabi-gcc -o "Projeto matriz RGB.elf" @"objects.list"   -mcpu=cortex-m0plus -T"C:\Users\danie\OneDrive\Desktop\Microcontroladores\Microcontroladores\Projeto matriz RGB\STM32L053R8TX_FLASH.ld" --specs=nosys.specs -Wl,-Map="Projeto matriz RGB.map" -Wl,--gc-sections -static --specs=nano.specs -mfloat-abi=soft -mthumb -Wl,--start-group -lc -lm -Wl,--end-group
Finished building target: Projeto matriz RGB.elf
 
arm-none-eabi-size  Projeto\ matriz\ RGB.elf 
arm-none-eabi-objdump -h -S Projeto\ matriz\ RGB.elf  > "Projeto matriz RGB.list"
   text	   data	    bss	    dec	    hex	filename
   8164	     12	   1636	   9812	   2654	Projeto matriz RGB.elf
Finished building: default.size.stdout
 
Finished building: Projeto matriz RGB.list
 
14:35:33 **** Incremental Build of configuration Debug for project Projeto matriz RGB ****
make -j4 all 
arm-none-eabi-gcc "../Core/Src/main.c" -mcpu=cortex-m0plus -std=gnu11 -g3 -DDEBUG -DUSE_HAL_DRIVER -DSTM32L053xx -c -I../Core/Inc -I../Drivers/STM32L0xx_HAL_Driver/Inc -I../Drivers/STM32L0xx_HAL_Driver/Inc/Legacy -I../Drivers/CMSIS/Device/ST/STM32L0xx/Include -I../Drivers/CMSIS/Include -O0 -ffunction-sections -fdata-sections -Wall -fstack-usage -fcyclomatic-complexity -MMD -MP -MF"Core/Src/main.d" -MT"Core/Src/main.o" --specs=nano.specs -mfloat-abi=soft -mthumb -o "Core/Src/main.o"
arm-none-eabi-gcc -o "Projeto matriz RGB.elf" @"objects.list"   -mcpu=cortex-m0plus -T"C:\Users\danie\OneDrive\Desktop\Microcontroladores\Microcontroladores\Projeto matriz RGB\STM32L053R8TX_FLASH.ld" --specs=nosys.specs -Wl,-Map="Projeto matriz RGB.map" -Wl,--gc-sections -static --specs=nano.specs -mfloat-abi=soft -mthumb -Wl,--start-group -lc -lm -Wl,--end-group
Finished building target: Projeto matriz RGB.elf
 
arm-none-eabi-size  Projeto\ matriz\ RGB.elf 
arm-none-eabi-objdump -h -S Projeto\ matriz\ RGB.elf  > "Projeto matriz RGB.list"
   text	   data	    bss	    dec	    hex	filename
   8164	     12	   1636	   9812	   2654	Projeto matriz RGB.elf
Finished building: default.size.stdout
 
Finished building: Projeto matriz RGB.list
 
14:35:56 **** Incremental Build of configuration Debug for project Projeto matriz RGB ****
make -j4 all 
arm-none-eabi-gcc "../Core/Src/main.c" -mcpu=cortex-m0plus -std=gnu11 -g3 -DDEBUG -DUSE_HAL_DRIVER -DSTM32L053xx -c -I../Core/Inc -I../Drivers/STM32L0xx_HAL_Driver/Inc -I../Drivers/STM32L0xx_HAL_Driver/Inc/Legacy -I../Drivers/CMSIS/Device/ST/STM32L0xx/Include -I../Drivers/CMSIS/Include -O0 -ffunction-sections -fdata-sections -Wall -fstack-usage -fcyclomatic-complexity -MMD -MP -MF"Core/Src/main.d" -MT"Core/Src/main.o" --specs=nano.specs -mfloat-abi=soft -mthumb -o "Core/Src/main.o"
arm-none-eabi-gcc -o "Projeto matriz RGB.elf" @"objects.list"   -mcpu=cortex-m0plus -T"C:\Users\danie\OneDrive\Desktop\Microcontroladores\Microcontroladores\Projeto matriz RGB\STM32L053R8TX_FLASH.ld" --specs=nosys.specs -Wl,-Map="Projeto matriz RGB.map" -Wl,--gc-sections -static --specs=nano.specs -mfloat-abi=soft -mthumb -Wl,--start-group -lc -lm -Wl,--end-group
Finished building target: Projeto matriz RGB.elf
 
arm-none-eabi-size  Projeto\ matriz\ RGB.elf 
arm-none-eabi-objdump -h -S Projeto\ matriz\ RGB.elf  > "Projeto matriz RGB.list"
   text	   data	    bss	    dec	    hex	filename
   8164	     12	   1636	   9812	   2654	Projeto matriz RGB.elf
Finished building: default.size.stdout
 
Finished building: Projeto matriz RGB.list
 
14:36:22 **** Incremental Build of configuration Debug for project Projeto matriz RGB ****
make -j4 all 
arm-none-eabi-gcc "../Core/Src/main.c" -mcpu=cortex-m0plus -std=gnu11 -g3 -DDEBUG -DUSE_HAL_DRIVER -DSTM32L053xx -c -I../Core/Inc -I../Drivers/STM32L0xx_HAL_Driver/Inc -I../Drivers/STM32L0xx_HAL_Driver/Inc/Legacy -I../Drivers/CMSIS/Device/ST/STM32L0xx/Include -I../Drivers/CMSIS/Include -O0 -ffunction-sections -fdata-sections -Wall -fstack-usage -fcyclomatic-complexity -MMD -MP -MF"Core/Src/main.d" -MT"Core/Src/main.o" --specs=nano.specs -mfloat-abi=soft -mthumb -o "Core/Src/main.o"
arm-none-eabi-gcc -o "Projeto matriz RGB.elf" @"objects.list"   -mcpu=cortex-m0plus -T"C:\Users\danie\OneDrive\Desktop\Microcontroladores\Microcontroladores\Projeto matriz RGB\STM32L053R8TX_FLASH.ld" --specs=nosys.specs -Wl,-Map="Projeto matriz RGB.map" -Wl,--gc-sections -static --specs=nano.specs -mfloat-abi=soft -mthumb -Wl,--start-group -lc -lm -Wl,--end-group
Finished building target: Projeto matriz RGB.elf
 
arm-none-eabi-size  Projeto\ matriz\ RGB.elf 
arm-none-eabi-objdump -h -S Projeto\ matriz\ RGB.elf  > "Projeto matriz RGB.list"
   text	   data	    bss	    dec	    hex	filename
   8164	     12	   1636	   9812	   2654	Projeto matriz RGB.elf
Finished building: default.size.stdout
 
Finished building: Projeto matriz RGB.list
 
14:36:54 **** Incremental Build of configuration Debug for project Projeto matriz RGB ****
make -j4 all 
arm-none-eabi-gcc "../Core/Src/main.c" -mcpu=cortex-m0plus -std=gnu11 -g3 -DDEBUG -DUSE_HAL_DRIVER -DSTM32L053xx -c -I../Core/Inc -I../Drivers/STM32L0xx_HAL_Driver/Inc -I../Drivers/STM32L0xx_HAL_Driver/Inc/Legacy -I../Drivers/CMSIS/Device/ST/STM32L0xx/Include -I../Drivers/CMSIS/Include -O0 -ffunction-sections -fdata-sections -Wall -fstack-usage -fcyclomatic-complexity -MMD -MP -MF"Core/Src/main.d" -MT"Core/Src/main.o" --specs=nano.specs -mfloat-abi=soft -mthumb -o "Core/Src/main.o"
arm-none-eabi-gcc -o "Projeto matriz RGB.elf" @"objects.list"   -mcpu=cortex-m0plus -T"C:\Users\danie\OneDrive\Desktop\Microcontroladores\Microcontroladores\Projeto matriz RGB\STM32L053R8TX_FLASH.ld" --specs=nosys.specs -Wl,-Map="Projeto matriz RGB.map" -Wl,--gc-sections -static --specs=nano.specs -mfloat-abi=soft -mthumb -Wl,--start-group -lc -lm -Wl,--end-group
Finished building target: Projeto matriz RGB.elf
 
arm-none-eabi-size  Projeto\ matriz\ RGB.elf 
arm-none-eabi-objdump -h -S Projeto\ matriz\ RGB.elf  > "Projeto matriz RGB.list"
   text	   data	    bss	    dec	    hex	filename
   8164	     12	   1636	   9812	   2654	Projeto matriz RGB.elf
Finished building: default.size.stdout
 
Finished building: Projeto matriz RGB.list
 
14:37:23 **** Incremental Build of configuration Debug for project Projeto matriz RGB ****
make -j4 all 
arm-none-eabi-gcc "../Core/Src/main.c" -mcpu=cortex-m0plus -std=gnu11 -g3 -DDEBUG -DUSE_HAL_DRIVER -DSTM32L053xx -c -I../Core/Inc -I../Drivers/STM32L0xx_HAL_Driver/Inc -I../Drivers/STM32L0xx_HAL_Driver/Inc/Legacy -I../Drivers/CMSIS/Device/ST/STM32L0xx/Include -I../Drivers/CMSIS/Include -O0 -ffunction-sections -fdata-sections -Wall -fstack-usage -fcyclomatic-complexity -MMD -MP -MF"Core/Src/main.d" -MT"Core/Src/main.o" --specs=nano.specs -mfloat-abi=soft -mthumb -o "Core/Src/main.o"
arm-none-eabi-gcc -o "Projeto matriz RGB.elf" @"objects.list"   -mcpu=cortex-m0plus -T"C:\Users\danie\OneDrive\Desktop\Microcontroladores\Microcontroladores\Projeto matriz RGB\STM32L053R8TX_FLASH.ld" --specs=nosys.specs -Wl,-Map="Projeto matriz RGB.map" -Wl,--gc-sections -static --specs=nano.specs -mfloat-abi=soft -mthumb -Wl,--start-group -lc -lm -Wl,--end-group
Finished building target: Projeto matriz RGB.elf
 
arm-none-eabi-size  Projeto\ matriz\ RGB.elf 
arm-none-eabi-objdump -h -S Projeto\ matriz\ RGB.elf  > "Projeto matriz RGB.list"
   text	   data	    bss	    dec	    hex	filename
   8164	     12	   1636	   9812	   2654	Projeto matriz RGB.elf
Finished building: default.size.stdout
 
Finished building: Projeto matriz RGB.list
 
14:38:11 **** Incremental Build of configuration Debug for project Projeto matriz RGB ****
make -j4 all 
arm-none-eabi-gcc "../Core/Src/main.c" -mcpu=cortex-m0plus -std=gnu11 -g3 -DDEBUG -DUSE_HAL_DRIVER -DSTM32L053xx -c -I../Core/Inc -I../Drivers/STM32L0xx_HAL_Driver/Inc -I../Drivers/STM32L0xx_HAL_Driver/Inc/Legacy -I../Drivers/CMSIS/Device/ST/STM32L0xx/Include -I../Drivers/CMSIS/Include -O0 -ffunction-sections -fdata-sections -Wall -fstack-usage -fcyclomatic-complexity -MMD -MP -MF"Core/Src/main.d" -MT"Core/Src/main.o" --specs=nano.specs -mfloat-abi=soft -mthumb -o "Core/Src/main.o"
arm-none-eabi-gcc -o "Projeto matriz RGB.elf" @"objects.list"   -mcpu=cortex-m0plus -T"C:\Users\danie\OneDrive\Desktop\Microcontroladores\Microcontroladores\Projeto matriz RGB\STM32L053R8TX_FLASH.ld" --specs=nosys.specs -Wl,-Map="Projeto matriz RGB.map" -Wl,--gc-sections -static --specs=nano.specs -mfloat-abi=soft -mthumb -Wl,--start-group -lc -lm -Wl,--end-group
Finished building target: Projeto matriz RGB.elf
 
arm-none-eabi-size  Projeto\ matriz\ RGB.elf 
arm-none-eabi-objdump -h -S Projeto\ matriz\ RGB.elf  > "Projeto matriz RGB.list"
   text	   data	    bss	    dec	    hex	filename
   8164	     12	   1636	   9812	   2654	Projeto matriz RGB.elf
Finished building: default.size.stdout
 
Finished building: Projeto matriz RGB.list
 
14:38:38 **** Incremental Build of configuration Debug for project Projeto matriz RGB ****
make -j4 all 
arm-none-eabi-gcc "../Core/Src/main.c" -mcpu=cortex-m0plus -std=gnu11 -g3 -DDEBUG -DUSE_HAL_DRIVER -DSTM32L053xx -c -I../Core/Inc -I../Drivers/STM32L0xx_HAL_Driver/Inc -I../Drivers/STM32L0xx_HAL_Driver/Inc/Legacy -I../Drivers/CMSIS/Device/ST/STM32L0xx/Include -I../Drivers/CMSIS/Include -O0 -ffunction-sections -fdata-sections -Wall -fstack-usage -fcyclomatic-complexity -MMD -MP -MF"Core/Src/main.d" -MT"Core/Src/main.o" --specs=nano.specs -mfloat-abi=soft -mthumb -o "Core/Src/main.o"
arm-none-eabi-gcc -o "Projeto matriz RGB.elf" @"objects.list"   -mcpu=cortex-m0plus -T"C:\Users\danie\OneDrive\Desktop\Microcontroladores\Microcontroladores\Projeto matriz RGB\STM32L053R8TX_FLASH.ld" --specs=nosys.specs -Wl,-Map="Projeto matriz RGB.map" -Wl,--gc-sections -static --specs=nano.specs -mfloat-abi=soft -mthumb -Wl,--start-group -lc -lm -Wl,--end-group
Finished building target: Projeto matriz RGB.elf
 
arm-none-eabi-size  Projeto\ matriz\ RGB.elf 
arm-none-eabi-objdump -h -S Projeto\ matriz\ RGB.elf  > "Projeto matriz RGB.list"
   text	   data	    bss	    dec	    hex	filename
   8164	     12	   1636	   9812	   2654	Projeto matriz RGB.elf
Finished building: default.size.stdout
 
Finished building: Projeto matriz RGB.list
 
14:40:00 **** Incremental Build of configuration Debug for project Projeto matriz RGB ****
make -j4 all 
arm-none-eabi-gcc "../Core/Src/main.c" -mcpu=cortex-m0plus -std=gnu11 -g3 -DDEBUG -DUSE_HAL_DRIVER -DSTM32L053xx -c -I../Core/Inc -I../Drivers/STM32L0xx_HAL_Driver/Inc -I../Drivers/STM32L0xx_HAL_Driver/Inc/Legacy -I../Drivers/CMSIS/Device/ST/STM32L0xx/Include -I../Drivers/CMSIS/Include -O0 -ffunction-sections -fdata-sections -Wall -fstack-usage -fcyclomatic-complexity -MMD -MP -MF"Core/Src/main.d" -MT"Core/Src/main.o" --specs=nano.specs -mfloat-abi=soft -mthumb -o "Core/Src/main.o"
arm-none-eabi-gcc -o "Projeto matriz RGB.elf" @"objects.list"   -mcpu=cortex-m0plus -T"C:\Users\danie\OneDrive\Desktop\Microcontroladores\Microcontroladores\Projeto matriz RGB\STM32L053R8TX_FLASH.ld" --specs=nosys.specs -Wl,-Map="Projeto matriz RGB.map" -Wl,--gc-sections -static --specs=nano.specs -mfloat-abi=soft -mthumb -Wl,--start-group -lc -lm -Wl,--end-group
Finished building target: Projeto matriz RGB.elf
 
arm-none-eabi-size  Projeto\ matriz\ RGB.elf 
arm-none-eabi-objdump -h -S Projeto\ matriz\ RGB.elf  > "Projeto matriz RGB.list"
   text	   data	    bss	    dec	    hex	filename
   8164	     12	   1636	   9812	   2654	Projeto matriz RGB.elf
Finished building: default.size.stdout
 
Finished building: Projeto matriz RGB.list
 
14:41:41 **** Incremental Build of configuration Debug for project Projeto matriz RGB ****
make -j4 all 
arm-none-eabi-gcc "../Core/Src/main.c" -mcpu=cortex-m0plus -std=gnu11 -g3 -DDEBUG -DUSE_HAL_DRIVER -DSTM32L053xx -c -I../Core/Inc -I../Drivers/STM32L0xx_HAL_Driver/Inc -I../Drivers/STM32L0xx_HAL_Driver/Inc/Legacy -I../Drivers/CMSIS/Device/ST/STM32L0xx/Include -I../Drivers/CMSIS/Include -O0 -ffunction-sections -fdata-sections -Wall -fstack-usage -fcyclomatic-complexity -MMD -MP -MF"Core/Src/main.d" -MT"Core/Src/main.o" --specs=nano.specs -mfloat-abi=soft -mthumb -o "Core/Src/main.o"
arm-none-eabi-gcc -o "Projeto matriz RGB.elf" @"objects.list"   -mcpu=cortex-m0plus -T"C:\Users\danie\OneDrive\Desktop\Microcontroladores\Microcontroladores\Projeto matriz RGB\STM32L053R8TX_FLASH.ld" --specs=nosys.specs -Wl,-Map="Projeto matriz RGB.map" -Wl,--gc-sections -static --specs=nano.specs -mfloat-abi=soft -mthumb -Wl,--start-group -lc -lm -Wl,--end-group
Finished building target: Projeto matriz RGB.elf
 
arm-none-eabi-size  Projeto\ matriz\ RGB.elf 
arm-none-eabi-objdump -h -S Projeto\ matriz\ RGB.elf  > "Projeto matriz RGB.list"
   text	   data	    bss	    dec	    hex	filename
   8164	     12	   1636	   9812	   2654	Projeto matriz RGB.elf
Finished building: default.size.stdout
 
Finished building: Projeto matriz RGB.list
 
14:42:17 **** Incremental Build of configuration Debug for project Projeto matriz RGB ****
make -j4 all 
arm-none-eabi-gcc "../Core/Src/main.c" -mcpu=cortex-m0plus -std=gnu11 -g3 -DDEBUG -DUSE_HAL_DRIVER -DSTM32L053xx -c -I../Core/Inc -I../Drivers/STM32L0xx_HAL_Driver/Inc -I../Drivers/STM32L0xx_HAL_Driver/Inc/Legacy -I../Drivers/CMSIS/Device/ST/STM32L0xx/Include -I../Drivers/CMSIS/Include -O0 -ffunction-sections -fdata-sections -Wall -fstack-usage -fcyclomatic-complexity -MMD -MP -MF"Core/Src/main.d" -MT"Core/Src/main.o" --specs=nano.specs -mfloat-abi=soft -mthumb -o "Core/Src/main.o"
arm-none-eabi-gcc -o "Projeto matriz RGB.elf" @"objects.list"   -mcpu=cortex-m0plus -T"C:\Users\danie\OneDrive\Desktop\Microcontroladores\Microcontroladores\Projeto matriz RGB\STM32L053R8TX_FLASH.ld" --specs=nosys.specs -Wl,-Map="Projeto matriz RGB.map" -Wl,--gc-sections -static --specs=nano.specs -mfloat-abi=soft -mthumb -Wl,--start-group -lc -lm -Wl,--end-group
Finished building target: Projeto matriz RGB.elf
 
arm-none-eabi-size  Projeto\ matriz\ RGB.elf 
arm-none-eabi-objdump -h -S Projeto\ matriz\ RGB.elf  > "Projeto matriz RGB.list"
   text	   data	    bss	    dec	    hex	filename
   8164	     12	   1636	   9812	   2654	Projeto matriz RGB.elf
Finished building: default.size.stdout
 
Finished building: Projeto matriz RGB.list
 
14:42:49 **** Incremental Build of configuration Debug for project Projeto matriz RGB ****
make -j4 all 
arm-none-eabi-gcc "../Core/Src/main.c" -mcpu=cortex-m0plus -std=gnu11 -g3 -DDEBUG -DUSE_HAL_DRIVER -DSTM32L053xx -c -I../Core/Inc -I../Drivers/STM32L0xx_HAL_Driver/Inc -I../Drivers/STM32L0xx_HAL_Driver/Inc/Legacy -I../Drivers/CMSIS/Device/ST/STM32L0xx/Include -I../Drivers/CMSIS/Include -O0 -ffunction-sections -fdata-sections -Wall -fstack-usage -fcyclomatic-complexity -MMD -MP -MF"Core/Src/main.d" -MT"Core/Src/main.o" --specs=nano.specs -mfloat-abi=soft -mthumb -o "Core/Src/main.o"
arm-none-eabi-gcc -o "Projeto matriz RGB.elf" @"objects.list"   -mcpu=cortex-m0plus -T"C:\Users\danie\OneDrive\Desktop\Microcontroladores\Microcontroladores\Projeto matriz RGB\STM32L053R8TX_FLASH.ld" --specs=nosys.specs -Wl,-Map="Projeto matriz RGB.map" -Wl,--gc-sections -static --specs=nano.specs -mfloat-abi=soft -mthumb -Wl,--start-group -lc -lm -Wl,--end-group
Finished building target: Projeto matriz RGB.elf
 
arm-none-eabi-size  Projeto\ matriz\ RGB.elf 
arm-none-eabi-objdump -h -S Projeto\ matriz\ RGB.elf  > "Projeto matriz RGB.list"
   text	   data	    bss	    dec	    hex	filename
   8164	     12	   1636	   9812	   2654	Projeto matriz RGB.elf
Finished building: default.size.stdout
 
Finished building: Projeto matriz RGB.list
 
14:43:15 **** Incremental Build of configuration Debug for project Projeto matriz RGB ****
make -j4 all 
arm-none-eabi-gcc "../Core/Src/main.c" -mcpu=cortex-m0plus -std=gnu11 -g3 -DDEBUG -DUSE_HAL_DRIVER -DSTM32L053xx -c -I../Core/Inc -I../Drivers/STM32L0xx_HAL_Driver/Inc -I../Drivers/STM32L0xx_HAL_Driver/Inc/Legacy -I../Drivers/CMSIS/Device/ST/STM32L0xx/Include -I../Drivers/CMSIS/Include -O0 -ffunction-sections -fdata-sections -Wall -fstack-usage -fcyclomatic-complexity -MMD -MP -MF"Core/Src/main.d" -MT"Core/Src/main.o" --specs=nano.specs -mfloat-abi=soft -mthumb -o "Core/Src/main.o"
arm-none-eabi-gcc -o "Projeto matriz RGB.elf" @"objects.list"   -mcpu=cortex-m0plus -T"C:\Users\danie\OneDrive\Desktop\Microcontroladores\Microcontroladores\Projeto matriz RGB\STM32L053R8TX_FLASH.ld" --specs=nosys.specs -Wl,-Map="Projeto matriz RGB.map" -Wl,--gc-sections -static --specs=nano.specs -mfloat-abi=soft -mthumb -Wl,--start-group -lc -lm -Wl,--end-group
Finished building target: Projeto matriz RGB.elf
 
arm-none-eabi-size  Projeto\ matriz\ RGB.elf 
arm-none-eabi-objdump -h -S Projeto\ matriz\ RGB.elf  > "Projeto matriz RGB.list"
   text	   data	    bss	    dec	    hex	filename
   8164	     12	   1636	   9812	   2654	Projeto matriz RGB.elf
Finished building: default.size.stdout
 
Finished building: Projeto matriz RGB.list
 
14:43:32 **** Incremental Build of configuration Debug for project Projeto matriz RGB ****
make -j4 all 
arm-none-eabi-gcc "../Core/Src/main.c" -mcpu=cortex-m0plus -std=gnu11 -g3 -DDEBUG -DUSE_HAL_DRIVER -DSTM32L053xx -c -I../Core/Inc -I../Drivers/STM32L0xx_HAL_Driver/Inc -I../Drivers/STM32L0xx_HAL_Driver/Inc/Legacy -I../Drivers/CMSIS/Device/ST/STM32L0xx/Include -I../Drivers/CMSIS/Include -O0 -ffunction-sections -fdata-sections -Wall -fstack-usage -fcyclomatic-complexity -MMD -MP -MF"Core/Src/main.d" -MT"Core/Src/main.o" --specs=nano.specs -mfloat-abi=soft -mthumb -o "Core/Src/main.o"
arm-none-eabi-gcc -o "Projeto matriz RGB.elf" @"objects.list"   -mcpu=cortex-m0plus -T"C:\Users\danie\OneDrive\Desktop\Microcontroladores\Microcontroladores\Projeto matriz RGB\STM32L053R8TX_FLASH.ld" --specs=nosys.specs -Wl,-Map="Projeto matriz RGB.map" -Wl,--gc-sections -static --specs=nano.specs -mfloat-abi=soft -mthumb -Wl,--start-group -lc -lm -Wl,--end-group
Finished building target: Projeto matriz RGB.elf
 
arm-none-eabi-size  Projeto\ matriz\ RGB.elf 
arm-none-eabi-objdump -h -S Projeto\ matriz\ RGB.elf  > "Projeto matriz RGB.list"
   text	   data	    bss	    dec	    hex	filename
   8164	     12	   1636	   9812	   2654	Projeto matriz RGB.elf
Finished building: default.size.stdout
 
Finished building: Projeto matriz RGB.list
 
14:45:03 **** Incremental Build of configuration Debug for project Projeto matriz RGB ****
make -j4 all 
arm-none-eabi-gcc "../Core/Src/main.c" -mcpu=cortex-m0plus -std=gnu11 -g3 -DDEBUG -DUSE_HAL_DRIVER -DSTM32L053xx -c -I../Core/Inc -I../Drivers/STM32L0xx_HAL_Driver/Inc -I../Drivers/STM32L0xx_HAL_Driver/Inc/Legacy -I../Drivers/CMSIS/Device/ST/STM32L0xx/Include -I../Drivers/CMSIS/Include -O0 -ffunction-sections -fdata-sections -Wall -fstack-usage -fcyclomatic-complexity -MMD -MP -MF"Core/Src/main.d" -MT"Core/Src/main.o" --specs=nano.specs -mfloat-abi=soft -mthumb -o "Core/Src/main.o"
arm-none-eabi-gcc -o "Projeto matriz RGB.elf" @"objects.list"   -mcpu=cortex-m0plus -T"C:\Users\danie\OneDrive\Desktop\Microcontroladores\Microcontroladores\Projeto matriz RGB\STM32L053R8TX_FLASH.ld" --specs=nosys.specs -Wl,-Map="Projeto matriz RGB.map" -Wl,--gc-sections -static --specs=nano.specs -mfloat-abi=soft -mthumb -Wl,--start-group -lc -lm -Wl,--end-group
Finished building target: Projeto matriz RGB.elf
 
arm-none-eabi-size  Projeto\ matriz\ RGB.elf 
arm-none-eabi-objdump -h -S Projeto\ matriz\ RGB.elf  > "Projeto matriz RGB.list"
   text	   data	    bss	    dec	    hex	filename
   8164	     12	   1636	   9812	   2654	Projeto matriz RGB.elf
Finished building: default.size.stdout
 
Finished building: Projeto matriz RGB.list
 
14:46:19 **** Incremental Build of configuration Debug for project Projeto matriz RGB ****
make -j4 all 
arm-none-eabi-gcc "../Core/Src/main.c" -mcpu=cortex-m0plus -std=gnu11 -g3 -DDEBUG -DUSE_HAL_DRIVER -DSTM32L053xx -c -I../Core/Inc -I../Drivers/STM32L0xx_HAL_Driver/Inc -I../Drivers/STM32L0xx_HAL_Driver/Inc/Legacy -I../Drivers/CMSIS/Device/ST/STM32L0xx/Include -I../Drivers/CMSIS/Include -O0 -ffunction-sections -fdata-sections -Wall -fstack-usage -fcyclomatic-complexity -MMD -MP -MF"Core/Src/main.d" -MT"Core/Src/main.o" --specs=nano.specs -mfloat-abi=soft -mthumb -o "Core/Src/main.o"
arm-none-eabi-gcc -o "Projeto matriz RGB.elf" @"objects.list"   -mcpu=cortex-m0plus -T"C:\Users\danie\OneDrive\Desktop\Microcontroladores\Microcontroladores\Projeto matriz RGB\STM32L053R8TX_FLASH.ld" --specs=nosys.specs -Wl,-Map="Projeto matriz RGB.map" -Wl,--gc-sections -static --specs=nano.specs -mfloat-abi=soft -mthumb -Wl,--start-group -lc -lm -Wl,--end-group
Finished building target: Projeto matriz RGB.elf
 
arm-none-eabi-size  Projeto\ matriz\ RGB.elf 
arm-none-eabi-objdump -h -S Projeto\ matriz\ RGB.elf  > "Projeto matriz RGB.list"
   text	   data	    bss	    dec	    hex	filename
   8164	     12	   1636	   9812	   2654	Projeto matriz RGB.elf
Finished building: default.size.stdout
 
Finished building: Projeto matriz RGB.list
 
14:46:38 **** Incremental Build of configuration Debug for project Projeto matriz RGB ****
make -j4 all 
arm-none-eabi-gcc "../Core/Src/main.c" -mcpu=cortex-m0plus -std=gnu11 -g3 -DDEBUG -DUSE_HAL_DRIVER -DSTM32L053xx -c -I../Core/Inc -I../Drivers/STM32L0xx_HAL_Driver/Inc -I../Drivers/STM32L0xx_HAL_Driver/Inc/Legacy -I../Drivers/CMSIS/Device/ST/STM32L0xx/Include -I../Drivers/CMSIS/Include -O0 -ffunction-sections -fdata-sections -Wall -fstack-usage -fcyclomatic-complexity -MMD -MP -MF"Core/Src/main.d" -MT"Core/Src/main.o" --specs=nano.specs -mfloat-abi=soft -mthumb -o "Core/Src/main.o"
arm-none-eabi-gcc -o "Projeto matriz RGB.elf" @"objects.list"   -mcpu=cortex-m0plus -T"C:\Users\danie\OneDrive\Desktop\Microcontroladores\Microcontroladores\Projeto matriz RGB\STM32L053R8TX_FLASH.ld" --specs=nosys.specs -Wl,-Map="Projeto matriz RGB.map" -Wl,--gc-sections -static --specs=nano.specs -mfloat-abi=soft -mthumb -Wl,--start-group -lc -lm -Wl,--end-group
Finished building target: Projeto matriz RGB.elf
 
arm-none-eabi-size  Projeto\ matriz\ RGB.elf 
arm-none-eabi-objdump -h -S Projeto\ matriz\ RGB.elf  > "Projeto matriz RGB.list"
   text	   data	    bss	    dec	    hex	filename
   8164	     12	   1636	   9812	   2654	Projeto matriz RGB.elf
Finished building: default.size.stdout
 
Finished building: Projeto matriz RGB.list
 
14:47:16 **** Incremental Build of configuration Debug for project Projeto matriz RGB ****
make -j4 all 
arm-none-eabi-gcc "../Core/Src/main.c" -mcpu=cortex-m0plus -std=gnu11 -g3 -DDEBUG -DUSE_HAL_DRIVER -DSTM32L053xx -c -I../Core/Inc -I../Drivers/STM32L0xx_HAL_Driver/Inc -I../Drivers/STM32L0xx_HAL_Driver/Inc/Legacy -I../Drivers/CMSIS/Device/ST/STM32L0xx/Include -I../Drivers/CMSIS/Include -O0 -ffunction-sections -fdata-sections -Wall -fstack-usage -fcyclomatic-complexity -MMD -MP -MF"Core/Src/main.d" -MT"Core/Src/main.o" --specs=nano.specs -mfloat-abi=soft -mthumb -o "Core/Src/main.o"
arm-none-eabi-gcc -o "Projeto matriz RGB.elf" @"objects.list"   -mcpu=cortex-m0plus -T"C:\Users\danie\OneDrive\Desktop\Microcontroladores\Microcontroladores\Projeto matriz RGB\STM32L053R8TX_FLASH.ld" --specs=nosys.specs -Wl,-Map="Projeto matriz RGB.map" -Wl,--gc-sections -static --specs=nano.specs -mfloat-abi=soft -mthumb -Wl,--start-group -lc -lm -Wl,--end-group
Finished building target: Projeto matriz RGB.elf
 
arm-none-eabi-size  Projeto\ matriz\ RGB.elf 
arm-none-eabi-objdump -h -S Projeto\ matriz\ RGB.elf  > "Projeto matriz RGB.list"
   text	   data	    bss	    dec	    hex	filename
   8164	     12	   1636	   9812	   2654	Projeto matriz RGB.elf
Finished building: default.size.stdout
 
Finished building: Projeto matriz RGB.list
 
14:47:48 **** Incremental Build of configuration Debug for project Projeto matriz RGB ****
make -j4 all 
arm-none-eabi-gcc "../Core/Src/main.c" -mcpu=cortex-m0plus -std=gnu11 -g3 -DDEBUG -DUSE_HAL_DRIVER -DSTM32L053xx -c -I../Core/Inc -I../Drivers/STM32L0xx_HAL_Driver/Inc -I../Drivers/STM32L0xx_HAL_Driver/Inc/Legacy -I../Drivers/CMSIS/Device/ST/STM32L0xx/Include -I../Drivers/CMSIS/Include -O0 -ffunction-sections -fdata-sections -Wall -fstack-usage -fcyclomatic-complexity -MMD -MP -MF"Core/Src/main.d" -MT"Core/Src/main.o" --specs=nano.specs -mfloat-abi=soft -mthumb -o "Core/Src/main.o"
arm-none-eabi-gcc -o "Projeto matriz RGB.elf" @"objects.list"   -mcpu=cortex-m0plus -T"C:\Users\danie\OneDrive\Desktop\Microcontroladores\Microcontroladores\Projeto matriz RGB\STM32L053R8TX_FLASH.ld" --specs=nosys.specs -Wl,-Map="Projeto matriz RGB.map" -Wl,--gc-sections -static --specs=nano.specs -mfloat-abi=soft -mthumb -Wl,--start-group -lc -lm -Wl,--end-group
Finished building target: Projeto matriz RGB.elf
 
arm-none-eabi-size  Projeto\ matriz\ RGB.elf 
arm-none-eabi-objdump -h -S Projeto\ matriz\ RGB.elf  > "Projeto matriz RGB.list"
   text	   data	    bss	    dec	    hex	filename
   8164	     12	   1636	   9812	   2654	Projeto matriz RGB.elf
Finished building: default.size.stdout
 
Finished building: Projeto matriz RGB.list
 
14:48:15 **** Incremental Build of configuration Debug for project Projeto matriz RGB ****
make -j4 all 
arm-none-eabi-gcc "../Core/Src/main.c" -mcpu=cortex-m0plus -std=gnu11 -g3 -DDEBUG -DUSE_HAL_DRIVER -DSTM32L053xx -c -I../Core/Inc -I../Drivers/STM32L0xx_HAL_Driver/Inc -I../Drivers/STM32L0xx_HAL_Driver/Inc/Legacy -I../Drivers/CMSIS/Device/ST/STM32L0xx/Include -I../Drivers/CMSIS/Include -O0 -ffunction-sections -fdata-sections -Wall -fstack-usage -fcyclomatic-complexity -MMD -MP -MF"Core/Src/main.d" -MT"Core/Src/main.o" --specs=nano.specs -mfloat-abi=soft -mthumb -o "Core/Src/main.o"
arm-none-eabi-gcc -o "Projeto matriz RGB.elf" @"objects.list"   -mcpu=cortex-m0plus -T"C:\Users\danie\OneDrive\Desktop\Microcontroladores\Microcontroladores\Projeto matriz RGB\STM32L053R8TX_FLASH.ld" --specs=nosys.specs -Wl,-Map="Projeto matriz RGB.map" -Wl,--gc-sections -static --specs=nano.specs -mfloat-abi=soft -mthumb -Wl,--start-group -lc -lm -Wl,--end-group
Finished building target: Projeto matriz RGB.elf
 
arm-none-eabi-size  Projeto\ matriz\ RGB.elf 
arm-none-eabi-objdump -h -S Projeto\ matriz\ RGB.elf  > "Projeto matriz RGB.list"
   text	   data	    bss	    dec	    hex	filename
   8164	     12	   1636	   9812	   2654	Projeto matriz RGB.elf
Finished building: default.size.stdout
 
Finished building: Projeto matriz RGB.list
 
14:48:39 **** Incremental Build of configuration Debug for project Projeto matriz RGB ****
make -j4 all 
arm-none-eabi-gcc "../Core/Src/main.c" -mcpu=cortex-m0plus -std=gnu11 -g3 -DDEBUG -DUSE_HAL_DRIVER -DSTM32L053xx -c -I../Core/Inc -I../Drivers/STM32L0xx_HAL_Driver/Inc -I../Drivers/STM32L0xx_HAL_Driver/Inc/Legacy -I../Drivers/CMSIS/Device/ST/STM32L0xx/Include -I../Drivers/CMSIS/Include -O0 -ffunction-sections -fdata-sections -Wall -fstack-usage -fcyclomatic-complexity -MMD -MP -MF"Core/Src/main.d" -MT"Core/Src/main.o" --specs=nano.specs -mfloat-abi=soft -mthumb -o "Core/Src/main.o"
arm-none-eabi-gcc -o "Projeto matriz RGB.elf" @"objects.list"   -mcpu=cortex-m0plus -T"C:\Users\danie\OneDrive\Desktop\Microcontroladores\Microcontroladores\Projeto matriz RGB\STM32L053R8TX_FLASH.ld" --specs=nosys.specs -Wl,-Map="Projeto matriz RGB.map" -Wl,--gc-sections -static --specs=nano.specs -mfloat-abi=soft -mthumb -Wl,--start-group -lc -lm -Wl,--end-group
Finished building target: Projeto matriz RGB.elf
 
arm-none-eabi-size  Projeto\ matriz\ RGB.elf 
arm-none-eabi-objdump -h -S Projeto\ matriz\ RGB.elf  > "Projeto matriz RGB.list"
   text	   data	    bss	    dec	    hex	filename
   8164	     12	   1636	   9812	   2654	Projeto matriz RGB.elf
Finished building: default.size.stdout
 
Finished building: Projeto matriz RGB.list
 
14:49:04 **** Incremental Build of configuration Debug for project Projeto matriz RGB ****
make -j4 all 
arm-none-eabi-gcc "../Core/Src/main.c" -mcpu=cortex-m0plus -std=gnu11 -g3 -DDEBUG -DUSE_HAL_DRIVER -DSTM32L053xx -c -I../Core/Inc -I../Drivers/STM32L0xx_HAL_Driver/Inc -I../Drivers/STM32L0xx_HAL_Driver/Inc/Legacy -I../Drivers/CMSIS/Device/ST/STM32L0xx/Include -I../Drivers/CMSIS/Include -O0 -ffunction-sections -fdata-sections -Wall -fstack-usage -fcyclomatic-complexity -MMD -MP -MF"Core/Src/main.d" -MT"Core/Src/main.o" --specs=nano.specs -mfloat-abi=soft -mthumb -o "Core/Src/main.o"
arm-none-eabi-gcc -o "Projeto matriz RGB.elf" @"objects.list"   -mcpu=cortex-m0plus -T"C:\Users\danie\OneDrive\Desktop\Microcontroladores\Microcontroladores\Projeto matriz RGB\STM32L053R8TX_FLASH.ld" --specs=nosys.specs -Wl,-Map="Projeto matriz RGB.map" -Wl,--gc-sections -static --specs=nano.specs -mfloat-abi=soft -mthumb -Wl,--start-group -lc -lm -Wl,--end-group
Finished building target: Projeto matriz RGB.elf
 
arm-none-eabi-size  Projeto\ matriz\ RGB.elf 
arm-none-eabi-objdump -h -S Projeto\ matriz\ RGB.elf  > "Projeto matriz RGB.list"
   text	   data	    bss	    dec	    hex	filename
   8164	     12	   1636	   9812	   2654	Projeto matriz RGB.elf
Finished building: default.size.stdout
 
Finished building: Projeto matriz RGB.list
 
14:49:45 **** Incremental Build of configuration Debug for project Projeto matriz RGB ****
make -j4 all 
arm-none-eabi-gcc "../Core/Src/main.c" -mcpu=cortex-m0plus -std=gnu11 -g3 -DDEBUG -DUSE_HAL_DRIVER -DSTM32L053xx -c -I../Core/Inc -I../Drivers/STM32L0xx_HAL_Driver/Inc -I../Drivers/STM32L0xx_HAL_Driver/Inc/Legacy -I../Drivers/CMSIS/Device/ST/STM32L0xx/Include -I../Drivers/CMSIS/Include -O0 -ffunction-sections -fdata-sections -Wall -fstack-usage -fcyclomatic-complexity -MMD -MP -MF"Core/Src/main.d" -MT"Core/Src/main.o" --specs=nano.specs -mfloat-abi=soft -mthumb -o "Core/Src/main.o"
arm-none-eabi-gcc -o "Projeto matriz RGB.elf" @"objects.list"   -mcpu=cortex-m0plus -T"C:\Users\danie\OneDrive\Desktop\Microcontroladores\Microcontroladores\Projeto matriz RGB\STM32L053R8TX_FLASH.ld" --specs=nosys.specs -Wl,-Map="Projeto matriz RGB.map" -Wl,--gc-sections -static --specs=nano.specs -mfloat-abi=soft -mthumb -Wl,--start-group -lc -lm -Wl,--end-group
Finished building target: Projeto matriz RGB.elf
 
arm-none-eabi-size  Projeto\ matriz\ RGB.elf 
arm-none-eabi-objdump -h -S Projeto\ matriz\ RGB.elf  > "Projeto matriz RGB.list"
   text	   data	    bss	    dec	    hex	filename
   8164	     12	   1636	   9812	   2654	Projeto matriz RGB.elf
Finished building: default.size.stdout
 
Finished building: Projeto matriz RGB.list
 
14:50:10 **** Incremental Build of configuration Debug for project Projeto matriz RGB ****
make -j4 all 
arm-none-eabi-gcc "../Core/Src/main.c" -mcpu=cortex-m0plus -std=gnu11 -g3 -DDEBUG -DUSE_HAL_DRIVER -DSTM32L053xx -c -I../Core/Inc -I../Drivers/STM32L0xx_HAL_Driver/Inc -I../Drivers/STM32L0xx_HAL_Driver/Inc/Legacy -I../Drivers/CMSIS/Device/ST/STM32L0xx/Include -I../Drivers/CMSIS/Include -O0 -ffunction-sections -fdata-sections -Wall -fstack-usage -fcyclomatic-complexity -MMD -MP -MF"Core/Src/main.d" -MT"Core/Src/main.o" --specs=nano.specs -mfloat-abi=soft -mthumb -o "Core/Src/main.o"
arm-none-eabi-gcc -o "Projeto matriz RGB.elf" @"objects.list"   -mcpu=cortex-m0plus -T"C:\Users\danie\OneDrive\Desktop\Microcontroladores\Microcontroladores\Projeto matriz RGB\STM32L053R8TX_FLASH.ld" --specs=nosys.specs -Wl,-Map="Projeto matriz RGB.map" -Wl,--gc-sections -static --specs=nano.specs -mfloat-abi=soft -mthumb -Wl,--start-group -lc -lm -Wl,--end-group
Finished building target: Projeto matriz RGB.elf
 
arm-none-eabi-size  Projeto\ matriz\ RGB.elf 
arm-none-eabi-objdump -h -S Projeto\ matriz\ RGB.elf  > "Projeto matriz RGB.list"
   text	   data	    bss	    dec	    hex	filename
   8164	     12	   1636	   9812	   2654	Projeto matriz RGB.elf
Finished building: default.size.stdout
 
Finished building: Projeto matriz RGB.list
 
14:50:47 **** Incremental Build of configuration Debug for project Projeto matriz RGB ****
make -j4 all 
arm-none-eabi-gcc "../Core/Src/main.c" -mcpu=cortex-m0plus -std=gnu11 -g3 -DDEBUG -DUSE_HAL_DRIVER -DSTM32L053xx -c -I../Core/Inc -I../Drivers/STM32L0xx_HAL_Driver/Inc -I../Drivers/STM32L0xx_HAL_Driver/Inc/Legacy -I../Drivers/CMSIS/Device/ST/STM32L0xx/Include -I../Drivers/CMSIS/Include -O0 -ffunction-sections -fdata-sections -Wall -fstack-usage -fcyclomatic-complexity -MMD -MP -MF"Core/Src/main.d" -MT"Core/Src/main.o" --specs=nano.specs -mfloat-abi=soft -mthumb -o "Core/Src/main.o"
arm-none-eabi-gcc -o "Projeto matriz RGB.elf" @"objects.list"   -mcpu=cortex-m0plus -T"C:\Users\danie\OneDrive\Desktop\Microcontroladores\Microcontroladores\Projeto matriz RGB\STM32L053R8TX_FLASH.ld" --specs=nosys.specs -Wl,-Map="Projeto matriz RGB.map" -Wl,--gc-sections -static --specs=nano.specs -mfloat-abi=soft -mthumb -Wl,--start-group -lc -lm -Wl,--end-group
Finished building target: Projeto matriz RGB.elf
 
arm-none-eabi-size  Projeto\ matriz\ RGB.elf 
arm-none-eabi-objdump -h -S Projeto\ matriz\ RGB.elf  > "Projeto matriz RGB.list"
   text	   data	    bss	    dec	    hex	filename
   8164	     12	   1636	   9812	   2654	Projeto matriz RGB.elf
Finished building: default.size.stdout
 
Finished building: Projeto matriz RGB.list
 
