2025-05-02 00:44:11,739 [ERROR] ConfigurationRetriever:142 - IOException on connection: Connect timed out
2025-05-02 00:45:08,428 [INFO] UtilMem:75 - End SaveConfig() Used Memory: 807510992 Bytes (1073741824)
2025-05-02 00:45:08,571 [INFO] UtilMem:75 - End SaveConfig() Used Memory: 823188384 Bytes (1073741824)
2025-05-02 00:45:09,730 [INFO] UtilMem:75 - End SaveConfig() Used Memory: 860876032 Bytes (1073741824)
2025-05-02 00:45:10,258 [INFO] BlockDiagram:2775 - set Specific Code input for plugin: ADC
2025-05-02 00:45:10,261 [INFO] BlockDiagram:2775 - set Specific Code input for plugin: NVIC
2025-05-02 00:45:10,261 [INFO] BlockDiagram:2775 - set Specific Code input for plugin: TIM1_8L0
2025-05-02 00:45:10,261 [INFO] BlockDiagram:2775 - set Specific Code input for plugin: SYS
2025-05-02 00:45:10,262 [INFO] BlockDiagram:2775 - set Specific Code input for plugin: GPIO
2025-05-02 00:45:10,262 [INFO] BlockDiagram:2775 - set Specific Code input for plugin: RCC
2025-05-02 00:45:10,263 [INFO] CodeGenerator:882 - code generatio: config db path: C:\ST\STM32CubeIDE_1.18.0\STM32CubeIDE\plugins\com.st.stm32cube.common.mx_6.14.0.202502271554\\db\
2025-05-02 00:45:10,405 [INFO] CodeEngine:263 - oldGeneratedFile, C:\Users\danie\OneDrive\Desktop\microcontroladores\Microcontroladores\Projetos\Projeto lembrete para prova\MXTmpFiles\license.tmp_save
2025-05-02 00:45:10,810 [INFO] CodeEngine:287 - Generated code: C:\Users\danie\OneDrive\Desktop\microcontroladores\Microcontroladores\Projetos\Projeto lembrete para prova\MXTmpFiles\license.tmp
2025-05-02 00:45:10,950 [INFO] CodeEngine:263 - oldGeneratedFile, C:\Users\danie\OneDrive\Desktop\microcontroladores\Microcontroladores\Projetos\Projeto lembrete para prova\MXTmpFiles\gpio.tmp_save
2025-05-02 00:45:11,170 [INFO] CodeEngine:287 - Generated code: C:\Users\danie\OneDrive\Desktop\microcontroladores\Microcontroladores\Projetos\Projeto lembrete para prova\MXTmpFiles\gpio.tmp
2025-05-02 00:45:11,589 [INFO] CodeEngine:263 - oldGeneratedFile, C:\Users\danie\OneDrive\Desktop\microcontroladores\Microcontroladores\Projetos\Projeto lembrete para prova\Core\Src\stm32l0xx_it.c_save
2025-05-02 00:45:12,027 [INFO] CodeEngine:287 - Generated code: C:\Users\danie\OneDrive\Desktop\microcontroladores\Microcontroladores\Projetos\Projeto lembrete para prova\Core\Src\stm32l0xx_it.c
2025-05-02 00:45:12,035 [INFO] CodeEngine:263 - oldGeneratedFile, C:\Users\danie\OneDrive\Desktop\microcontroladores\Microcontroladores\Projetos\Projeto lembrete para prova\Core\Inc\stm32l0xx_it.h_save
2025-05-02 00:45:12,179 [INFO] CodeEngine:287 - Generated code: C:\Users\danie\OneDrive\Desktop\microcontroladores\Microcontroladores\Projetos\Projeto lembrete para prova\Core\Inc\stm32l0xx_it.h
2025-05-02 00:45:12,197 [INFO] CodeEngine:263 - oldGeneratedFile, C:\Users\danie\OneDrive\Desktop\microcontroladores\Microcontroladores\Projetos\Projeto lembrete para prova\Core\Src\stm32l0xx_hal_msp.c_save
2025-05-02 00:45:12,456 [INFO] CodeEngine:287 - Generated code: C:\Users\danie\OneDrive\Desktop\microcontroladores\Microcontroladores\Projetos\Projeto lembrete para prova\Core\Src\stm32l0xx_hal_msp.c
2025-05-02 00:45:12,463 [INFO] CodeEngine:263 - oldGeneratedFile, C:\Users\danie\OneDrive\Desktop\microcontroladores\Microcontroladores\Projetos\Projeto lembrete para prova\MXTmpFiles\system.tmp_save
2025-05-02 00:45:12,593 [INFO] CodeEngine:287 - Generated code: C:\Users\danie\OneDrive\Desktop\microcontroladores\Microcontroladores\Projetos\Projeto lembrete para prova\MXTmpFiles\system.tmp
2025-05-02 00:45:12,609 [INFO] CodeEngine:319 - oldGeneratedFile, C:\Users\danie\OneDrive\Desktop\microcontroladores\Microcontroladores\Projetos\Projeto lembrete para prova\Core\Inc\stm32l0xx_hal_conf.h_save
2025-05-02 00:45:12,753 [INFO] CodeEngine:343 - Generated code: C:\Users\danie\OneDrive\Desktop\microcontroladores\Microcontroladores\Projetos\Projeto lembrete para prova\Core\Inc\stm32l0xx_hal_conf.h
2025-05-02 00:45:12,791 [WARN] IPConfigManager:3747 - IP not found : TIM
2025-05-02 00:45:12,792 [WARN] CodeGenerator:4198 - IP not found : null
2025-05-02 00:45:12,803 [INFO] CodeEngine:263 - oldGeneratedFile, C:\Users\danie\OneDrive\Desktop\microcontroladores\Microcontroladores\Projetos\Projeto lembrete para prova\Core\Inc\main.h_save
2025-05-02 00:45:13,010 [INFO] CodeEngine:287 - Generated code: C:\Users\danie\OneDrive\Desktop\microcontroladores\Microcontroladores\Projetos\Projeto lembrete para prova\Core\Inc\main.h
2025-05-02 00:45:13,019 [INFO] CodeEngine:263 - oldGeneratedFile, C:\Users\danie\OneDrive\Desktop\microcontroladores\Microcontroladores\Projetos\Projeto lembrete para prova\Core\Src\main.c_save
2025-05-02 00:45:13,300 [INFO] CodeEngine:287 - Generated code: C:\Users\danie\OneDrive\Desktop\microcontroladores\Microcontroladores\Projetos\Projeto lembrete para prova\Core\Src\main.c
2025-05-02 00:45:13,957 [INFO] ProjectBuilder:3324 - Time for Copy HAL[1] : 264mS.
2025-05-02 00:45:13,964 [INFO] ProjectBuilder:4912 - Project Generator version: 4.6.0-B36
2025-05-02 00:45:14,140 [INFO] ConfigFileManager:1590 - The Die is : DIE417
2025-05-02 00:45:16,223 [INFO] ProjectBuilder:5191 - Time for Generating toolchain IDE Files: 2259mS.
2025-05-02 00:45:16,224 [INFO] ProjectBuilder:3181 - Time for Copy CMSIS : 1mS.
2025-05-02 00:45:16,228 [INFO] ProjectBuilder:3181 - Time for Copy CMSIS : 0mS.
2025-05-02 09:50:54,706 [INFO] NvicIntPanel:101 - NVIC parent = com.st.microxplorer.plugins.ip.nvic.MultiNvicIntPanel[,0,0,0x0,invalid,layout=javax.swing.BoxLayout,alignmentX=0.0,alignmentY=0.0,border=,flags=9,maximumSize=,minimumSize=,preferredSize=]
2025-05-02 09:50:54,957 [INFO] NvicIntPanel:101 - NVIC parent = com.st.microxplorer.plugins.ip.nvic.MultiNvicIntPanel[,0,0,0x0,invalid,layout=javax.swing.BoxLayout,alignmentX=0.0,alignmentY=0.0,border=,flags=9,maximumSize=,minimumSize=,preferredSize=]
2025-05-02 09:51:00,860 [INFO] NvicIntPanel:101 - NVIC parent = com.st.microxplorer.plugins.ip.nvic.MultiNvicIntPanel[,0,0,0x0,invalid,layout=javax.swing.BoxLayout,alignmentX=0.0,alignmentY=0.0,border=,flags=9,maximumSize=,minimumSize=,preferredSize=]
2025-05-02 10:19:00,282 [INFO] UtilMem:75 - End SaveConfig() Used Memory: 770494576 Bytes (1073741824)
2025-05-02 10:19:00,463 [INFO] UtilMem:75 - End SaveConfig() Used Memory: 791817888 Bytes (1073741824)
2025-05-02 10:19:02,937 [INFO] UtilMem:75 - End SaveConfig() Used Memory: 861550240 Bytes (1073741824)
2025-05-02 10:19:03,378 [INFO] BlockDiagram:2775 - set Specific Code input for plugin: ADC
2025-05-02 10:19:03,378 [INFO] BlockDiagram:2775 - set Specific Code input for plugin: NVIC
2025-05-02 10:19:03,378 [INFO] BlockDiagram:2775 - set Specific Code input for plugin: USART
2025-05-02 10:19:03,378 [INFO] BlockDiagram:2775 - set Specific Code input for plugin: TIM1_8L0
2025-05-02 10:19:03,378 [INFO] BlockDiagram:2775 - set Specific Code input for plugin: SYS
2025-05-02 10:19:03,379 [INFO] BlockDiagram:2775 - set Specific Code input for plugin: GPIO
2025-05-02 10:19:03,379 [INFO] BlockDiagram:2775 - set Specific Code input for plugin: RCC
2025-05-02 10:19:03,382 [INFO] CodeGenerator:882 - code generatio: config db path: C:\ST\STM32CubeIDE_1.18.0\STM32CubeIDE\plugins\com.st.stm32cube.common.mx_6.14.0.202502271554\\db\
2025-05-02 10:19:03,594 [INFO] CodeEngine:263 - oldGeneratedFile, C:\Users\danie\OneDrive\Desktop\microcontroladores\Microcontroladores\Projetos\Projeto lembrete para prova\MXTmpFiles\license.tmp_save
2025-05-02 10:19:04,151 [INFO] CodeEngine:287 - Generated code: C:\Users\danie\OneDrive\Desktop\microcontroladores\Microcontroladores\Projetos\Projeto lembrete para prova\MXTmpFiles\license.tmp
2025-05-02 10:19:04,303 [INFO] CodeEngine:263 - oldGeneratedFile, C:\Users\danie\OneDrive\Desktop\microcontroladores\Microcontroladores\Projetos\Projeto lembrete para prova\MXTmpFiles\gpio.tmp_save
2025-05-02 10:19:04,525 [INFO] CodeEngine:287 - Generated code: C:\Users\danie\OneDrive\Desktop\microcontroladores\Microcontroladores\Projetos\Projeto lembrete para prova\MXTmpFiles\gpio.tmp
2025-05-02 10:19:05,195 [INFO] CodeEngine:263 - oldGeneratedFile, C:\Users\danie\OneDrive\Desktop\microcontroladores\Microcontroladores\Projetos\Projeto lembrete para prova\Core\Src\stm32l0xx_it.c_save
2025-05-02 10:19:05,717 [INFO] CodeEngine:287 - Generated code: C:\Users\danie\OneDrive\Desktop\microcontroladores\Microcontroladores\Projetos\Projeto lembrete para prova\Core\Src\stm32l0xx_it.c
2025-05-02 10:19:05,728 [INFO] CodeEngine:263 - oldGeneratedFile, C:\Users\danie\OneDrive\Desktop\microcontroladores\Microcontroladores\Projetos\Projeto lembrete para prova\Core\Inc\stm32l0xx_it.h_save
2025-05-02 10:19:05,884 [INFO] CodeEngine:287 - Generated code: C:\Users\danie\OneDrive\Desktop\microcontroladores\Microcontroladores\Projetos\Projeto lembrete para prova\Core\Inc\stm32l0xx_it.h
2025-05-02 10:19:05,914 [INFO] CodeEngine:263 - oldGeneratedFile, C:\Users\danie\OneDrive\Desktop\microcontroladores\Microcontroladores\Projetos\Projeto lembrete para prova\Core\Src\stm32l0xx_hal_msp.c_save
2025-05-02 10:19:06,225 [INFO] CodeEngine:287 - Generated code: C:\Users\danie\OneDrive\Desktop\microcontroladores\Microcontroladores\Projetos\Projeto lembrete para prova\Core\Src\stm32l0xx_hal_msp.c
2025-05-02 10:19:06,233 [INFO] CodeEngine:263 - oldGeneratedFile, C:\Users\danie\OneDrive\Desktop\microcontroladores\Microcontroladores\Projetos\Projeto lembrete para prova\MXTmpFiles\system.tmp_save
2025-05-02 10:19:06,379 [INFO] CodeEngine:287 - Generated code: C:\Users\danie\OneDrive\Desktop\microcontroladores\Microcontroladores\Projetos\Projeto lembrete para prova\MXTmpFiles\system.tmp
2025-05-02 10:19:06,405 [INFO] CodeEngine:319 - oldGeneratedFile, C:\Users\danie\OneDrive\Desktop\microcontroladores\Microcontroladores\Projetos\Projeto lembrete para prova\Core\Inc\stm32l0xx_hal_conf.h_save
2025-05-02 10:19:06,578 [INFO] CodeEngine:343 - Generated code: C:\Users\danie\OneDrive\Desktop\microcontroladores\Microcontroladores\Projetos\Projeto lembrete para prova\Core\Inc\stm32l0xx_hal_conf.h
2025-05-02 10:19:06,619 [WARN] IPConfigManager:3747 - IP not found : TIM
2025-05-02 10:19:06,621 [WARN] CodeGenerator:4198 - IP not found : null
2025-05-02 10:19:06,636 [INFO] CodeEngine:263 - oldGeneratedFile, C:\Users\danie\OneDrive\Desktop\microcontroladores\Microcontroladores\Projetos\Projeto lembrete para prova\Core\Inc\main.h_save
2025-05-02 10:19:06,992 [INFO] CodeEngine:287 - Generated code: C:\Users\danie\OneDrive\Desktop\microcontroladores\Microcontroladores\Projetos\Projeto lembrete para prova\Core\Inc\main.h
2025-05-02 10:19:07,017 [INFO] CodeEngine:263 - oldGeneratedFile, C:\Users\danie\OneDrive\Desktop\microcontroladores\Microcontroladores\Projetos\Projeto lembrete para prova\Core\Src\main.c_save
2025-05-02 10:19:07,640 [INFO] CodeEngine:287 - Generated code: C:\Users\danie\OneDrive\Desktop\microcontroladores\Microcontroladores\Projetos\Projeto lembrete para prova\Core\Src\main.c
2025-05-02 10:19:10,156 [INFO] ProjectBuilder:3324 - Time for Copy HAL[1] : 1006mS.
2025-05-02 10:19:10,180 [INFO] ProjectBuilder:4912 - Project Generator version: 4.6.0-B36
2025-05-02 10:19:10,378 [INFO] ConfigFileManager:1590 - The Die is : DIE417
2025-05-02 10:19:16,485 [INFO] ProjectBuilder:5191 - Time for Generating toolchain IDE Files: 6304mS.
2025-05-02 10:19:16,487 [INFO] ProjectBuilder:3181 - Time for Copy CMSIS : 1mS.
2025-05-02 10:19:16,494 [INFO] ProjectBuilder:3181 - Time for Copy CMSIS : 0mS.
2025-05-02 10:32:22,406 [INFO] UtilMem:75 - End SaveConfig() Used Memory: 690975992 Bytes (1073741824)
2025-05-02 10:32:22,630 [INFO] UtilMem:75 - End SaveConfig() Used Memory: 706704632 Bytes (1073741824)
2025-05-02 10:32:26,079 [INFO] UtilMem:75 - End SaveConfig() Used Memory: 882339064 Bytes (1073741824)
2025-05-02 10:32:26,882 [INFO] BlockDiagram:2775 - set Specific Code input for plugin: ADC
2025-05-02 10:32:26,882 [INFO] BlockDiagram:2775 - set Specific Code input for plugin: NVIC
2025-05-02 10:32:26,882 [INFO] BlockDiagram:2775 - set Specific Code input for plugin: USART
2025-05-02 10:32:26,882 [INFO] BlockDiagram:2775 - set Specific Code input for plugin: TIM6_7L0
2025-05-02 10:32:26,882 [INFO] BlockDiagram:2775 - set Specific Code input for plugin: TIM1_8L0
2025-05-02 10:32:26,883 [INFO] BlockDiagram:2775 - set Specific Code input for plugin: SYS
2025-05-02 10:32:26,883 [INFO] BlockDiagram:2775 - set Specific Code input for plugin: GPIO
2025-05-02 10:32:26,883 [INFO] BlockDiagram:2775 - set Specific Code input for plugin: RCC
2025-05-02 10:32:26,884 [INFO] CodeGenerator:882 - code generatio: config db path: C:\ST\STM32CubeIDE_1.18.0\STM32CubeIDE\plugins\com.st.stm32cube.common.mx_6.14.0.202502271554\\db\
2025-05-02 10:32:27,171 [INFO] CodeEngine:263 - oldGeneratedFile, C:\Users\danie\OneDrive\Desktop\microcontroladores\Microcontroladores\Projetos\Projeto lembrete para prova\MXTmpFiles\license.tmp_save
2025-05-02 10:32:27,978 [INFO] CodeEngine:287 - Generated code: C:\Users\danie\OneDrive\Desktop\microcontroladores\Microcontroladores\Projetos\Projeto lembrete para prova\MXTmpFiles\license.tmp
2025-05-02 10:32:28,325 [INFO] CodeEngine:263 - oldGeneratedFile, C:\Users\danie\OneDrive\Desktop\microcontroladores\Microcontroladores\Projetos\Projeto lembrete para prova\MXTmpFiles\gpio.tmp_save
2025-05-02 10:32:28,786 [INFO] CodeEngine:287 - Generated code: C:\Users\danie\OneDrive\Desktop\microcontroladores\Microcontroladores\Projetos\Projeto lembrete para prova\MXTmpFiles\gpio.tmp
2025-05-02 10:32:30,751 [INFO] CodeEngine:263 - oldGeneratedFile, C:\Users\danie\OneDrive\Desktop\microcontroladores\Microcontroladores\Projetos\Projeto lembrete para prova\Core\Src\stm32l0xx_it.c_save
2025-05-02 10:32:31,322 [INFO] CodeEngine:287 - Generated code: C:\Users\danie\OneDrive\Desktop\microcontroladores\Microcontroladores\Projetos\Projeto lembrete para prova\Core\Src\stm32l0xx_it.c
2025-05-02 10:32:31,333 [INFO] CodeEngine:263 - oldGeneratedFile, C:\Users\danie\OneDrive\Desktop\microcontroladores\Microcontroladores\Projetos\Projeto lembrete para prova\Core\Inc\stm32l0xx_it.h_save
2025-05-02 10:32:31,497 [INFO] CodeEngine:287 - Generated code: C:\Users\danie\OneDrive\Desktop\microcontroladores\Microcontroladores\Projetos\Projeto lembrete para prova\Core\Inc\stm32l0xx_it.h
2025-05-02 10:32:31,528 [INFO] CodeEngine:263 - oldGeneratedFile, C:\Users\danie\OneDrive\Desktop\microcontroladores\Microcontroladores\Projetos\Projeto lembrete para prova\Core\Src\stm32l0xx_hal_msp.c_save
2025-05-02 10:32:31,859 [INFO] CodeEngine:287 - Generated code: C:\Users\danie\OneDrive\Desktop\microcontroladores\Microcontroladores\Projetos\Projeto lembrete para prova\Core\Src\stm32l0xx_hal_msp.c
2025-05-02 10:32:31,868 [INFO] CodeEngine:263 - oldGeneratedFile, C:\Users\danie\OneDrive\Desktop\microcontroladores\Microcontroladores\Projetos\Projeto lembrete para prova\MXTmpFiles\system.tmp_save
2025-05-02 10:32:32,018 [INFO] CodeEngine:287 - Generated code: C:\Users\danie\OneDrive\Desktop\microcontroladores\Microcontroladores\Projetos\Projeto lembrete para prova\MXTmpFiles\system.tmp
2025-05-02 10:32:32,046 [INFO] CodeEngine:319 - oldGeneratedFile, C:\Users\danie\OneDrive\Desktop\microcontroladores\Microcontroladores\Projetos\Projeto lembrete para prova\Core\Inc\stm32l0xx_hal_conf.h_save
2025-05-02 10:32:32,212 [INFO] CodeEngine:343 - Generated code: C:\Users\danie\OneDrive\Desktop\microcontroladores\Microcontroladores\Projetos\Projeto lembrete para prova\Core\Inc\stm32l0xx_hal_conf.h
2025-05-02 10:32:32,397 [INFO] ApiDbMcu:508 - Load IP Config File for TIM6
2025-05-02 10:32:32,399 [WARN] IPConfigManager:3747 - IP not found : TIM
2025-05-02 10:32:32,400 [WARN] CodeGenerator:4198 - IP not found : null
2025-05-02 10:32:32,418 [INFO] CodeEngine:263 - oldGeneratedFile, C:\Users\danie\OneDrive\Desktop\microcontroladores\Microcontroladores\Projetos\Projeto lembrete para prova\Core\Inc\main.h_save
2025-05-02 10:32:32,677 [INFO] CodeEngine:287 - Generated code: C:\Users\danie\OneDrive\Desktop\microcontroladores\Microcontroladores\Projetos\Projeto lembrete para prova\Core\Inc\main.h
2025-05-02 10:32:32,699 [INFO] CodeEngine:263 - oldGeneratedFile, C:\Users\danie\OneDrive\Desktop\microcontroladores\Microcontroladores\Projetos\Projeto lembrete para prova\Core\Src\main.c_save
2025-05-02 10:32:33,010 [INFO] CodeEngine:287 - Generated code: C:\Users\danie\OneDrive\Desktop\microcontroladores\Microcontroladores\Projetos\Projeto lembrete para prova\Core\Src\main.c
2025-05-02 10:32:33,699 [INFO] ProjectBuilder:3324 - Time for Copy HAL[1] : 347mS.
2025-05-02 10:32:33,712 [INFO] ProjectBuilder:4912 - Project Generator version: 4.6.0-B36
2025-05-02 10:32:33,976 [INFO] ConfigFileManager:1590 - The Die is : DIE417
2025-05-02 10:32:37,661 [INFO] ProjectBuilder:5191 - Time for Generating toolchain IDE Files: 3949mS.
2025-05-02 10:32:37,663 [INFO] ProjectBuilder:3181 - Time for Copy CMSIS : 0mS.
2025-05-02 10:32:37,667 [INFO] ProjectBuilder:3181 - Time for Copy CMSIS : 0mS.
2025-05-02 11:06:36,468 [INFO] UtilMem:75 - End SaveConfig() Used Memory: 916048624 Bytes (1073741824)
2025-05-02 11:06:36,715 [INFO] UtilMem:75 - End SaveConfig() Used Memory: 962275824 Bytes (1073741824)
2025-05-02 11:06:39,499 [INFO] UtilMem:75 - End SaveConfig() Used Memory: 740757216 Bytes (1073741824)
2025-05-02 11:06:40,910 [INFO] BlockDiagram:2775 - set Specific Code input for plugin: ADC
2025-05-02 11:06:40,911 [INFO] BlockDiagram:2775 - set Specific Code input for plugin: NVIC
2025-05-02 11:06:40,911 [INFO] BlockDiagram:2775 - set Specific Code input for plugin: TIM6_7L0
2025-05-02 11:06:40,914 [INFO] BlockDiagram:2775 - set Specific Code input for plugin: TIM1_8L0
2025-05-02 11:06:40,915 [INFO] BlockDiagram:2775 - set Specific Code input for plugin: SYS
2025-05-02 11:06:40,916 [INFO] BlockDiagram:2775 - set Specific Code input for plugin: GPIO
2025-05-02 11:06:40,916 [INFO] BlockDiagram:2775 - set Specific Code input for plugin: RCC
2025-05-02 11:06:40,917 [INFO] CodeGenerator:882 - code generatio: config db path: C:\ST\STM32CubeIDE_1.18.0\STM32CubeIDE\plugins\com.st.stm32cube.common.mx_6.14.0.202502271554\\db\
2025-05-02 11:06:41,144 [INFO] CodeEngine:263 - oldGeneratedFile, C:\Users\danie\OneDrive\Desktop\microcontroladores\Microcontroladores\Projetos\Projeto lembrete para prova\MXTmpFiles\license.tmp_save
2025-05-02 11:06:41,765 [INFO] CodeEngine:287 - Generated code: C:\Users\danie\OneDrive\Desktop\microcontroladores\Microcontroladores\Projetos\Projeto lembrete para prova\MXTmpFiles\license.tmp
2025-05-02 11:06:41,983 [INFO] CodeEngine:263 - oldGeneratedFile, C:\Users\danie\OneDrive\Desktop\microcontroladores\Microcontroladores\Projetos\Projeto lembrete para prova\MXTmpFiles\gpio.tmp_save
2025-05-02 11:06:42,224 [INFO] CodeEngine:287 - Generated code: C:\Users\danie\OneDrive\Desktop\microcontroladores\Microcontroladores\Projetos\Projeto lembrete para prova\MXTmpFiles\gpio.tmp
2025-05-02 11:06:42,896 [INFO] CodeEngine:263 - oldGeneratedFile, C:\Users\danie\OneDrive\Desktop\microcontroladores\Microcontroladores\Projetos\Projeto lembrete para prova\Core\Src\stm32l0xx_it.c_save
2025-05-02 11:06:43,384 [INFO] CodeEngine:287 - Generated code: C:\Users\danie\OneDrive\Desktop\microcontroladores\Microcontroladores\Projetos\Projeto lembrete para prova\Core\Src\stm32l0xx_it.c
2025-05-02 11:06:43,394 [INFO] CodeEngine:263 - oldGeneratedFile, C:\Users\danie\OneDrive\Desktop\microcontroladores\Microcontroladores\Projetos\Projeto lembrete para prova\Core\Inc\stm32l0xx_it.h_save
2025-05-02 11:06:43,558 [INFO] CodeEngine:287 - Generated code: C:\Users\danie\OneDrive\Desktop\microcontroladores\Microcontroladores\Projetos\Projeto lembrete para prova\Core\Inc\stm32l0xx_it.h
2025-05-02 11:06:43,584 [INFO] CodeEngine:263 - oldGeneratedFile, C:\Users\danie\OneDrive\Desktop\microcontroladores\Microcontroladores\Projetos\Projeto lembrete para prova\Core\Src\stm32l0xx_hal_msp.c_save
2025-05-02 11:06:43,886 [INFO] CodeEngine:287 - Generated code: C:\Users\danie\OneDrive\Desktop\microcontroladores\Microcontroladores\Projetos\Projeto lembrete para prova\Core\Src\stm32l0xx_hal_msp.c
2025-05-02 11:06:43,894 [INFO] CodeEngine:263 - oldGeneratedFile, C:\Users\danie\OneDrive\Desktop\microcontroladores\Microcontroladores\Projetos\Projeto lembrete para prova\MXTmpFiles\system.tmp_save
2025-05-02 11:06:44,049 [INFO] CodeEngine:287 - Generated code: C:\Users\danie\OneDrive\Desktop\microcontroladores\Microcontroladores\Projetos\Projeto lembrete para prova\MXTmpFiles\system.tmp
2025-05-02 11:06:44,069 [INFO] CodeEngine:319 - oldGeneratedFile, C:\Users\danie\OneDrive\Desktop\microcontroladores\Microcontroladores\Projetos\Projeto lembrete para prova\Core\Inc\stm32l0xx_hal_conf.h_save
2025-05-02 11:06:44,240 [INFO] CodeEngine:343 - Generated code: C:\Users\danie\OneDrive\Desktop\microcontroladores\Microcontroladores\Projetos\Projeto lembrete para prova\Core\Inc\stm32l0xx_hal_conf.h
2025-05-02 11:06:44,279 [WARN] IPConfigManager:3747 - IP not found : TIM
2025-05-02 11:06:44,281 [WARN] CodeGenerator:4198 - IP not found : null
2025-05-02 11:06:44,295 [INFO] CodeEngine:263 - oldGeneratedFile, C:\Users\danie\OneDrive\Desktop\microcontroladores\Microcontroladores\Projetos\Projeto lembrete para prova\Core\Inc\main.h_save
2025-05-02 11:06:44,525 [INFO] CodeEngine:287 - Generated code: C:\Users\danie\OneDrive\Desktop\microcontroladores\Microcontroladores\Projetos\Projeto lembrete para prova\Core\Inc\main.h
2025-05-02 11:06:44,543 [INFO] CodeEngine:263 - oldGeneratedFile, C:\Users\danie\OneDrive\Desktop\microcontroladores\Microcontroladores\Projetos\Projeto lembrete para prova\Core\Src\main.c_save
2025-05-02 11:06:44,821 [INFO] CodeEngine:287 - Generated code: C:\Users\danie\OneDrive\Desktop\microcontroladores\Microcontroladores\Projetos\Projeto lembrete para prova\Core\Src\main.c
2025-05-02 11:06:45,436 [INFO] ProjectBuilder:3324 - Time for Copy HAL[1] : 321mS.
2025-05-02 11:06:45,441 [INFO] ProjectBuilder:4912 - Project Generator version: 4.6.0-B36
2025-05-02 11:06:45,612 [INFO] ConfigFileManager:1590 - The Die is : DIE417
2025-05-02 11:06:49,416 [INFO] ProjectBuilder:5191 - Time for Generating toolchain IDE Files: 3975mS.
2025-05-02 11:06:49,417 [INFO] ProjectBuilder:3181 - Time for Copy CMSIS : 1mS.
2025-05-02 11:06:49,421 [INFO] ProjectBuilder:3181 - Time for Copy CMSIS : 0mS.
2025-05-02 11:06:54,610 [INFO] Gpio:277 - dependency for GPIO [ADC, TIM2]
2025-05-02 11:07:16,017 [INFO] UtilMem:75 - End SaveConfig() Used Memory: 930402368 Bytes (1073741824)
2025-05-02 11:07:16,171 [INFO] UtilMem:75 - End SaveConfig() Used Memory: 950847552 Bytes (1073741824)
2025-05-02 11:07:17,531 [INFO] UtilMem:75 - End SaveConfig() Used Memory: 972867648 Bytes (1073741824)
2025-05-02 11:07:17,888 [INFO] BlockDiagram:2775 - set Specific Code input for plugin: ADC
2025-05-02 11:07:17,889 [INFO] BlockDiagram:2775 - set Specific Code input for plugin: NVIC
2025-05-02 11:07:17,889 [INFO] BlockDiagram:2775 - set Specific Code input for plugin: TIM6_7L0
2025-05-02 11:07:17,890 [INFO] BlockDiagram:2775 - set Specific Code input for plugin: TIM1_8L0
2025-05-02 11:07:17,890 [INFO] BlockDiagram:2775 - set Specific Code input for plugin: SYS
2025-05-02 11:07:17,890 [INFO] BlockDiagram:2775 - set Specific Code input for plugin: GPIO
2025-05-02 11:07:17,890 [INFO] BlockDiagram:2775 - set Specific Code input for plugin: RCC
2025-05-02 11:07:17,891 [INFO] CodeGenerator:882 - code generatio: config db path: C:\ST\STM32CubeIDE_1.18.0\STM32CubeIDE\plugins\com.st.stm32cube.common.mx_6.14.0.202502271554\\db\
2025-05-02 11:07:18,017 [INFO] CodeEngine:263 - oldGeneratedFile, C:\Users\danie\OneDrive\Desktop\microcontroladores\Microcontroladores\Projetos\Projeto lembrete para prova\MXTmpFiles\license.tmp_save
2025-05-02 11:07:18,126 [INFO] CodeEngine:287 - Generated code: C:\Users\danie\OneDrive\Desktop\microcontroladores\Microcontroladores\Projetos\Projeto lembrete para prova\MXTmpFiles\license.tmp
2025-05-02 11:07:18,208 [INFO] CodeEngine:263 - oldGeneratedFile, C:\Users\danie\OneDrive\Desktop\microcontroladores\Microcontroladores\Projetos\Projeto lembrete para prova\MXTmpFiles\gpio.tmp_save
2025-05-02 11:07:18,315 [INFO] CodeEngine:287 - Generated code: C:\Users\danie\OneDrive\Desktop\microcontroladores\Microcontroladores\Projetos\Projeto lembrete para prova\MXTmpFiles\gpio.tmp
2025-05-02 11:07:18,646 [INFO] CodeEngine:263 - oldGeneratedFile, C:\Users\danie\OneDrive\Desktop\microcontroladores\Microcontroladores\Projetos\Projeto lembrete para prova\Core\Src\stm32l0xx_it.c_save
2025-05-02 11:07:18,761 [INFO] CodeEngine:287 - Generated code: C:\Users\danie\OneDrive\Desktop\microcontroladores\Microcontroladores\Projetos\Projeto lembrete para prova\Core\Src\stm32l0xx_it.c
2025-05-02 11:07:18,770 [INFO] CodeEngine:263 - oldGeneratedFile, C:\Users\danie\OneDrive\Desktop\microcontroladores\Microcontroladores\Projetos\Projeto lembrete para prova\Core\Inc\stm32l0xx_it.h_save
2025-05-02 11:07:18,872 [INFO] CodeEngine:287 - Generated code: C:\Users\danie\OneDrive\Desktop\microcontroladores\Microcontroladores\Projetos\Projeto lembrete para prova\Core\Inc\stm32l0xx_it.h
2025-05-02 11:07:18,896 [INFO] CodeEngine:263 - oldGeneratedFile, C:\Users\danie\OneDrive\Desktop\microcontroladores\Microcontroladores\Projetos\Projeto lembrete para prova\Core\Src\stm32l0xx_hal_msp.c_save
2025-05-02 11:07:19,046 [INFO] CodeEngine:287 - Generated code: C:\Users\danie\OneDrive\Desktop\microcontroladores\Microcontroladores\Projetos\Projeto lembrete para prova\Core\Src\stm32l0xx_hal_msp.c
2025-05-02 11:07:19,053 [INFO] CodeEngine:263 - oldGeneratedFile, C:\Users\danie\OneDrive\Desktop\microcontroladores\Microcontroladores\Projetos\Projeto lembrete para prova\MXTmpFiles\system.tmp_save
2025-05-02 11:07:19,150 [INFO] CodeEngine:287 - Generated code: C:\Users\danie\OneDrive\Desktop\microcontroladores\Microcontroladores\Projetos\Projeto lembrete para prova\MXTmpFiles\system.tmp
2025-05-02 11:07:19,169 [INFO] CodeEngine:319 - oldGeneratedFile, C:\Users\danie\OneDrive\Desktop\microcontroladores\Microcontroladores\Projetos\Projeto lembrete para prova\Core\Inc\stm32l0xx_hal_conf.h_save
2025-05-02 11:07:19,271 [INFO] CodeEngine:343 - Generated code: C:\Users\danie\OneDrive\Desktop\microcontroladores\Microcontroladores\Projetos\Projeto lembrete para prova\Core\Inc\stm32l0xx_hal_conf.h
2025-05-02 11:07:19,293 [WARN] IPConfigManager:3747 - IP not found : TIM
2025-05-02 11:07:19,294 [WARN] CodeGenerator:4198 - IP not found : null
2025-05-02 11:07:19,311 [INFO] CodeEngine:263 - oldGeneratedFile, C:\Users\danie\OneDrive\Desktop\microcontroladores\Microcontroladores\Projetos\Projeto lembrete para prova\Core\Inc\main.h_save
2025-05-02 11:07:19,415 [INFO] CodeEngine:287 - Generated code: C:\Users\danie\OneDrive\Desktop\microcontroladores\Microcontroladores\Projetos\Projeto lembrete para prova\Core\Inc\main.h
2025-05-02 11:07:19,425 [INFO] CodeEngine:263 - oldGeneratedFile, C:\Users\danie\OneDrive\Desktop\microcontroladores\Microcontroladores\Projetos\Projeto lembrete para prova\Core\Src\main.c_save
2025-05-02 11:07:19,573 [INFO] CodeEngine:287 - Generated code: C:\Users\danie\OneDrive\Desktop\microcontroladores\Microcontroladores\Projetos\Projeto lembrete para prova\Core\Src\main.c
2025-05-02 11:07:20,099 [INFO] ProjectBuilder:3324 - Time for Copy HAL[1] : 199mS.
2025-05-02 11:07:20,105 [INFO] ProjectBuilder:4912 - Project Generator version: 4.6.0-B36
2025-05-02 11:07:20,235 [INFO] ConfigFileManager:1590 - The Die is : DIE417
2025-05-02 11:07:22,543 [INFO] ProjectBuilder:5191 - Time for Generating toolchain IDE Files: 2435mS.
2025-05-02 11:07:22,543 [INFO] ProjectBuilder:3181 - Time for Copy CMSIS : 0mS.
2025-05-02 11:07:22,547 [INFO] ProjectBuilder:3181 - Time for Copy CMSIS : 0mS.
2025-05-02 11:07:24,867 [INFO] UtilMem:75 - End SaveConfig() Used Memory: 832792736 Bytes (1073741824)
2025-05-02 11:07:24,978 [INFO] UtilMem:75 - End SaveConfig() Used Memory: 847999136 Bytes (1073741824)
2025-05-02 11:07:26,442 [INFO] UtilMem:75 - End SaveConfig() Used Memory: 892120880 Bytes (1073741824)
2025-05-02 11:07:27,087 [INFO] BlockDiagram:2775 - set Specific Code input for plugin: ADC
2025-05-02 11:07:27,087 [INFO] BlockDiagram:2775 - set Specific Code input for plugin: NVIC
2025-05-02 11:07:27,088 [INFO] BlockDiagram:2775 - set Specific Code input for plugin: TIM6_7L0
2025-05-02 11:07:27,088 [INFO] BlockDiagram:2775 - set Specific Code input for plugin: TIM1_8L0
2025-05-02 11:07:27,088 [INFO] BlockDiagram:2775 - set Specific Code input for plugin: SYS
2025-05-02 11:07:27,088 [INFO] BlockDiagram:2775 - set Specific Code input for plugin: GPIO
2025-05-02 11:07:27,088 [INFO] BlockDiagram:2775 - set Specific Code input for plugin: RCC
2025-05-02 11:07:27,089 [INFO] CodeGenerator:882 - code generatio: config db path: C:\ST\STM32CubeIDE_1.18.0\STM32CubeIDE\plugins\com.st.stm32cube.common.mx_6.14.0.202502271554\\db\
2025-05-02 11:07:27,241 [INFO] CodeEngine:263 - oldGeneratedFile, C:\Users\danie\OneDrive\Desktop\microcontroladores\Microcontroladores\Projetos\Projeto lembrete para prova\MXTmpFiles\license.tmp_save
2025-05-02 11:07:27,365 [INFO] CodeEngine:287 - Generated code: C:\Users\danie\OneDrive\Desktop\microcontroladores\Microcontroladores\Projetos\Projeto lembrete para prova\MXTmpFiles\license.tmp
2025-05-02 11:07:27,480 [INFO] CodeEngine:263 - oldGeneratedFile, C:\Users\danie\OneDrive\Desktop\microcontroladores\Microcontroladores\Projetos\Projeto lembrete para prova\MXTmpFiles\gpio.tmp_save
2025-05-02 11:07:27,584 [INFO] CodeEngine:287 - Generated code: C:\Users\danie\OneDrive\Desktop\microcontroladores\Microcontroladores\Projetos\Projeto lembrete para prova\MXTmpFiles\gpio.tmp
2025-05-02 11:07:27,928 [INFO] CodeEngine:263 - oldGeneratedFile, C:\Users\danie\OneDrive\Desktop\microcontroladores\Microcontroladores\Projetos\Projeto lembrete para prova\Core\Src\stm32l0xx_it.c_save
2025-05-02 11:07:28,063 [INFO] CodeEngine:287 - Generated code: C:\Users\danie\OneDrive\Desktop\microcontroladores\Microcontroladores\Projetos\Projeto lembrete para prova\Core\Src\stm32l0xx_it.c
2025-05-02 11:07:28,072 [INFO] CodeEngine:263 - oldGeneratedFile, C:\Users\danie\OneDrive\Desktop\microcontroladores\Microcontroladores\Projetos\Projeto lembrete para prova\Core\Inc\stm32l0xx_it.h_save
2025-05-02 11:07:28,167 [INFO] CodeEngine:287 - Generated code: C:\Users\danie\OneDrive\Desktop\microcontroladores\Microcontroladores\Projetos\Projeto lembrete para prova\Core\Inc\stm32l0xx_it.h
2025-05-02 11:07:28,187 [INFO] CodeEngine:263 - oldGeneratedFile, C:\Users\danie\OneDrive\Desktop\microcontroladores\Microcontroladores\Projetos\Projeto lembrete para prova\Core\Src\stm32l0xx_hal_msp.c_save
2025-05-02 11:07:28,345 [INFO] CodeEngine:287 - Generated code: C:\Users\danie\OneDrive\Desktop\microcontroladores\Microcontroladores\Projetos\Projeto lembrete para prova\Core\Src\stm32l0xx_hal_msp.c
2025-05-02 11:07:28,364 [INFO] CodeEngine:263 - oldGeneratedFile, C:\Users\danie\OneDrive\Desktop\microcontroladores\Microcontroladores\Projetos\Projeto lembrete para prova\MXTmpFiles\system.tmp_save
2025-05-02 11:07:28,450 [INFO] CodeEngine:287 - Generated code: C:\Users\danie\OneDrive\Desktop\microcontroladores\Microcontroladores\Projetos\Projeto lembrete para prova\MXTmpFiles\system.tmp
2025-05-02 11:07:28,467 [INFO] CodeEngine:319 - oldGeneratedFile, C:\Users\danie\OneDrive\Desktop\microcontroladores\Microcontroladores\Projetos\Projeto lembrete para prova\Core\Inc\stm32l0xx_hal_conf.h_save
2025-05-02 11:07:28,562 [INFO] CodeEngine:343 - Generated code: C:\Users\danie\OneDrive\Desktop\microcontroladores\Microcontroladores\Projetos\Projeto lembrete para prova\Core\Inc\stm32l0xx_hal_conf.h
2025-05-02 11:07:28,582 [WARN] IPConfigManager:3747 - IP not found : TIM
2025-05-02 11:07:28,584 [WARN] CodeGenerator:4198 - IP not found : null
2025-05-02 11:07:28,595 [INFO] CodeEngine:263 - oldGeneratedFile, C:\Users\danie\OneDrive\Desktop\microcontroladores\Microcontroladores\Projetos\Projeto lembrete para prova\Core\Inc\main.h_save
2025-05-02 11:07:28,705 [INFO] CodeEngine:287 - Generated code: C:\Users\danie\OneDrive\Desktop\microcontroladores\Microcontroladores\Projetos\Projeto lembrete para prova\Core\Inc\main.h
2025-05-02 11:07:28,713 [INFO] CodeEngine:263 - oldGeneratedFile, C:\Users\danie\OneDrive\Desktop\microcontroladores\Microcontroladores\Projetos\Projeto lembrete para prova\Core\Src\main.c_save
2025-05-02 11:07:28,898 [INFO] CodeEngine:287 - Generated code: C:\Users\danie\OneDrive\Desktop\microcontroladores\Microcontroladores\Projetos\Projeto lembrete para prova\Core\Src\main.c
2025-05-02 11:07:29,331 [INFO] ProjectBuilder:3324 - Time for Copy HAL[1] : 185mS.
2025-05-02 11:07:29,338 [INFO] ProjectBuilder:4912 - Project Generator version: 4.6.0-B36
2025-05-02 11:07:29,450 [INFO] ConfigFileManager:1590 - The Die is : DIE417
2025-05-02 11:07:31,472 [INFO] ProjectBuilder:5191 - Time for Generating toolchain IDE Files: 2131mS.
2025-05-02 11:07:31,477 [INFO] ProjectBuilder:3181 - Time for Copy CMSIS : 4mS.
2025-05-02 11:07:31,482 [INFO] ProjectBuilder:3181 - Time for Copy CMSIS : 0mS.
2025-05-02 11:42:14,057 [ERROR] ConfigurationRetriever:142 - IOException on connection: Read timed out
2025-05-02 11:45:17,557 [ERROR] ConfigurationRetriever:142 - IOException on connection: Read timed out
2025-05-02 11:45:19,581 [ERROR] ConfigurationRetriever:142 - IOException on connection: Read timed out
2025-05-02 11:45:21,625 [ERROR] ConfigurationRetriever:142 - IOException on connection: Read timed out
