2025-04-18 11:32:11,003 [INFO] LogOutputStream:77 - [STDOUT_REDIRECT] 
2025-04-18 11:32:16,176 [INFO] ProjectBuilder:5191 - Time for Generating toolchain IDE Files: 6215mS.
2025-04-18 11:32:16,177 [INFO] ProjectBuilder:3181 - Time for Copy CMSIS : 0mS.
2025-04-18 11:32:16,182 [INFO] ProjectBuilder:3181 - Time for Copy CMSIS : 1mS.
2025-04-18 11:32:18,428 [INFO] McuFinderGlobals:76 - Set McuFinderConnectedMode to true
2025-04-18 11:32:18,432 [INFO] ApiDb:448 - Save user favorites file C:\Users\danie/.stm32cubeide/favorites.mcus.txt: 0 item(s)
2025-04-18 11:32:18,433 [INFO] ApiDb:452 - User favorites MCUs=[]
2025-04-18 11:32:18,435 [INFO] ApiDb:448 - Save user favorites file C:\Users\danie/.stm32cubeide/favorites.boards.txt: 1 item(s)
2025-04-18 11:32:18,435 [INFO] ApiDb:452 - User favorites Boards=[NUCLEO-L053R8]
2025-04-18 11:34:53,210 [INFO] Gpio:277 - dependency for GPIO []
2025-04-18 11:36:16,572 [INFO] Gpio:277 - dependency for GPIO []
2025-04-18 11:36:21,649 [INFO] NvicIntPanel:101 - NVIC parent = com.st.microxplorer.plugins.ip.nvic.MultiNvicIntPanel[,0,0,450x79,layout=javax.swing.BoxLayout,alignmentX=0.0,alignmentY=0.0,border=,flags=9,maximumSize=,minimumSize=,preferredSize=]
2025-04-18 11:36:22,984 [INFO] NvicIntPanel:101 - NVIC parent = com.st.microxplorer.plugins.ip.nvic.MultiNvicIntPanel[,0,0,0x0,invalid,layout=javax.swing.BoxLayout,alignmentX=0.0,alignmentY=0.0,border=,flags=9,maximumSize=,minimumSize=,preferredSize=]
2025-04-18 11:36:32,522 [INFO] NvicIntPanel:101 - NVIC parent = com.st.microxplorer.plugins.ip.nvic.MultiNvicIntPanel[,0,0,0x0,invalid,layout=javax.swing.BoxLayout,alignmentX=0.0,alignmentY=0.0,border=,flags=9,maximumSize=,minimumSize=,preferredSize=]
2025-04-18 11:36:36,996 [INFO] NvicIntPanel:101 - NVIC parent = com.st.microxplorer.plugins.ip.nvic.MultiNvicIntPanel[,0,0,0x0,invalid,layout=javax.swing.BoxLayout,alignmentX=0.0,alignmentY=0.0,border=,flags=9,maximumSize=,minimumSize=,preferredSize=]
2025-04-18 11:39:15,553 [INFO] UtilMem:75 - End SaveConfig() Used Memory: 905614288 Bytes (1073741824)
2025-04-18 11:39:15,762 [INFO] UtilMem:75 - End SaveConfig() Used Memory: 947407912 Bytes (1073741824)
2025-04-18 11:39:18,406 [INFO] UtilMem:75 - End SaveConfig() Used Memory: 629156760 Bytes (1073741824)
2025-04-18 11:39:19,042 [INFO] BlockDiagram:2775 - set Specific Code input for plugin: ADC
2025-04-18 11:39:19,042 [INFO] BlockDiagram:2775 - set Specific Code input for plugin: NVIC
2025-04-18 11:39:19,042 [INFO] BlockDiagram:2775 - set Specific Code input for plugin: SYS
2025-04-18 11:39:19,042 [INFO] BlockDiagram:2775 - set Specific Code input for plugin: GPIO
2025-04-18 11:39:19,042 [INFO] BlockDiagram:2775 - set Specific Code input for plugin: RCC
2025-04-18 11:39:19,044 [INFO] CodeGenerator:882 - code generatio: config db path: C:\ST\STM32CubeIDE_1.18.0\STM32CubeIDE\plugins\com.st.stm32cube.common.mx_6.14.0.202502271554\\db\
2025-04-18 11:39:19,214 [INFO] CodeEngine:263 - oldGeneratedFile, C:\Users\danie\OneDrive\Desktop\microcontroladores\Microcontroladores\Projetos\Projeto Nivel Bolha ADC\MXTmpFiles\license.tmp_save
2025-04-18 11:39:19,555 [INFO] CodeEngine:287 - Generated code: C:\Users\danie\OneDrive\Desktop\microcontroladores\Microcontroladores\Projetos\Projeto Nivel Bolha ADC\MXTmpFiles\license.tmp
2025-04-18 11:39:19,843 [INFO] CodeEngine:263 - oldGeneratedFile, C:\Users\danie\OneDrive\Desktop\microcontroladores\Microcontroladores\Projetos\Projeto Nivel Bolha ADC\MXTmpFiles\gpio.tmp_save
2025-04-18 11:39:20,022 [INFO] CodeEngine:287 - Generated code: C:\Users\danie\OneDrive\Desktop\microcontroladores\Microcontroladores\Projetos\Projeto Nivel Bolha ADC\MXTmpFiles\gpio.tmp
2025-04-18 11:39:20,563 [INFO] CodeEngine:263 - oldGeneratedFile, C:\Users\danie\OneDrive\Desktop\microcontroladores\Microcontroladores\Projetos\Projeto Nivel Bolha ADC\Core\Src\stm32l0xx_it.c_save
2025-04-18 11:39:21,164 [INFO] CodeEngine:287 - Generated code: C:\Users\danie\OneDrive\Desktop\microcontroladores\Microcontroladores\Projetos\Projeto Nivel Bolha ADC\Core\Src\stm32l0xx_it.c
2025-04-18 11:39:21,175 [INFO] CodeEngine:263 - oldGeneratedFile, C:\Users\danie\OneDrive\Desktop\microcontroladores\Microcontroladores\Projetos\Projeto Nivel Bolha ADC\Core\Inc\stm32l0xx_it.h_save
2025-04-18 11:39:21,313 [INFO] CodeEngine:287 - Generated code: C:\Users\danie\OneDrive\Desktop\microcontroladores\Microcontroladores\Projetos\Projeto Nivel Bolha ADC\Core\Inc\stm32l0xx_it.h
2025-04-18 11:39:21,358 [INFO] CodeEngine:263 - oldGeneratedFile, C:\Users\danie\OneDrive\Desktop\microcontroladores\Microcontroladores\Projetos\Projeto Nivel Bolha ADC\Core\Src\stm32l0xx_hal_msp.c_save
2025-04-18 11:39:21,614 [INFO] CodeEngine:287 - Generated code: C:\Users\danie\OneDrive\Desktop\microcontroladores\Microcontroladores\Projetos\Projeto Nivel Bolha ADC\Core\Src\stm32l0xx_hal_msp.c
2025-04-18 11:39:21,623 [INFO] CodeEngine:263 - oldGeneratedFile, C:\Users\danie\OneDrive\Desktop\microcontroladores\Microcontroladores\Projetos\Projeto Nivel Bolha ADC\MXTmpFiles\system.tmp_save
2025-04-18 11:39:21,749 [INFO] CodeEngine:287 - Generated code: C:\Users\danie\OneDrive\Desktop\microcontroladores\Microcontroladores\Projetos\Projeto Nivel Bolha ADC\MXTmpFiles\system.tmp
2025-04-18 11:39:21,771 [INFO] CodeEngine:319 - oldGeneratedFile, C:\Users\danie\OneDrive\Desktop\microcontroladores\Microcontroladores\Projetos\Projeto Nivel Bolha ADC\Core\Inc\stm32l0xx_hal_conf.h_save
2025-04-18 11:39:21,912 [INFO] CodeEngine:343 - Generated code: C:\Users\danie\OneDrive\Desktop\microcontroladores\Microcontroladores\Projetos\Projeto Nivel Bolha ADC\Core\Inc\stm32l0xx_hal_conf.h
2025-04-18 11:39:21,978 [INFO] ApiDbMcu:508 - Load IP Config File for ADC
2025-04-18 11:39:22,020 [INFO] CodeEngine:263 - oldGeneratedFile, C:\Users\danie\OneDrive\Desktop\microcontroladores\Microcontroladores\Projetos\Projeto Nivel Bolha ADC\Core\Inc\main.h_save
2025-04-18 11:39:22,223 [INFO] CodeEngine:287 - Generated code: C:\Users\danie\OneDrive\Desktop\microcontroladores\Microcontroladores\Projetos\Projeto Nivel Bolha ADC\Core\Inc\main.h
2025-04-18 11:39:22,235 [INFO] CodeEngine:263 - oldGeneratedFile, C:\Users\danie\OneDrive\Desktop\microcontroladores\Microcontroladores\Projetos\Projeto Nivel Bolha ADC\Core\Src\main.c_save
2025-04-18 11:39:22,475 [INFO] CodeEngine:287 - Generated code: C:\Users\danie\OneDrive\Desktop\microcontroladores\Microcontroladores\Projetos\Projeto Nivel Bolha ADC\Core\Src\main.c
2025-04-18 11:39:22,985 [INFO] ProjectBuilder:3324 - Time for Copy HAL[1] : 207mS.
2025-04-18 11:39:22,990 [INFO] ProjectBuilder:4912 - Project Generator version: 4.6.0-B36
2025-04-18 11:39:23,114 [INFO] ConfigFileManager:1590 - The Die is : DIE417
2025-04-18 11:39:25,434 [INFO] ProjectBuilder:5191 - Time for Generating toolchain IDE Files: 2444mS.
2025-04-18 11:39:25,435 [INFO] ProjectBuilder:3181 - Time for Copy CMSIS : 0mS.
2025-04-18 11:39:25,439 [INFO] ProjectBuilder:3181 - Time for Copy CMSIS : 1mS.
2025-04-18 23:23:48,679 [ERROR] LogOutputStream:75 - [STDERR_REDIRECT] 
2025-04-18 23:23:48,715 [ERROR] LogOutputStream:75 - [STDERR_REDIRECT] 
