2025-05-02 00:12:40,587 [INFO] NvicIntPanel:101 - NVIC parent = com.st.microxplorer.plugins.ip.nvic.MultiNvicIntPanel[,0,0,0x0,invalid,layout=javax.swing.BoxLayout,alignmentX=0.0,alignmentY=0.0,border=,flags=9,maximumSize=,minimumSize=,preferredSize=]
2025-05-02 00:12:41,151 [INFO] UtilMem:75 - End SaveConfig() Used Memory: 990712272 Bytes (1073741824)
2025-05-02 00:12:41,293 [INFO] UtilMem:75 - End SaveConfig() Used Memory: 1006553432 Bytes (1073741824)
2025-05-02 00:12:42,626 [INFO] UtilMem:75 - End SaveConfig() Used Memory: 724469208 Bytes (1073741824)
2025-05-02 00:12:43,306 [INFO] BlockDiagram:2775 - set Specific Code input for plugin: ADC
2025-05-02 00:12:43,306 [INFO] BlockDiagram:2775 - set Specific Code input for plugin: NVIC
2025-05-02 00:12:43,309 [INFO] BlockDiagram:2775 - set Specific Code input for plugin: TIM1_8L0
2025-05-02 00:12:43,310 [INFO] BlockDiagram:2775 - set Specific Code input for plugin: SYS
2025-05-02 00:12:43,310 [INFO] BlockDiagram:2775 - set Specific Code input for plugin: GPIO
2025-05-02 00:12:43,310 [INFO] BlockDiagram:2775 - set Specific Code input for plugin: RCC
2025-05-02 00:12:43,311 [INFO] CodeGenerator:882 - code generatio: config db path: C:\ST\STM32CubeIDE_1.18.0\STM32CubeIDE\plugins\com.st.stm32cube.common.mx_6.14.0.202502271554\\db\
2025-05-02 00:12:43,527 [INFO] CodeEngine:263 - oldGeneratedFile, C:\Users\danie\OneDrive\Desktop\microcontroladores\Microcontroladores\Projetos\Projeto lembrete para prova\MXTmpFiles\license.tmp_save
2025-05-02 00:12:44,166 [INFO] CodeEngine:287 - Generated code: C:\Users\danie\OneDrive\Desktop\microcontroladores\Microcontroladores\Projetos\Projeto lembrete para prova\MXTmpFiles\license.tmp
2025-05-02 00:12:44,391 [INFO] CodeEngine:263 - oldGeneratedFile, C:\Users\danie\OneDrive\Desktop\microcontroladores\Microcontroladores\Projetos\Projeto lembrete para prova\MXTmpFiles\gpio.tmp_save
2025-05-02 00:12:44,726 [INFO] CodeEngine:287 - Generated code: C:\Users\danie\OneDrive\Desktop\microcontroladores\Microcontroladores\Projetos\Projeto lembrete para prova\MXTmpFiles\gpio.tmp
2025-05-02 00:12:45,219 [INFO] CodeEngine:263 - oldGeneratedFile, C:\Users\danie\OneDrive\Desktop\microcontroladores\Microcontroladores\Projetos\Projeto lembrete para prova\Core\Src\stm32l0xx_it.c_save
2025-05-02 00:12:45,656 [INFO] CodeEngine:287 - Generated code: C:\Users\danie\OneDrive\Desktop\microcontroladores\Microcontroladores\Projetos\Projeto lembrete para prova\Core\Src\stm32l0xx_it.c
2025-05-02 00:12:45,669 [INFO] CodeEngine:263 - oldGeneratedFile, C:\Users\danie\OneDrive\Desktop\microcontroladores\Microcontroladores\Projetos\Projeto lembrete para prova\Core\Inc\stm32l0xx_it.h_save
2025-05-02 00:12:45,839 [INFO] CodeEngine:287 - Generated code: C:\Users\danie\OneDrive\Desktop\microcontroladores\Microcontroladores\Projetos\Projeto lembrete para prova\Core\Inc\stm32l0xx_it.h
2025-05-02 00:12:45,857 [INFO] CodeEngine:263 - oldGeneratedFile, C:\Users\danie\OneDrive\Desktop\microcontroladores\Microcontroladores\Projetos\Projeto lembrete para prova\Core\Src\stm32l0xx_hal_msp.c_save
2025-05-02 00:12:46,100 [INFO] CodeEngine:287 - Generated code: C:\Users\danie\OneDrive\Desktop\microcontroladores\Microcontroladores\Projetos\Projeto lembrete para prova\Core\Src\stm32l0xx_hal_msp.c
2025-05-02 00:12:46,109 [INFO] CodeEngine:263 - oldGeneratedFile, C:\Users\danie\OneDrive\Desktop\microcontroladores\Microcontroladores\Projetos\Projeto lembrete para prova\MXTmpFiles\system.tmp_save
2025-05-02 00:12:46,243 [INFO] CodeEngine:287 - Generated code: C:\Users\danie\OneDrive\Desktop\microcontroladores\Microcontroladores\Projetos\Projeto lembrete para prova\MXTmpFiles\system.tmp
2025-05-02 00:12:46,259 [INFO] CodeEngine:319 - oldGeneratedFile, C:\Users\danie\OneDrive\Desktop\microcontroladores\Microcontroladores\Projetos\Projeto lembrete para prova\Core\Inc\stm32l0xx_hal_conf.h_save
2025-05-02 00:12:46,405 [INFO] CodeEngine:343 - Generated code: C:\Users\danie\OneDrive\Desktop\microcontroladores\Microcontroladores\Projetos\Projeto lembrete para prova\Core\Inc\stm32l0xx_hal_conf.h
2025-05-02 00:12:46,452 [WARN] IPConfigManager:3747 - IP not found : TIM
2025-05-02 00:12:46,453 [WARN] CodeGenerator:4198 - IP not found : null
2025-05-02 00:12:46,465 [INFO] CodeEngine:263 - oldGeneratedFile, C:\Users\danie\OneDrive\Desktop\microcontroladores\Microcontroladores\Projetos\Projeto lembrete para prova\Core\Inc\main.h_save
2025-05-02 00:12:46,674 [INFO] CodeEngine:287 - Generated code: C:\Users\danie\OneDrive\Desktop\microcontroladores\Microcontroladores\Projetos\Projeto lembrete para prova\Core\Inc\main.h
2025-05-02 00:12:46,684 [INFO] CodeEngine:263 - oldGeneratedFile, C:\Users\danie\OneDrive\Desktop\microcontroladores\Microcontroladores\Projetos\Projeto lembrete para prova\Core\Src\main.c_save
2025-05-02 00:12:46,928 [INFO] CodeEngine:287 - Generated code: C:\Users\danie\OneDrive\Desktop\microcontroladores\Microcontroladores\Projetos\Projeto lembrete para prova\Core\Src\main.c
2025-05-02 00:12:47,421 [INFO] ProjectBuilder:3324 - Time for Copy HAL[1] : 217mS.
2025-05-02 00:12:47,430 [INFO] ProjectBuilder:4912 - Project Generator version: 4.6.0-B36
2025-05-02 00:12:47,565 [INFO] ConfigFileManager:1590 - The Die is : DIE417
2025-05-02 00:12:49,893 [INFO] ProjectBuilder:5191 - Time for Generating toolchain IDE Files: 2463mS.
2025-05-02 00:12:49,894 [INFO] ProjectBuilder:3181 - Time for Copy CMSIS : 0mS.
2025-05-02 00:12:49,898 [INFO] ProjectBuilder:3181 - Time for Copy CMSIS : 0mS.
2025-05-02 00:13:42,770 [INFO] NvicIntPanel:101 - NVIC parent = com.st.microxplorer.plugins.ip.nvic.MultiNvicIntPanel[,0,0,0x0,invalid,layout=javax.swing.BoxLayout,alignmentX=0.0,alignmentY=0.0,border=,flags=9,maximumSize=,minimumSize=,preferredSize=]
2025-05-02 00:13:43,791 [INFO] UtilMem:75 - End SaveConfig() Used Memory: 753209400 Bytes (1073741824)
2025-05-02 00:13:43,894 [INFO] UtilMem:75 - End SaveConfig() Used Memory: 768927408 Bytes (1073741824)
2025-05-02 00:13:45,464 [INFO] UtilMem:75 - End SaveConfig() Used Memory: 808246960 Bytes (1073741824)
2025-05-02 00:13:45,899 [INFO] BlockDiagram:2775 - set Specific Code input for plugin: ADC
2025-05-02 00:13:45,900 [INFO] BlockDiagram:2775 - set Specific Code input for plugin: NVIC
2025-05-02 00:13:45,901 [INFO] BlockDiagram:2775 - set Specific Code input for plugin: TIM1_8L0
2025-05-02 00:13:45,901 [INFO] BlockDiagram:2775 - set Specific Code input for plugin: SYS
2025-05-02 00:13:45,901 [INFO] BlockDiagram:2775 - set Specific Code input for plugin: GPIO
2025-05-02 00:13:45,902 [INFO] BlockDiagram:2775 - set Specific Code input for plugin: RCC
2025-05-02 00:13:45,903 [INFO] CodeGenerator:882 - code generatio: config db path: C:\ST\STM32CubeIDE_1.18.0\STM32CubeIDE\plugins\com.st.stm32cube.common.mx_6.14.0.202502271554\\db\
2025-05-02 00:13:46,088 [INFO] CodeEngine:263 - oldGeneratedFile, C:\Users\danie\OneDrive\Desktop\microcontroladores\Microcontroladores\Projetos\Projeto lembrete para prova\MXTmpFiles\license.tmp_save
2025-05-02 00:13:46,236 [INFO] CodeEngine:287 - Generated code: C:\Users\danie\OneDrive\Desktop\microcontroladores\Microcontroladores\Projetos\Projeto lembrete para prova\MXTmpFiles\license.tmp
2025-05-02 00:13:46,314 [INFO] CodeEngine:263 - oldGeneratedFile, C:\Users\danie\OneDrive\Desktop\microcontroladores\Microcontroladores\Projetos\Projeto lembrete para prova\MXTmpFiles\gpio.tmp_save
2025-05-02 00:13:46,419 [INFO] CodeEngine:287 - Generated code: C:\Users\danie\OneDrive\Desktop\microcontroladores\Microcontroladores\Projetos\Projeto lembrete para prova\MXTmpFiles\gpio.tmp
2025-05-02 00:13:46,750 [INFO] CodeEngine:263 - oldGeneratedFile, C:\Users\danie\OneDrive\Desktop\microcontroladores\Microcontroladores\Projetos\Projeto lembrete para prova\Core\Src\stm32l0xx_it.c_save
2025-05-02 00:13:46,893 [INFO] CodeEngine:287 - Generated code: C:\Users\danie\OneDrive\Desktop\microcontroladores\Microcontroladores\Projetos\Projeto lembrete para prova\Core\Src\stm32l0xx_it.c
2025-05-02 00:13:46,901 [INFO] CodeEngine:263 - oldGeneratedFile, C:\Users\danie\OneDrive\Desktop\microcontroladores\Microcontroladores\Projetos\Projeto lembrete para prova\Core\Inc\stm32l0xx_it.h_save
2025-05-02 00:13:47,028 [INFO] CodeEngine:287 - Generated code: C:\Users\danie\OneDrive\Desktop\microcontroladores\Microcontroladores\Projetos\Projeto lembrete para prova\Core\Inc\stm32l0xx_it.h
2025-05-02 00:13:47,094 [INFO] CodeEngine:263 - oldGeneratedFile, C:\Users\danie\OneDrive\Desktop\microcontroladores\Microcontroladores\Projetos\Projeto lembrete para prova\Core\Src\stm32l0xx_hal_msp.c_save
2025-05-02 00:13:47,257 [INFO] CodeEngine:287 - Generated code: C:\Users\danie\OneDrive\Desktop\microcontroladores\Microcontroladores\Projetos\Projeto lembrete para prova\Core\Src\stm32l0xx_hal_msp.c
2025-05-02 00:13:47,266 [INFO] CodeEngine:263 - oldGeneratedFile, C:\Users\danie\OneDrive\Desktop\microcontroladores\Microcontroladores\Projetos\Projeto lembrete para prova\MXTmpFiles\system.tmp_save
2025-05-02 00:13:47,360 [INFO] CodeEngine:287 - Generated code: C:\Users\danie\OneDrive\Desktop\microcontroladores\Microcontroladores\Projetos\Projeto lembrete para prova\MXTmpFiles\system.tmp
2025-05-02 00:13:47,376 [INFO] CodeEngine:319 - oldGeneratedFile, C:\Users\danie\OneDrive\Desktop\microcontroladores\Microcontroladores\Projetos\Projeto lembrete para prova\Core\Inc\stm32l0xx_hal_conf.h_save
2025-05-02 00:13:47,467 [INFO] CodeEngine:343 - Generated code: C:\Users\danie\OneDrive\Desktop\microcontroladores\Microcontroladores\Projetos\Projeto lembrete para prova\Core\Inc\stm32l0xx_hal_conf.h
2025-05-02 00:13:47,495 [WARN] IPConfigManager:3747 - IP not found : TIM
2025-05-02 00:13:47,496 [WARN] CodeGenerator:4198 - IP not found : null
2025-05-02 00:13:47,506 [INFO] CodeEngine:263 - oldGeneratedFile, C:\Users\danie\OneDrive\Desktop\microcontroladores\Microcontroladores\Projetos\Projeto lembrete para prova\Core\Inc\main.h_save
2025-05-02 00:13:47,599 [INFO] CodeEngine:287 - Generated code: C:\Users\danie\OneDrive\Desktop\microcontroladores\Microcontroladores\Projetos\Projeto lembrete para prova\Core\Inc\main.h
2025-05-02 00:13:47,606 [INFO] CodeEngine:263 - oldGeneratedFile, C:\Users\danie\OneDrive\Desktop\microcontroladores\Microcontroladores\Projetos\Projeto lembrete para prova\Core\Src\main.c_save
2025-05-02 00:13:47,745 [INFO] CodeEngine:287 - Generated code: C:\Users\danie\OneDrive\Desktop\microcontroladores\Microcontroladores\Projetos\Projeto lembrete para prova\Core\Src\main.c
2025-05-02 00:13:48,196 [INFO] ProjectBuilder:3324 - Time for Copy HAL[1] : 177mS.
2025-05-02 00:13:48,200 [INFO] ProjectBuilder:4912 - Project Generator version: 4.6.0-B36
2025-05-02 00:13:48,309 [INFO] ConfigFileManager:1590 - The Die is : DIE417
2025-05-02 00:13:50,016 [INFO] ProjectBuilder:5191 - Time for Generating toolchain IDE Files: 1816mS.
2025-05-02 00:13:50,019 [INFO] ProjectBuilder:3181 - Time for Copy CMSIS : 3mS.
2025-05-02 00:13:50,030 [INFO] ProjectBuilder:3181 - Time for Copy CMSIS : 0mS.
